Using pre-set license
Built from '2022.1/release' branch; Version is '2022.1.21f1 (9ac1ff5ca45b) revision 10142207'; Using compiler version '192829333'; Build Type 'Release'
OS: 'Windows 11  (10.0.22621) 64bit Core' Language: 'en' Physical Memory: 32533 MB
BatchMode: 1, IsHumanControllingUs: 0, StartBugReporterOnCrash: 0, Is64bit: 1, IsPro: 1

COMMAND LINE ARGUMENTS:
C:\Program Files\Unity\Hub\Editor\2022.1.21f1\Editor\Unity.exe
-adb2
-batchMode
-noUpm
-name
AssetImportWorker7
-projectPath
C:/Users/AlexA/Documents/School/Unity/Mean One/Mean One
-logFile
Logs/AssetImportWorker7.log
-srvPort
60318
Successfully changed project path to: C:/Users/AlexA/Documents/School/Unity/Mean One/Mean One
C:/Users/AlexA/Documents/School/Unity/Mean One/Mean One
[UnityMemory] Configuration Parameters - Can be set up in boot.config
    "memorysetup-bucket-allocator-granularity=16"
    "memorysetup-bucket-allocator-bucket-count=8"
    "memorysetup-bucket-allocator-block-size=33554432"
    "memorysetup-bucket-allocator-block-count=8"
    "memorysetup-main-allocator-block-size=16777216"
    "memorysetup-thread-allocator-block-size=16777216"
    "memorysetup-gfx-main-allocator-block-size=16777216"
    "memorysetup-gfx-thread-allocator-block-size=16777216"
    "memorysetup-cache-allocator-block-size=4194304"
    "memorysetup-typetree-allocator-block-size=2097152"
    "memorysetup-profiler-bucket-allocator-granularity=16"
    "memorysetup-profiler-bucket-allocator-bucket-count=8"
    "memorysetup-profiler-bucket-allocator-block-size=33554432"
    "memorysetup-profiler-bucket-allocator-block-count=8"
    "memorysetup-profiler-allocator-block-size=16777216"
    "memorysetup-profiler-editor-allocator-block-size=1048576"
    "memorysetup-temp-allocator-size-main=16777216"
    "memorysetup-job-temp-allocator-block-size=2097152"
    "memorysetup-job-temp-allocator-block-size-background=1048576"
    "memorysetup-job-temp-allocator-reduction-small-platforms=262144"
    "memorysetup-temp-allocator-size-background-worker=32768"
    "memorysetup-temp-allocator-size-job-worker=262144"
    "memorysetup-temp-allocator-size-preload-manager=33554432"
    "memorysetup-temp-allocator-size-nav-mesh-worker=65536"
    "memorysetup-temp-allocator-size-audio-worker=65536"
    "memorysetup-temp-allocator-size-cloud-worker=32768"
    "memorysetup-temp-allocator-size-gi-baking-worker=262144"
    "memorysetup-temp-allocator-size-gfx=262144"
Refreshing native plugins compatible for Editor in 68.10 ms, found 2 plugins.
Preloading 0 native plugins for Editor in 0.00 ms.
Initialize engine version: 2022.1.21f1 (9ac1ff5ca45b)
[Subsystems] Discovering subsystems at path C:/Program Files/Unity/Hub/Editor/2022.1.21f1/Editor/Data/Resources/UnitySubsystems
[Subsystems] Discovering subsystems at path C:/Users/AlexA/Documents/School/Unity/Mean One/Mean One/Assets
GfxDevice: creating device client; threaded=0; jobified=0
Direct3D:
    Version:  Direct3D 11.0 [level 11.1]
    Renderer: NVIDIA GeForce RTX 3060 Laptop GPU (ID=0x2520)
    Vendor:   NVIDIA
    VRAM:     6009 MB
    Driver:   31.0.15.2849
Initialize mono
Mono path[0] = 'C:/Program Files/Unity/Hub/Editor/2022.1.21f1/Editor/Data/Managed'
Mono path[1] = 'C:/Program Files/Unity/Hub/Editor/2022.1.21f1/Editor/Data/MonoBleedingEdge/lib/mono/unityjit-win32'
Mono config path = 'C:/Program Files/Unity/Hub/Editor/2022.1.21f1/Editor/Data/MonoBleedingEdge/etc'
Using monoOptions --debugger-agent=transport=dt_socket,embedding=1,server=y,suspend=n,address=127.0.0.1:56832
Begin MonoManager ReloadAssembly
Registering precompiled unity dll's ...
Register platform support module: C:/Program Files/Unity/Hub/Editor/2022.1.21f1/Editor/Data/PlaybackEngines/WindowsStandaloneSupport/UnityEditor.WindowsStandalone.Extensions.dll
Registered in 0.007327 seconds.
Native extension for WindowsStandalone target not found
Refreshing native plugins compatible for Editor in 44.34 ms, found 2 plugins.
Preloading 0 native plugins for Editor in 0.00 ms.
Mono: successfully reloaded assembly
- Completed reload, in  0.680 seconds
Domain Reload Profiling:
	ReloadAssembly (680ms)
		BeginReloadAssembly (82ms)
			ExecutionOrderSort (0ms)
			DisableScriptedObjects (0ms)
			BackupInstance (0ms)
			ReleaseScriptingObjects (0ms)
			CreateAndSetChildDomain (1ms)
		EndReloadAssembly (474ms)
			LoadAssemblies (79ms)
			RebuildTransferFunctionScriptingTraits (0ms)
			SetupTypeCache (126ms)
				TypeCache.Initialize (125ms)
					TypeCache.ScanAssembly (124ms)
				ResolveRequiredComponents (0ms)
			ReleaseScriptCaches (0ms)
			RebuildScriptCaches (29ms)
			SetupLoadedEditorAssemblies (260ms)
				LogAssemblyErrors (0ms)
				InitializePlatformSupportModulesInManaged (8ms)
				SetLoadedEditorAssemblies (7ms)
				RefreshPlugins (44ms)
				BeforeProcessingInitializeOnLoad (1ms)
				ProcessInitializeOnLoadAttributes (147ms)
				ProcessInitializeOnLoadMethodAttributes (52ms)
				AfterProcessingInitializeOnLoad (0ms)
				EditorAssembliesLoaded (0ms)
			ExecutionOrderSort2 (0ms)
			AwakeInstancesAfterBackupRestoration (0ms)
Platform modules already initialized, skipping
Registering precompiled user dll's ...
Registered in 0.004261 seconds.
Begin MonoManager ReloadAssembly
Native extension for WindowsStandalone target not found
Refreshing native plugins compatible for Editor in 0.47 ms, found 2 plugins.
Preloading 0 native plugins for Editor in 0.00 ms.
Mono: successfully reloaded assembly
- Completed reload, in  1.045 seconds
Domain Reload Profiling:
	ReloadAssembly (1046ms)
		BeginReloadAssembly (123ms)
			ExecutionOrderSort (0ms)
			DisableScriptedObjects (6ms)
			BackupInstance (0ms)
			ReleaseScriptingObjects (0ms)
			CreateAndSetChildDomain (19ms)
		EndReloadAssembly (800ms)
			LoadAssemblies (79ms)
			RebuildTransferFunctionScriptingTraits (0ms)
			SetupTypeCache (198ms)
				TypeCache.Initialize (196ms)
					TypeCache.ScanAssembly (193ms)
				ResolveRequiredComponents (3ms)
			ReleaseScriptCaches (0ms)
			RebuildScriptCaches (44ms)
			SetupLoadedEditorAssemblies (425ms)
				LogAssemblyErrors (0ms)
				InitializePlatformSupportModulesInManaged (6ms)
				SetLoadedEditorAssemblies (6ms)
				RefreshPlugins (1ms)
				BeforeProcessingInitializeOnLoad (65ms)
				ProcessInitializeOnLoadAttributes (305ms)
				ProcessInitializeOnLoadMethodAttributes (33ms)
				AfterProcessingInitializeOnLoad (10ms)
				EditorAssembliesLoaded (0ms)
			ExecutionOrderSort2 (0ms)
			AwakeInstancesAfterBackupRestoration (10ms)
Platform modules already initialized, skipping
========================================================================
Worker process is ready to serve import requests
Launched and connected shader compiler UnityShaderCompiler.exe after 0.04 seconds
Refreshing native plugins compatible for Editor in 0.50 ms, found 2 plugins.
Preloading 0 native plugins for Editor in 0.00 ms.
Unloading 2088 Unused Serialized files (Serialized files now loaded: 0)
Unloading 21 unused Assets / (125.1 KB). Loaded Objects now: 2555.
Memory consumption went from 343.1 MB to 343.0 MB.
Total: 2.947700 ms (FindLiveObjects: 0.175600 ms CreateObjectMapping: 0.094300 ms MarkObjects: 2.554900 ms  DeleteObjects: 0.121700 ms)

AssetImportParameters requested are different than current active one (requested -> active):
  custom:video-decoder-ogg-theora: a1e56fd34408186e4bbccfd4996cb3dc -> 
  custom:container-muxer-webm: aa71ff27fc2769a1b78a27578f13a17b -> 
  custom:container-demuxer-webm: 4f35f7cbe854078d1ac9338744f61a02 -> 
  custom:video-encoder-webm-vp8: eb34c28f22e8b96e1ab97ce403110664 -> 
  custom:video-codec-MediaFoundation-h265: 746d11721c4dcdbdad8f713fa42b33f4 -> 
  custom:audio-encoder-webm-vorbis: bf7c407c2cedff20999df2af8eb42d56 -> 
  custom:framework-win-MediaFoundation: 216162199b28c13a410421893ffa2e32 -> 
  custom:container-demuxer-ogg: 62fdf1f143b41e24485cea50d1cbac27 -> 
  custom:video-decoder-webm-vp8: 9c59270c3fd7afecdb556c50c9e8de78 -> 
  custom:audio-decoder-ogg-vorbis: bf7c407c2cedff20999df2af8eb42d56 -> 
========================================================================
Received Import Request.
  Time since last request: 13359.884581 seconds.
  path: Assets/PandazoleHome/Prefabs/Walls/Prop_Wall_03.prefab
  artifactKey: Guid(405f2275f74c6124fbeb3fd4e4544cef) Importer(815301076,1909f56bfc062723c751e8b465ee728b)
Start importing Assets/PandazoleHome/Prefabs/Walls/Prop_Wall_03.prefab using Guid(405f2275f74c6124fbeb3fd4e4544cef) Importer(815301076,1909f56bfc062723c751e8b465ee728b)  -> (artifact id: '169fa7ce7e9025eaeefe205a9da6e6e8') in 0.145679 seconds 
========================================================================
Received Import Request.
  Time since last request: 0.000025 seconds.
  path: Assets/PandazoleHome/Prefabs/Walls/Prop_WallCornor_05.prefab
  artifactKey: Guid(5eba546099771304ea84970734249a58) Importer(815301076,1909f56bfc062723c751e8b465ee728b)
Start importing Assets/PandazoleHome/Prefabs/Walls/Prop_WallCornor_05.prefab using Guid(5eba546099771304ea84970734249a58) Importer(815301076,1909f56bfc062723c751e8b465ee728b)  -> (artifact id: 'ef2975bc4b82926e56c9db914eb91e33') in 0.022138 seconds 
========================================================================
Received Import Request.
  Time since last request: 113.572131 seconds.
  path: Assets/Scenes/Wood.mat
  artifactKey: Guid(4cfe7f3d179dd5b42b8e7b6ac3819668) Importer(815301076,1909f56bfc062723c751e8b465ee728b)
Start importing Assets/Scenes/Wood.mat using Guid(4cfe7f3d179dd5b42b8e7b6ac3819668) Importer(815301076,1909f56bfc062723c751e8b465ee728b)  -> (artifact id: '2b811426357ad0cd0a9f427e2fa93195') in 0.046456 seconds 
========================================================================
Received Import Request.
  Time since last request: 70.197553 seconds.
  path: Assets/01_AssetStore/DoorPackFree/Prefab/DoorV2.prefab
  artifactKey: Guid(43eee9f9554092940955b82111321ef9) Importer(815301076,1909f56bfc062723c751e8b465ee728b)
Start importing Assets/01_AssetStore/DoorPackFree/Prefab/DoorV2.prefab using Guid(43eee9f9554092940955b82111321ef9) Importer(815301076,1909f56bfc062723c751e8b465ee728b)  -> (artifact id: 'def62084fb925b3d0830033a2857ed2e') in 0.285541 seconds 
========================================================================
Received Import Request.
  Time since last request: 0.000026 seconds.
  path: Assets/01_AssetStore/DoorPackFree/Prefab/DoorV4.prefab
  artifactKey: Guid(cb60040219dadd549961b794ea48a5a6) Importer(815301076,1909f56bfc062723c751e8b465ee728b)
Start importing Assets/01_AssetStore/DoorPackFree/Prefab/DoorV4.prefab using Guid(cb60040219dadd549961b794ea48a5a6) Importer(815301076,1909f56bfc062723c751e8b465ee728b)  -> (artifact id: 'b75e36ddc2c53b011734c7c3c73e86a3') in 0.247285 seconds 
========================================================================
Received Import Request.
  Time since last request: 0.000029 seconds.
  path: Assets/01_AssetStore/DoorPackFree/Prefab/DoorV7.prefab
  artifactKey: Guid(278941cfba0a8a14cb8571113f4c93d7) Importer(815301076,1909f56bfc062723c751e8b465ee728b)
Start importing Assets/01_AssetStore/DoorPackFree/Prefab/DoorV7.prefab using Guid(278941cfba0a8a14cb8571113f4c93d7) Importer(815301076,1909f56bfc062723c751e8b465ee728b)  -> (artifact id: 'b016bfe8a67ac5db8e8a465bb320ef8e') in 0.023525 seconds 
========================================================================
Received Import Request.
  Time since last request: 0.000024 seconds.
  path: Assets/01_AssetStore/DoorPackFree/Prefab/Video intercomV1.prefab
  artifactKey: Guid(98859ffeeab916344bce9e52e502eac9) Importer(815301076,1909f56bfc062723c751e8b465ee728b)
Start importing Assets/01_AssetStore/DoorPackFree/Prefab/Video intercomV1.prefab using Guid(98859ffeeab916344bce9e52e502eac9) Importer(815301076,1909f56bfc062723c751e8b465ee728b)  -> (artifact id: '60e936b42d4eedce997585d2ed48be4b') in 0.024969 seconds 
========================================================================
Received Import Request.
  Time since last request: 8.598925 seconds.
  path: Assets/01_AssetStore/DoorPackFree/Scenes/FloorAO.png
  artifactKey: Guid(4a8770c8fe9a3f64d94ce3bc9d1817e8) Importer(815301076,1909f56bfc062723c751e8b465ee728b)
Start importing Assets/01_AssetStore/DoorPackFree/Scenes/FloorAO.png using Guid(4a8770c8fe9a3f64d94ce3bc9d1817e8) Importer(815301076,1909f56bfc062723c751e8b465ee728b)  -> (artifact id: 'c98234567f367775372da892e5bf2f40') in 0.034598 seconds 
========================================================================
Received Import Request.
  Time since last request: 0.000024 seconds.
  path: Assets/01_AssetStore/DoorPackFree/Scenes/Light.mat
  artifactKey: Guid(7bb4d41d8be498b418e107b9fcd42bd3) Importer(815301076,1909f56bfc062723c751e8b465ee728b)
Start importing Assets/01_AssetStore/DoorPackFree/Scenes/Light.mat using Guid(7bb4d41d8be498b418e107b9fcd42bd3) Importer(815301076,1909f56bfc062723c751e8b465ee728b)  -> (artifact id: '964e36f107b2bbe8a4455fa3f6d9b37e') in 0.016863 seconds 
========================================================================
Received Import Request.
  Time since last request: 42.686012 seconds.
  path: Assets/01_AssetStore/DoorPackFree/Meshes/Door001/Materials/V2.mat
  artifactKey: Guid(8bf0befb68296734682237e45c19dba2) Importer(815301076,1909f56bfc062723c751e8b465ee728b)
Start importing Assets/01_AssetStore/DoorPackFree/Meshes/Door001/Materials/V2.mat using Guid(8bf0befb68296734682237e45c19dba2) Importer(815301076,1909f56bfc062723c751e8b465ee728b)  -> (artifact id: 'f5c5303676dc4ed49ec0478d3fb19073') in 0.024502 seconds 
========================================================================
Received Import Request.
  Time since last request: 0.000020 seconds.
  path: Assets/01_AssetStore/DoorPackFree/Meshes/Door001/Materials/V6.mat
  artifactKey: Guid(0b7dd8513656d9c4fa0cbe919fb9fa8d) Importer(815301076,1909f56bfc062723c751e8b465ee728b)
Start importing Assets/01_AssetStore/DoorPackFree/Meshes/Door001/Materials/V6.mat using Guid(0b7dd8513656d9c4fa0cbe919fb9fa8d) Importer(815301076,1909f56bfc062723c751e8b465ee728b)  -> (artifact id: 'cfeb9aca91191e97c3aff886ff06e118') in 0.029193 seconds 
========================================================================
Received Import Request.
  Time since last request: 0.000025 seconds.
  path: Assets/01_AssetStore/DoorPackFree/Meshes/Door001/Materials/V4.mat
  artifactKey: Guid(c2d8aea817ff67d4292424d139872f20) Importer(815301076,1909f56bfc062723c751e8b465ee728b)
Start importing Assets/01_AssetStore/DoorPackFree/Meshes/Door001/Materials/V4.mat using Guid(c2d8aea817ff67d4292424d139872f20) Importer(815301076,1909f56bfc062723c751e8b465ee728b)  -> (artifact id: 'f19d718701be7b910a17eca14edefab9') in 0.025789 seconds 
========================================================================
Received Import Request.
  Time since last request: 22.337252 seconds.
  path: Assets/PandazoleHome/Models/Prop_Bed_10.fbx
  artifactKey: Guid(581cbe99f097eda409809a78233c4306) Importer(815301076,1909f56bfc062723c751e8b465ee728b)
Start importing Assets/PandazoleHome/Models/Prop_Bed_10.fbx using Guid(581cbe99f097eda409809a78233c4306) Importer(815301076,1909f56bfc062723c751e8b465ee728b)  -> (artifact id: '6f7b10b031e040dac72072d23321a043') in 0.055673 seconds 
========================================================================
Received Import Request.
  Time since last request: 0.000018 seconds.
  path: Assets/PandazoleHome/Models/Prop_Brush_01.fbx
  artifactKey: Guid(89921835a0e00044a95dcc0e3a2901f0) Importer(815301076,1909f56bfc062723c751e8b465ee728b)
Start importing Assets/PandazoleHome/Models/Prop_Brush_01.fbx using Guid(89921835a0e00044a95dcc0e3a2901f0) Importer(815301076,1909f56bfc062723c751e8b465ee728b)  -> (artifact id: '297e7bb32fed9de0b90bbb16c9b9243c') in 0.061646 seconds 
========================================================================
Received Import Request.
  Time since last request: 0.000032 seconds.
  path: Assets/PandazoleHome/Models/Prop_Carpet_04.fbx
  artifactKey: Guid(ccf240403d715b54c8a48cf39a1317e8) Importer(815301076,1909f56bfc062723c751e8b465ee728b)
Start importing Assets/PandazoleHome/Models/Prop_Carpet_04.fbx using Guid(ccf240403d715b54c8a48cf39a1317e8) Importer(815301076,1909f56bfc062723c751e8b465ee728b)  -> (artifact id: 'e0a8c2fa477239b430c7a74a64c1042d') in 0.030950 seconds 
========================================================================
Received Import Request.
  Time since last request: 0.000028 seconds.
  path: Assets/PandazoleHome/Models/Prop_Book_03.fbx
  artifactKey: Guid(951d7c12ee70bdc4aa27720f5c6fb523) Importer(815301076,1909f56bfc062723c751e8b465ee728b)
Start importing Assets/PandazoleHome/Models/Prop_Book_03.fbx using Guid(951d7c12ee70bdc4aa27720f5c6fb523) Importer(815301076,1909f56bfc062723c751e8b465ee728b)  -> (artifact id: 'c1bd42264da83cd8b004ca1b514ae165') in 0.044087 seconds 
========================================================================
Received Import Request.
  Time since last request: 0.000032 seconds.
  path: Assets/PandazoleHome/Models/Prop_Chair_01.fbx
  artifactKey: Guid(4b2bc00282969be4489cb8a5a2394b00) Importer(815301076,1909f56bfc062723c751e8b465ee728b)
Start importing Assets/PandazoleHome/Models/Prop_Chair_01.fbx using Guid(4b2bc00282969be4489cb8a5a2394b00) Importer(815301076,1909f56bfc062723c751e8b465ee728b)  -> (artifact id: 'b7ff40755e1998a7386dfa4247f57e50') in 0.020351 seconds 
========================================================================
Received Import Request.
  Time since last request: 0.000032 seconds.
  path: Assets/PandazoleHome/Models/Prop_Desk_03.fbx
  artifactKey: Guid(51cb3741572c74e478a2c4099ab2e18e) Importer(815301076,1909f56bfc062723c751e8b465ee728b)
Start importing Assets/PandazoleHome/Models/Prop_Desk_03.fbx using Guid(51cb3741572c74e478a2c4099ab2e18e) Importer(815301076,1909f56bfc062723c751e8b465ee728b)  -> (artifact id: '66c6a3ef08323a05c4346c0ce26e7219') in 0.017353 seconds 
========================================================================
Received Import Request.
  Time since last request: 0.000023 seconds.
  path: Assets/PandazoleHome/Models/Prop_Chair_02.fbx
  artifactKey: Guid(c4bfeae588063e04ea321e50e54ab2a8) Importer(815301076,1909f56bfc062723c751e8b465ee728b)
Start importing Assets/PandazoleHome/Models/Prop_Chair_02.fbx using Guid(c4bfeae588063e04ea321e50e54ab2a8) Importer(815301076,1909f56bfc062723c751e8b465ee728b)  -> (artifact id: '78fdb578d23e4e19d54eef81b1884f12') in 0.016015 seconds 
========================================================================
Received Import Request.
  Time since last request: 0.000021 seconds.
  path: Assets/PandazoleHome/Models/Prop_Carpet_06.fbx
  artifactKey: Guid(d481b42dd7f4feb4295c189c49e7c52a) Importer(815301076,1909f56bfc062723c751e8b465ee728b)
Start importing Assets/PandazoleHome/Models/Prop_Carpet_06.fbx using Guid(d481b42dd7f4feb4295c189c49e7c52a) Importer(815301076,1909f56bfc062723c751e8b465ee728b)  -> (artifact id: 'a1c4e8c242eb4351e90de55f98f4e76f') in 0.015290 seconds 
========================================================================
Received Import Request.
  Time since last request: 0.000017 seconds.
  path: Assets/PandazoleHome/Models/Prop_Cabinet_05.fbx
  artifactKey: Guid(2c0f2ea4fcd78f741b4a51339b11a87b) Importer(815301076,1909f56bfc062723c751e8b465ee728b)
Start importing Assets/PandazoleHome/Models/Prop_Cabinet_05.fbx using Guid(2c0f2ea4fcd78f741b4a51339b11a87b) Importer(815301076,1909f56bfc062723c751e8b465ee728b)  -> (artifact id: '1dc802c21b88998573c737f52a8c4885') in 0.016611 seconds 
========================================================================
Received Import Request.
  Time since last request: 0.000017 seconds.
  path: Assets/PandazoleHome/Models/Prop_Desk_02.fbx
  artifactKey: Guid(1bdb2c12b4cf77b4b94363be7769611b) Importer(815301076,1909f56bfc062723c751e8b465ee728b)
Start importing Assets/PandazoleHome/Models/Prop_Desk_02.fbx using Guid(1bdb2c12b4cf77b4b94363be7769611b) Importer(815301076,1909f56bfc062723c751e8b465ee728b)  -> (artifact id: '4f8b3ad9ca693c9c0fd89c4243e628a3') in 0.015795 seconds 
========================================================================
Received Import Request.
  Time since last request: 0.000017 seconds.
  path: Assets/PandazoleHome/Models/Prop_BuildingBlockToy_05.fbx
  artifactKey: Guid(b1ba18451df65c6409dc35191b60fa40) Importer(815301076,1909f56bfc062723c751e8b465ee728b)
Start importing Assets/PandazoleHome/Models/Prop_BuildingBlockToy_05.fbx using Guid(b1ba18451df65c6409dc35191b60fa40) Importer(815301076,1909f56bfc062723c751e8b465ee728b)  -> (artifact id: '01cc2fad84a7b4363ef8347455aad51c') in 0.018019 seconds 
========================================================================
Received Import Request.
  Time since last request: 0.000025 seconds.
  path: Assets/PandazoleHome/Models/Prop_Brush_02.fbx
  artifactKey: Guid(58b1f29d7675a2548915ea2a70ede5f4) Importer(815301076,1909f56bfc062723c751e8b465ee728b)
Start importing Assets/PandazoleHome/Models/Prop_Brush_02.fbx using Guid(58b1f29d7675a2548915ea2a70ede5f4) Importer(815301076,1909f56bfc062723c751e8b465ee728b)  -> (artifact id: '72490e728a2db246b79349328b0eeda3') in 0.017574 seconds 
========================================================================
Received Import Request.
  Time since last request: 0.000031 seconds.
  path: Assets/PandazoleHome/Models/Prop_BuildingBlockToy_03.fbx
  artifactKey: Guid(aeb1a1cfc98f969438073b9c1a29f460) Importer(815301076,1909f56bfc062723c751e8b465ee728b)
Start importing Assets/PandazoleHome/Models/Prop_BuildingBlockToy_03.fbx using Guid(aeb1a1cfc98f969438073b9c1a29f460) Importer(815301076,1909f56bfc062723c751e8b465ee728b)  -> (artifact id: '04737ab1b46776708f9d4a3d0b05e7c2') in 0.016296 seconds 
========================================================================
Received Import Request.
  Time since last request: 0.000031 seconds.
  path: Assets/PandazoleHome/Models/Prop_Cabinet_01.fbx
  artifactKey: Guid(04c0c51832260404bbe37631e1d89629) Importer(815301076,1909f56bfc062723c751e8b465ee728b)
Start importing Assets/PandazoleHome/Models/Prop_Cabinet_01.fbx using Guid(04c0c51832260404bbe37631e1d89629) Importer(815301076,1909f56bfc062723c751e8b465ee728b)  -> (artifact id: '080001af44344e330f272e70990136fe') in 0.018976 seconds 
========================================================================
Received Import Request.
  Time since last request: 0.000019 seconds.
  path: Assets/PandazoleHome/Models/Prop_Carpet_02.fbx
  artifactKey: Guid(cf836bd7d903a164ba7ec95b70439610) Importer(815301076,1909f56bfc062723c751e8b465ee728b)
Start importing Assets/PandazoleHome/Models/Prop_Carpet_02.fbx using Guid(cf836bd7d903a164ba7ec95b70439610) Importer(815301076,1909f56bfc062723c751e8b465ee728b)  -> (artifact id: 'f0c00eef68f91854511f45ca3dadb9e4') in 0.015442 seconds 
========================================================================
Received Import Request.
  Time since last request: 0.000024 seconds.
  path: Assets/PandazoleHome/Models/Prop_Carpet_05.fbx
  artifactKey: Guid(a730739d015b2da4b9f2b65d5bc4266b) Importer(815301076,1909f56bfc062723c751e8b465ee728b)
Start importing Assets/PandazoleHome/Models/Prop_Carpet_05.fbx using Guid(a730739d015b2da4b9f2b65d5bc4266b) Importer(815301076,1909f56bfc062723c751e8b465ee728b)  -> (artifact id: 'f6fc4a62bbe8b7665023367ef780af29') in 0.016261 seconds 
========================================================================
Received Import Request.
  Time since last request: 0.000025 seconds.
  path: Assets/PandazoleHome/Models/Prop_Cabinet_02.fbx
  artifactKey: Guid(1e9c3b0309312034d9e4b3111ecdc37b) Importer(815301076,1909f56bfc062723c751e8b465ee728b)
Start importing Assets/PandazoleHome/Models/Prop_Cabinet_02.fbx using Guid(1e9c3b0309312034d9e4b3111ecdc37b) Importer(815301076,1909f56bfc062723c751e8b465ee728b)  -> (artifact id: '89c45dcda1fecfbe46bb3711b90e4c87') in 0.017464 seconds 
========================================================================
Received Import Request.
  Time since last request: 0.000024 seconds.
  path: Assets/PandazoleHome/Models/Prop_Carpet_07.fbx
  artifactKey: Guid(312bc264dd5603a4f95c121297c859d7) Importer(815301076,1909f56bfc062723c751e8b465ee728b)
Start importing Assets/PandazoleHome/Models/Prop_Carpet_07.fbx using Guid(312bc264dd5603a4f95c121297c859d7) Importer(815301076,1909f56bfc062723c751e8b465ee728b)  -> (artifact id: '5e4d112880be62e74a8e7cce46e1211b') in 0.016097 seconds 
Editor requested this worker to shutdown with reason: Scaling down because of idle timeout
AssetImportWorker is now disconnected from the server
Process exiting
Exiting without the bug reporter. Application will terminate with return code 0