Using pre-set license
Built from '2022.1/release' branch; Version is '2022.1.21f1 (9ac1ff5ca45b) revision 10142207'; Using compiler version '192829333'; Build Type 'Release'
OS: 'Windows 11  (10.0.22621) 64bit Core' Language: 'en' Physical Memory: 32533 MB
BatchMode: 1, IsHumanControllingUs: 0, StartBugReporterOnCrash: 0, Is64bit: 1, IsPro: 1

COMMAND LINE ARGUMENTS:
C:\Program Files\Unity\Hub\Editor\2022.1.21f1\Editor\Unity.exe
-adb2
-batchMode
-noUpm
-name
AssetImportWorker2
-projectPath
C:/Users/AlexA/Documents/School/Unity/Mean One/Mean One
-logFile
Logs/AssetImportWorker2.log
-srvPort
60318
Successfully changed project path to: C:/Users/AlexA/Documents/School/Unity/Mean One/Mean One
C:/Users/AlexA/Documents/School/Unity/Mean One/Mean One
[UnityMemory] Configuration Parameters - Can be set up in boot.config
    "memorysetup-bucket-allocator-granularity=16"
    "memorysetup-bucket-allocator-bucket-count=8"
    "memorysetup-bucket-allocator-block-size=33554432"
    "memorysetup-bucket-allocator-block-count=8"
    "memorysetup-main-allocator-block-size=16777216"
    "memorysetup-thread-allocator-block-size=16777216"
    "memorysetup-gfx-main-allocator-block-size=16777216"
    "memorysetup-gfx-thread-allocator-block-size=16777216"
    "memorysetup-cache-allocator-block-size=4194304"
    "memorysetup-typetree-allocator-block-size=2097152"
    "memorysetup-profiler-bucket-allocator-granularity=16"
    "memorysetup-profiler-bucket-allocator-bucket-count=8"
    "memorysetup-profiler-bucket-allocator-block-size=33554432"
    "memorysetup-profiler-bucket-allocator-block-count=8"
    "memorysetup-profiler-allocator-block-size=16777216"
    "memorysetup-profiler-editor-allocator-block-size=1048576"
    "memorysetup-temp-allocator-size-main=16777216"
    "memorysetup-job-temp-allocator-block-size=2097152"
    "memorysetup-job-temp-allocator-block-size-background=1048576"
    "memorysetup-job-temp-allocator-reduction-small-platforms=262144"
    "memorysetup-temp-allocator-size-background-worker=32768"
    "memorysetup-temp-allocator-size-job-worker=262144"
    "memorysetup-temp-allocator-size-preload-manager=33554432"
    "memorysetup-temp-allocator-size-nav-mesh-worker=65536"
    "memorysetup-temp-allocator-size-audio-worker=65536"
    "memorysetup-temp-allocator-size-cloud-worker=32768"
    "memorysetup-temp-allocator-size-gi-baking-worker=262144"
    "memorysetup-temp-allocator-size-gfx=262144"
Refreshing native plugins compatible for Editor in 60.66 ms, found 2 plugins.
Preloading 0 native plugins for Editor in 0.00 ms.
Initialize engine version: 2022.1.21f1 (9ac1ff5ca45b)
[Subsystems] Discovering subsystems at path C:/Program Files/Unity/Hub/Editor/2022.1.21f1/Editor/Data/Resources/UnitySubsystems
[Subsystems] Discovering subsystems at path C:/Users/AlexA/Documents/School/Unity/Mean One/Mean One/Assets
GfxDevice: creating device client; threaded=0; jobified=0
Direct3D:
    Version:  Direct3D 11.0 [level 11.1]
    Renderer: NVIDIA GeForce RTX 3060 Laptop GPU (ID=0x2520)
    Vendor:   NVIDIA
    VRAM:     6009 MB
    Driver:   31.0.15.2849
Initialize mono
Mono path[0] = 'C:/Program Files/Unity/Hub/Editor/2022.1.21f1/Editor/Data/Managed'
Mono path[1] = 'C:/Program Files/Unity/Hub/Editor/2022.1.21f1/Editor/Data/MonoBleedingEdge/lib/mono/unityjit-win32'
Mono config path = 'C:/Program Files/Unity/Hub/Editor/2022.1.21f1/Editor/Data/MonoBleedingEdge/etc'
Using monoOptions --debugger-agent=transport=dt_socket,embedding=1,server=y,suspend=n,address=127.0.0.1:56808
Begin MonoManager ReloadAssembly
Registering precompiled unity dll's ...
Register platform support module: C:/Program Files/Unity/Hub/Editor/2022.1.21f1/Editor/Data/PlaybackEngines/WindowsStandaloneSupport/UnityEditor.WindowsStandalone.Extensions.dll
Registered in 0.010660 seconds.
Native extension for WindowsStandalone target not found
Refreshing native plugins compatible for Editor in 51.26 ms, found 2 plugins.
Preloading 0 native plugins for Editor in 0.00 ms.
Mono: successfully reloaded assembly
- Completed reload, in  0.953 seconds
Domain Reload Profiling:
	ReloadAssembly (954ms)
		BeginReloadAssembly (130ms)
			ExecutionOrderSort (0ms)
			DisableScriptedObjects (0ms)
			BackupInstance (0ms)
			ReleaseScriptingObjects (0ms)
			CreateAndSetChildDomain (1ms)
		EndReloadAssembly (628ms)
			LoadAssemblies (127ms)
			RebuildTransferFunctionScriptingTraits (0ms)
			SetupTypeCache (211ms)
				TypeCache.Initialize (211ms)
					TypeCache.ScanAssembly (209ms)
				ResolveRequiredComponents (1ms)
			ReleaseScriptCaches (0ms)
			RebuildScriptCaches (35ms)
			SetupLoadedEditorAssemblies (296ms)
				LogAssemblyErrors (0ms)
				InitializePlatformSupportModulesInManaged (10ms)
				SetLoadedEditorAssemblies (8ms)
				RefreshPlugins (51ms)
				BeforeProcessingInitializeOnLoad (2ms)
				ProcessInitializeOnLoadAttributes (169ms)
				ProcessInitializeOnLoadMethodAttributes (57ms)
				AfterProcessingInitializeOnLoad (0ms)
				EditorAssembliesLoaded (0ms)
			ExecutionOrderSort2 (0ms)
			AwakeInstancesAfterBackupRestoration (0ms)
Platform modules already initialized, skipping
Registering precompiled user dll's ...
Registered in 0.004415 seconds.
Begin MonoManager ReloadAssembly
Native extension for WindowsStandalone target not found
Refreshing native plugins compatible for Editor in 0.50 ms, found 2 plugins.
Preloading 0 native plugins for Editor in 0.00 ms.
Mono: successfully reloaded assembly
- Completed reload, in  1.029 seconds
Domain Reload Profiling:
	ReloadAssembly (1030ms)
		BeginReloadAssembly (135ms)
			ExecutionOrderSort (0ms)
			DisableScriptedObjects (6ms)
			BackupInstance (0ms)
			ReleaseScriptingObjects (0ms)
			CreateAndSetChildDomain (22ms)
		EndReloadAssembly (756ms)
			LoadAssemblies (86ms)
			RebuildTransferFunctionScriptingTraits (0ms)
			SetupTypeCache (228ms)
				TypeCache.Initialize (225ms)
					TypeCache.ScanAssembly (222ms)
				ResolveRequiredComponents (3ms)
			ReleaseScriptCaches (0ms)
			RebuildScriptCaches (51ms)
			SetupLoadedEditorAssemblies (342ms)
				LogAssemblyErrors (0ms)
				InitializePlatformSupportModulesInManaged (6ms)
				SetLoadedEditorAssemblies (6ms)
				RefreshPlugins (1ms)
				BeforeProcessingInitializeOnLoad (62ms)
				ProcessInitializeOnLoadAttributes (230ms)
				ProcessInitializeOnLoadMethodAttributes (29ms)
				AfterProcessingInitializeOnLoad (8ms)
				EditorAssembliesLoaded (0ms)
			ExecutionOrderSort2 (0ms)
			AwakeInstancesAfterBackupRestoration (8ms)
Platform modules already initialized, skipping
========================================================================
Worker process is ready to serve import requests
Launched and connected shader compiler UnityShaderCompiler.exe after 0.04 seconds
Refreshing native plugins compatible for Editor in 0.85 ms, found 2 plugins.
Preloading 0 native plugins for Editor in 0.00 ms.
Unloading 2088 Unused Serialized files (Serialized files now loaded: 0)
Unloading 21 unused Assets / (125.1 KB). Loaded Objects now: 2555.
Memory consumption went from 343.1 MB to 343.0 MB.
Total: 4.285400 ms (FindLiveObjects: 0.211800 ms CreateObjectMapping: 0.117200 ms MarkObjects: 3.799000 ms  DeleteObjects: 0.156200 ms)

AssetImportParameters requested are different than current active one (requested -> active):
  custom:video-decoder-ogg-theora: a1e56fd34408186e4bbccfd4996cb3dc -> 
  custom:container-muxer-webm: aa71ff27fc2769a1b78a27578f13a17b -> 
  custom:container-demuxer-webm: 4f35f7cbe854078d1ac9338744f61a02 -> 
  custom:video-encoder-webm-vp8: eb34c28f22e8b96e1ab97ce403110664 -> 
  custom:video-codec-MediaFoundation-h265: 746d11721c4dcdbdad8f713fa42b33f4 -> 
  custom:audio-encoder-webm-vorbis: bf7c407c2cedff20999df2af8eb42d56 -> 
  custom:framework-win-MediaFoundation: 216162199b28c13a410421893ffa2e32 -> 
  custom:container-demuxer-ogg: 62fdf1f143b41e24485cea50d1cbac27 -> 
  custom:video-decoder-webm-vp8: 9c59270c3fd7afecdb556c50c9e8de78 -> 
  custom:audio-decoder-ogg-vorbis: bf7c407c2cedff20999df2af8eb42d56 -> 
========================================================================
Received Import Request.
  Time since last request: 9014.873187 seconds.
  path: Assets/PandazoleHome/Prefabs
  artifactKey: Guid(a2ff1aa2c7d66534ba23a3daf4f73f66) Importer(815301076,1909f56bfc062723c751e8b465ee728b)
Start importing Assets/PandazoleHome/Prefabs using Guid(a2ff1aa2c7d66534ba23a3daf4f73f66) Importer(815301076,1909f56bfc062723c751e8b465ee728b)  -> (artifact id: 'f2ce524c838446ac1d0a3bcbafb7d330') in 0.002700 seconds 
========================================================================
Received Import Request.
  Time since last request: 0.044182 seconds.
  path: Assets/PandazoleHome/Prefabs/Prop_AC.prefab
  artifactKey: Guid(f76b38a89acf9134ea391ff11d86fe8e) Importer(815301076,1909f56bfc062723c751e8b465ee728b)
Start importing Assets/PandazoleHome/Prefabs/Prop_AC.prefab using Guid(f76b38a89acf9134ea391ff11d86fe8e) Importer(815301076,1909f56bfc062723c751e8b465ee728b)  -> (artifact id: '68949b5e6edd4d5d437068dfc2a055ef') in 0.152755 seconds 
========================================================================
Received Import Request.
  Time since last request: 0.000021 seconds.
  path: Assets/PandazoleHome/Prefabs/Prop_Brush_02.prefab
  artifactKey: Guid(c51bd935e4212404096fbc7958faee4a) Importer(815301076,1909f56bfc062723c751e8b465ee728b)
Start importing Assets/PandazoleHome/Prefabs/Prop_Brush_02.prefab using Guid(c51bd935e4212404096fbc7958faee4a) Importer(815301076,1909f56bfc062723c751e8b465ee728b)  -> (artifact id: '6978b2ecd7727885176958d427068e0f') in 0.018136 seconds 
========================================================================
Received Import Request.
  Time since last request: 0.000037 seconds.
  path: Assets/PandazoleHome/Prefabs/Prop_KidsChair.prefab
  artifactKey: Guid(bdd4b959ccae63c4eb04f340d0e91d5f) Importer(815301076,1909f56bfc062723c751e8b465ee728b)
Start importing Assets/PandazoleHome/Prefabs/Prop_KidsChair.prefab using Guid(bdd4b959ccae63c4eb04f340d0e91d5f) Importer(815301076,1909f56bfc062723c751e8b465ee728b)  -> (artifact id: '68319dc3a07182929ce8c0ae422de140') in 0.017882 seconds 
========================================================================
Received Import Request.
  Time since last request: 0.000022 seconds.
  path: Assets/PandazoleHome/Prefabs/Prop_BuildingBlockToy_02.prefab
  artifactKey: Guid(2d915f7561753534ab37d9a11bfd61ef) Importer(815301076,1909f56bfc062723c751e8b465ee728b)
Start importing Assets/PandazoleHome/Prefabs/Prop_BuildingBlockToy_02.prefab using Guid(2d915f7561753534ab37d9a11bfd61ef) Importer(815301076,1909f56bfc062723c751e8b465ee728b)  -> (artifact id: '3bcb4a49fa361678f29930cc11dbfb5b') in 0.017563 seconds 
========================================================================
Received Import Request.
  Time since last request: 0.000027 seconds.
  path: Assets/PandazoleHome/Prefabs/Prop_Beauty_09.prefab
  artifactKey: Guid(d57b11d2a29f7e44bb2139f48d28d90e) Importer(815301076,1909f56bfc062723c751e8b465ee728b)
Start importing Assets/PandazoleHome/Prefabs/Prop_Beauty_09.prefab using Guid(d57b11d2a29f7e44bb2139f48d28d90e) Importer(815301076,1909f56bfc062723c751e8b465ee728b)  -> (artifact id: '0b4e428fe00077283f6ecc35eca755ae') in 0.020448 seconds 
========================================================================
Received Import Request.
  Time since last request: 0.000019 seconds.
  path: Assets/PandazoleHome/Prefabs/Prop_Beauty_08.prefab
  artifactKey: Guid(d90e7481f7d980849a493aff5d8565dd) Importer(815301076,1909f56bfc062723c751e8b465ee728b)
Start importing Assets/PandazoleHome/Prefabs/Prop_Beauty_08.prefab using Guid(d90e7481f7d980849a493aff5d8565dd) Importer(815301076,1909f56bfc062723c751e8b465ee728b)  -> (artifact id: 'aefe55241e827faff180410bd13f5b7c') in 0.019308 seconds 
========================================================================
Received Import Request.
  Time since last request: 0.000019 seconds.
  path: Assets/PandazoleHome/Prefabs/Prop_Beauty_02.prefab
  artifactKey: Guid(48f82f01890332642b6225abd5a2b0b9) Importer(815301076,1909f56bfc062723c751e8b465ee728b)
Start importing Assets/PandazoleHome/Prefabs/Prop_Beauty_02.prefab using Guid(48f82f01890332642b6225abd5a2b0b9) Importer(815301076,1909f56bfc062723c751e8b465ee728b)  -> (artifact id: '522f632ab0bbdd40fbcea748fb98fbc8') in 0.023251 seconds 
========================================================================
Received Import Request.
  Time since last request: 0.000022 seconds.
  path: Assets/PandazoleHome/Prefabs/Prop_GenericHandle_01.prefab
  artifactKey: Guid(a5f2cfb9c9815ce4f9e12cdea83f8cd7) Importer(815301076,1909f56bfc062723c751e8b465ee728b)
Start importing Assets/PandazoleHome/Prefabs/Prop_GenericHandle_01.prefab using Guid(a5f2cfb9c9815ce4f9e12cdea83f8cd7) Importer(815301076,1909f56bfc062723c751e8b465ee728b)  -> (artifact id: '60585430b56ae28252a8af5d3dd130c4') in 0.019489 seconds 
========================================================================
Received Import Request.
  Time since last request: 0.000022 seconds.
  path: Assets/PandazoleHome/Prefabs/Prop_Bed_07.prefab
  artifactKey: Guid(4d46da9568dbb7c48b8d98c594a9a551) Importer(815301076,1909f56bfc062723c751e8b465ee728b)
Start importing Assets/PandazoleHome/Prefabs/Prop_Bed_07.prefab using Guid(4d46da9568dbb7c48b8d98c594a9a551) Importer(815301076,1909f56bfc062723c751e8b465ee728b)  -> (artifact id: '49647b351d58d188ff191f82f0a40245') in 0.017886 seconds 
========================================================================
Received Import Request.
  Time since last request: 0.000020 seconds.
  path: Assets/PandazoleHome/Prefabs/Prop_Chair_05.prefab
  artifactKey: Guid(8b1ee06d8146d3c40a03576520b323c5) Importer(815301076,1909f56bfc062723c751e8b465ee728b)
Start importing Assets/PandazoleHome/Prefabs/Prop_Chair_05.prefab using Guid(8b1ee06d8146d3c40a03576520b323c5) Importer(815301076,1909f56bfc062723c751e8b465ee728b)  -> (artifact id: 'f5aafc3d9d39760f90905def95197e90') in 0.025511 seconds 
========================================================================
Received Import Request.
  Time since last request: 0.000021 seconds.
  path: Assets/PandazoleHome/Prefabs/Prop_Desk_03.prefab
  artifactKey: Guid(798cdb91a0e769b4e98951f3aac351b9) Importer(815301076,1909f56bfc062723c751e8b465ee728b)
Start importing Assets/PandazoleHome/Prefabs/Prop_Desk_03.prefab using Guid(798cdb91a0e769b4e98951f3aac351b9) Importer(815301076,1909f56bfc062723c751e8b465ee728b)  -> (artifact id: 'aef97dc8d8628f15d707cf1d49a290c7') in 0.020704 seconds 
========================================================================
Received Import Request.
  Time since last request: 0.000025 seconds.
  path: Assets/PandazoleHome/Prefabs/Prop_Bath_04.prefab
  artifactKey: Guid(7a0df3fec6230ee4aa11e6d52d497aea) Importer(815301076,1909f56bfc062723c751e8b465ee728b)
Start importing Assets/PandazoleHome/Prefabs/Prop_Bath_04.prefab using Guid(7a0df3fec6230ee4aa11e6d52d497aea) Importer(815301076,1909f56bfc062723c751e8b465ee728b)  -> (artifact id: 'ad08e3474e115d26e1983d77b2a4561f') in 0.018411 seconds 
========================================================================
Received Import Request.
  Time since last request: 0.000030 seconds.
  path: Assets/PandazoleHome/Prefabs/Prop_Fireplace.prefab
  artifactKey: Guid(a72227eb0d3779245b716fce94fb1fa8) Importer(815301076,1909f56bfc062723c751e8b465ee728b)
Start importing Assets/PandazoleHome/Prefabs/Prop_Fireplace.prefab using Guid(a72227eb0d3779245b716fce94fb1fa8) Importer(815301076,1909f56bfc062723c751e8b465ee728b)  -> (artifact id: 'e1c4080c0e75d6a3e725cb031690d100') in 0.020095 seconds 
========================================================================
Received Import Request.
  Time since last request: 0.000022 seconds.
  path: Assets/PandazoleHome/Prefabs/Prop_Cabinet_04.prefab
  artifactKey: Guid(1f5e14e7573745e41ac4f9c55011f3cc) Importer(815301076,1909f56bfc062723c751e8b465ee728b)
Start importing Assets/PandazoleHome/Prefabs/Prop_Cabinet_04.prefab using Guid(1f5e14e7573745e41ac4f9c55011f3cc) Importer(815301076,1909f56bfc062723c751e8b465ee728b)  -> (artifact id: '9a66655b6c4441d3b1630d612945eee9') in 0.021696 seconds 
========================================================================
Received Import Request.
  Time since last request: 0.000022 seconds.
  path: Assets/PandazoleHome/Prefabs/Prop_GenericHandle_03.prefab
  artifactKey: Guid(e407620f567fd804197c76ddd3edb277) Importer(815301076,1909f56bfc062723c751e8b465ee728b)
Start importing Assets/PandazoleHome/Prefabs/Prop_GenericHandle_03.prefab using Guid(e407620f567fd804197c76ddd3edb277) Importer(815301076,1909f56bfc062723c751e8b465ee728b)  -> (artifact id: '06cd5b4c650c806182c660eab299bfaa') in 0.017905 seconds 
========================================================================
Received Import Request.
  Time since last request: 0.000026 seconds.
  path: Assets/PandazoleHome/Prefabs/Prop_Carpet_07.prefab
  artifactKey: Guid(c5fbc90129b452c4dbf12ad7365676eb) Importer(815301076,1909f56bfc062723c751e8b465ee728b)
Start importing Assets/PandazoleHome/Prefabs/Prop_Carpet_07.prefab using Guid(c5fbc90129b452c4dbf12ad7365676eb) Importer(815301076,1909f56bfc062723c751e8b465ee728b)  -> (artifact id: 'ac420503d32532544c654a00819f068d') in 0.024341 seconds 
========================================================================
Received Import Request.
  Time since last request: 0.000020 seconds.
  path: Assets/PandazoleHome/Prefabs/Prop_EarthMapBall.prefab
  artifactKey: Guid(a49b32dc9efad8f4b8e5e16c67a9873f) Importer(815301076,1909f56bfc062723c751e8b465ee728b)
Start importing Assets/PandazoleHome/Prefabs/Prop_EarthMapBall.prefab using Guid(a49b32dc9efad8f4b8e5e16c67a9873f) Importer(815301076,1909f56bfc062723c751e8b465ee728b)  -> (artifact id: 'ca279564d4091e1670875ef31b36ef78') in 0.018501 seconds 
========================================================================
Received Import Request.
  Time since last request: 0.000018 seconds.
  path: Assets/PandazoleHome/Prefabs/Prop_Desk_05.prefab
  artifactKey: Guid(82e6f29752d7d404f99b3b91cd106bbb) Importer(815301076,1909f56bfc062723c751e8b465ee728b)
Start importing Assets/PandazoleHome/Prefabs/Prop_Desk_05.prefab using Guid(82e6f29752d7d404f99b3b91cd106bbb) Importer(815301076,1909f56bfc062723c751e8b465ee728b)  -> (artifact id: 'feb73254190fd517d7e1a5491bc944e5') in 0.020948 seconds 
========================================================================
Received Import Request.
  Time since last request: 0.000029 seconds.
  path: Assets/PandazoleHome/Prefabs/Prop_GenericPillow_02.prefab
  artifactKey: Guid(9d05a8a92dc3bc04cbdf76da307fa4a0) Importer(815301076,1909f56bfc062723c751e8b465ee728b)
Start importing Assets/PandazoleHome/Prefabs/Prop_GenericPillow_02.prefab using Guid(9d05a8a92dc3bc04cbdf76da307fa4a0) Importer(815301076,1909f56bfc062723c751e8b465ee728b)  -> (artifact id: '287ec85f441361f51db64ca750614f63') in 0.018556 seconds 
========================================================================
Received Import Request.
  Time since last request: 0.000021 seconds.
  path: Assets/PandazoleHome/Prefabs/Prop_Beauty_05.prefab
  artifactKey: Guid(02f5ce050695735468679fd5d4e9cdf4) Importer(815301076,1909f56bfc062723c751e8b465ee728b)
Start importing Assets/PandazoleHome/Prefabs/Prop_Beauty_05.prefab using Guid(02f5ce050695735468679fd5d4e9cdf4) Importer(815301076,1909f56bfc062723c751e8b465ee728b)  -> (artifact id: 'e41537532e8ca93732571899bfb7aaf5') in 0.018446 seconds 
========================================================================
Received Import Request.
  Time since last request: 0.000069 seconds.
  path: Assets/PandazoleHome/Prefabs/Prop_Bed_03.prefab
  artifactKey: Guid(d0a8bc4e217d52847b8990d03d52174e) Importer(815301076,1909f56bfc062723c751e8b465ee728b)
Start importing Assets/PandazoleHome/Prefabs/Prop_Bed_03.prefab using Guid(d0a8bc4e217d52847b8990d03d52174e) Importer(815301076,1909f56bfc062723c751e8b465ee728b)  -> (artifact id: '6a602e30cd09abd856ce9fab155e3d61') in 0.019755 seconds 
========================================================================
Received Import Request.
  Time since last request: 0.000029 seconds.
  path: Assets/PandazoleHome/Prefabs/Prop_Bed_04.prefab
  artifactKey: Guid(09d7d3ab8dc3eb84aa466d754c74ea39) Importer(815301076,1909f56bfc062723c751e8b465ee728b)
Start importing Assets/PandazoleHome/Prefabs/Prop_Bed_04.prefab using Guid(09d7d3ab8dc3eb84aa466d754c74ea39) Importer(815301076,1909f56bfc062723c751e8b465ee728b)  -> (artifact id: 'c326e74f19e5e30464372271b8bf3eeb') in 0.017968 seconds 
========================================================================
Received Import Request.
  Time since last request: 0.000029 seconds.
  path: Assets/PandazoleHome/Prefabs/Prop_HomeLamp_02.prefab
  artifactKey: Guid(0f92be68b353738408865a535490c198) Importer(815301076,1909f56bfc062723c751e8b465ee728b)
Start importing Assets/PandazoleHome/Prefabs/Prop_HomeLamp_02.prefab using Guid(0f92be68b353738408865a535490c198) Importer(815301076,1909f56bfc062723c751e8b465ee728b)  -> (artifact id: 'fbe8daf17ddc42c3f6bc75b82a797d6a') in 0.020467 seconds 
========================================================================
Received Import Request.
  Time since last request: 0.000020 seconds.
  path: Assets/PandazoleHome/Prefabs/Prop_Homeplant_11.prefab
  artifactKey: Guid(daec2da31a06471479c869b9d401962f) Importer(815301076,1909f56bfc062723c751e8b465ee728b)
Start importing Assets/PandazoleHome/Prefabs/Prop_Homeplant_11.prefab using Guid(daec2da31a06471479c869b9d401962f) Importer(815301076,1909f56bfc062723c751e8b465ee728b)  -> (artifact id: 'e8c0846cc772d70a9dfc7be4f8772b85') in 0.019421 seconds 
========================================================================
Received Import Request.
  Time since last request: 0.000020 seconds.
  path: Assets/PandazoleHome/Prefabs/Prop_Desk_06.prefab
  artifactKey: Guid(41c5081334a21674cb0a7c88bfada655) Importer(815301076,1909f56bfc062723c751e8b465ee728b)
Start importing Assets/PandazoleHome/Prefabs/Prop_Desk_06.prefab using Guid(41c5081334a21674cb0a7c88bfada655) Importer(815301076,1909f56bfc062723c751e8b465ee728b)  -> (artifact id: '6c3706606039097b15c13b81302ca1c1') in 0.021684 seconds 
========================================================================
Received Import Request.
  Time since last request: 0.000021 seconds.
  path: Assets/PandazoleHome/Prefabs/Prop_Ball_05.prefab
  artifactKey: Guid(3f8e8c9284831e94da7f8e9691b02314) Importer(815301076,1909f56bfc062723c751e8b465ee728b)
Start importing Assets/PandazoleHome/Prefabs/Prop_Ball_05.prefab using Guid(3f8e8c9284831e94da7f8e9691b02314) Importer(815301076,1909f56bfc062723c751e8b465ee728b)  -> (artifact id: 'e4d5c5c2215986c7f918c5e5fdb08d34') in 0.018330 seconds 
========================================================================
Received Import Request.
  Time since last request: 0.000026 seconds.
  path: Assets/PandazoleHome/Prefabs/Prop_Ball_03.prefab
  artifactKey: Guid(f296379057ff5cd429c9d0cd2c03eb7b) Importer(815301076,1909f56bfc062723c751e8b465ee728b)
Start importing Assets/PandazoleHome/Prefabs/Prop_Ball_03.prefab using Guid(f296379057ff5cd429c9d0cd2c03eb7b) Importer(815301076,1909f56bfc062723c751e8b465ee728b)  -> (artifact id: '23d86f1a340b0ff3b44da5e78cd25ccc') in 0.019747 seconds 
========================================================================
Received Import Request.
  Time since last request: 0.000019 seconds.
  path: Assets/PandazoleHome/Prefabs/Prop_BuildingBlockToy_01.prefab
  artifactKey: Guid(d54f30e32b931eb4c94f7b6c229366e4) Importer(815301076,1909f56bfc062723c751e8b465ee728b)
Start importing Assets/PandazoleHome/Prefabs/Prop_BuildingBlockToy_01.prefab using Guid(d54f30e32b931eb4c94f7b6c229366e4) Importer(815301076,1909f56bfc062723c751e8b465ee728b)  -> (artifact id: '34d06221f1b5daefe83c47068452b17b') in 0.018342 seconds 
========================================================================
Received Import Request.
  Time since last request: 0.000026 seconds.
  path: Assets/PandazoleHome/Prefabs/Prop_Bed_01.prefab
  artifactKey: Guid(240f7589f1669a64890f903925a3a001) Importer(815301076,1909f56bfc062723c751e8b465ee728b)
Start importing Assets/PandazoleHome/Prefabs/Prop_Bed_01.prefab using Guid(240f7589f1669a64890f903925a3a001) Importer(815301076,1909f56bfc062723c751e8b465ee728b)  -> (artifact id: '9222b09f931889571fd62bd910f86987') in 0.017237 seconds 
========================================================================
Received Import Request.
  Time since last request: 0.000019 seconds.
  path: Assets/PandazoleHome/Prefabs/Prop_BagChair_01.prefab
  artifactKey: Guid(c84e56bfcd9d6e945b9781a759cad020) Importer(815301076,1909f56bfc062723c751e8b465ee728b)
Start importing Assets/PandazoleHome/Prefabs/Prop_BagChair_01.prefab using Guid(c84e56bfcd9d6e945b9781a759cad020) Importer(815301076,1909f56bfc062723c751e8b465ee728b)  -> (artifact id: 'd7aad417ff2c9f6623168761f32335e8') in 0.020259 seconds 
========================================================================
Received Import Request.
  Time since last request: 0.000023 seconds.
  path: Assets/PandazoleHome/Prefabs/Prop_Chair_04.prefab
  artifactKey: Guid(f0953a97f427a7f46b4a4c6f44cbdc79) Importer(815301076,1909f56bfc062723c751e8b465ee728b)
Start importing Assets/PandazoleHome/Prefabs/Prop_Chair_04.prefab using Guid(f0953a97f427a7f46b4a4c6f44cbdc79) Importer(815301076,1909f56bfc062723c751e8b465ee728b)  -> (artifact id: '1128eb861b6afe1b2eca12fefa2069d4') in 0.021912 seconds 
========================================================================
Received Import Request.
  Time since last request: 0.000034 seconds.
  path: Assets/PandazoleHome/Prefabs/Prop_HulaHoop_03.prefab
  artifactKey: Guid(38fc058efd0077047ae14b565f48d406) Importer(815301076,1909f56bfc062723c751e8b465ee728b)
Start importing Assets/PandazoleHome/Prefabs/Prop_HulaHoop_03.prefab using Guid(38fc058efd0077047ae14b565f48d406) Importer(815301076,1909f56bfc062723c751e8b465ee728b)  -> (artifact id: 'a4946e1542e6d403fbcb82cf9f189a65') in 0.024491 seconds 
========================================================================
Received Import Request.
  Time since last request: 0.000033 seconds.
  path: Assets/PandazoleHome/Prefabs/Prop_Faucet_04.prefab
  artifactKey: Guid(8c2280e636b09da468d7b132d4e204ff) Importer(815301076,1909f56bfc062723c751e8b465ee728b)
Start importing Assets/PandazoleHome/Prefabs/Prop_Faucet_04.prefab using Guid(8c2280e636b09da468d7b132d4e204ff) Importer(815301076,1909f56bfc062723c751e8b465ee728b)  -> (artifact id: '1110cb8f13d1ca1853c7400ded90b4cc') in 0.017680 seconds 
========================================================================
Received Import Request.
  Time since last request: 0.000020 seconds.
  path: Assets/PandazoleHome/Prefabs/Prop_Brush_01.prefab
  artifactKey: Guid(68d220a65d615a245bdaea7641253539) Importer(815301076,1909f56bfc062723c751e8b465ee728b)
Start importing Assets/PandazoleHome/Prefabs/Prop_Brush_01.prefab using Guid(68d220a65d615a245bdaea7641253539) Importer(815301076,1909f56bfc062723c751e8b465ee728b)  -> (artifact id: '6a9badf1d3112698842717abb9aed876') in 0.022623 seconds 
========================================================================
Received Import Request.
  Time since last request: 0.000022 seconds.
  path: Assets/PandazoleHome/Prefabs/Prop_BagChair_03.prefab
  artifactKey: Guid(a27ebda50ef194146a054b3b6cebb4ce) Importer(815301076,1909f56bfc062723c751e8b465ee728b)
Start importing Assets/PandazoleHome/Prefabs/Prop_BagChair_03.prefab using Guid(a27ebda50ef194146a054b3b6cebb4ce) Importer(815301076,1909f56bfc062723c751e8b465ee728b)  -> (artifact id: 'ec474ffc6878465ac5827e52027e7869') in 0.017996 seconds 
========================================================================
Received Import Request.
  Time since last request: 0.000024 seconds.
  path: Assets/PandazoleHome/Prefabs/Prop_Carpet_01.prefab
  artifactKey: Guid(387da3a749befca4fb8e7bd6efd1c3cf) Importer(815301076,1909f56bfc062723c751e8b465ee728b)
Start importing Assets/PandazoleHome/Prefabs/Prop_Carpet_01.prefab using Guid(387da3a749befca4fb8e7bd6efd1c3cf) Importer(815301076,1909f56bfc062723c751e8b465ee728b)  -> (artifact id: 'fe0345f02c1e344866c2633f31989b60') in 0.019049 seconds 
========================================================================
Received Import Request.
  Time since last request: 0.000028 seconds.
  path: Assets/PandazoleHome/Prefabs/Prop_Chair_06.prefab
  artifactKey: Guid(2a0e4ed0bbbcbb644bdb078788e7bd77) Importer(815301076,1909f56bfc062723c751e8b465ee728b)
Start importing Assets/PandazoleHome/Prefabs/Prop_Chair_06.prefab using Guid(2a0e4ed0bbbcbb644bdb078788e7bd77) Importer(815301076,1909f56bfc062723c751e8b465ee728b)  -> (artifact id: '29b7c45b0874d9a6b72c38d2033e1ced') in 0.018836 seconds 
========================================================================
Received Import Request.
  Time since last request: 0.000035 seconds.
  path: Assets/PandazoleHome/Prefabs/Prop_Chair_01.prefab
  artifactKey: Guid(ab68eec296106bc488f0fb51fb175389) Importer(815301076,1909f56bfc062723c751e8b465ee728b)
Start importing Assets/PandazoleHome/Prefabs/Prop_Chair_01.prefab using Guid(ab68eec296106bc488f0fb51fb175389) Importer(815301076,1909f56bfc062723c751e8b465ee728b)  -> (artifact id: 'e69d34df07ba81793b6d5f71ce5ff9ee') in 0.018503 seconds 
========================================================================
Received Import Request.
  Time since last request: 0.000023 seconds.
  path: Assets/PandazoleHome/Prefabs/Prop_Bath_03.prefab
  artifactKey: Guid(4e2b46211d6514d47b1a810fb4e75244) Importer(815301076,1909f56bfc062723c751e8b465ee728b)
Start importing Assets/PandazoleHome/Prefabs/Prop_Bath_03.prefab using Guid(4e2b46211d6514d47b1a810fb4e75244) Importer(815301076,1909f56bfc062723c751e8b465ee728b)  -> (artifact id: '6a16358e793c295f97122507b34233e6') in 0.020431 seconds 
========================================================================
Received Import Request.
  Time since last request: 8.870313 seconds.
  path: Assets/PandazoleHome/Prefabs/Prop_KidsClock.prefab
  artifactKey: Guid(3f2b5850f354baa4ba3d794b4939b879) Importer(815301076,1909f56bfc062723c751e8b465ee728b)
Start importing Assets/PandazoleHome/Prefabs/Prop_KidsClock.prefab using Guid(3f2b5850f354baa4ba3d794b4939b879) Importer(815301076,1909f56bfc062723c751e8b465ee728b)  -> (artifact id: '86a3242be43787a8b688597d7479de13') in 0.016093 seconds 
========================================================================
Received Import Request.
  Time since last request: 0.000017 seconds.
  path: Assets/PandazoleHome/Prefabs/Prop_KidsCube_M.prefab
  artifactKey: Guid(b0fe3f8c777153641b762cc2a317a988) Importer(815301076,1909f56bfc062723c751e8b465ee728b)
Start importing Assets/PandazoleHome/Prefabs/Prop_KidsCube_M.prefab using Guid(b0fe3f8c777153641b762cc2a317a988) Importer(815301076,1909f56bfc062723c751e8b465ee728b)  -> (artifact id: '8c4ec7c70e8441515f9ac8602f1bb519') in 0.016233 seconds 
========================================================================
Received Import Request.
  Time since last request: 0.000016 seconds.
  path: Assets/PandazoleHome/Prefabs/Prop_KidsCube_S.prefab
  artifactKey: Guid(8f00d288d55a8c54fae2fa9a17525d20) Importer(815301076,1909f56bfc062723c751e8b465ee728b)
Start importing Assets/PandazoleHome/Prefabs/Prop_KidsCube_S.prefab using Guid(8f00d288d55a8c54fae2fa9a17525d20) Importer(815301076,1909f56bfc062723c751e8b465ee728b)  -> (artifact id: '15aef2f6fba2af328ca3035048d618b9') in 0.014127 seconds 
========================================================================
Received Import Request.
  Time since last request: 0.000023 seconds.
  path: Assets/PandazoleHome/Prefabs/Prop_KidsCube_D.prefab
  artifactKey: Guid(25a93d6aff829d446853aa357de9f5ce) Importer(815301076,1909f56bfc062723c751e8b465ee728b)
Start importing Assets/PandazoleHome/Prefabs/Prop_KidsCube_D.prefab using Guid(25a93d6aff829d446853aa357de9f5ce) Importer(815301076,1909f56bfc062723c751e8b465ee728b)  -> (artifact id: '82a3609569f55ea26d3ea9a3ae903b8e') in 0.015977 seconds 
========================================================================
Received Import Request.
  Time since last request: 0.000028 seconds.
  path: Assets/PandazoleHome/Prefabs/Prop_KidsCube_U.prefab
  artifactKey: Guid(04cee286df3cabf48b365aedbb23fdb6) Importer(815301076,1909f56bfc062723c751e8b465ee728b)
Start importing Assets/PandazoleHome/Prefabs/Prop_KidsCube_U.prefab using Guid(04cee286df3cabf48b365aedbb23fdb6) Importer(815301076,1909f56bfc062723c751e8b465ee728b)  -> (artifact id: '0d07e7b5dd86c352de63e2e8b0f7cdb1') in 0.016154 seconds 
========================================================================
Received Import Request.
  Time since last request: 0.000016 seconds.
  path: Assets/PandazoleHome/Prefabs/Prop_KidsCube_E.prefab
  artifactKey: Guid(17e851b9fc74cdf4ba5af4c4ba62e385) Importer(815301076,1909f56bfc062723c751e8b465ee728b)
Start importing Assets/PandazoleHome/Prefabs/Prop_KidsCube_E.prefab using Guid(17e851b9fc74cdf4ba5af4c4ba62e385) Importer(815301076,1909f56bfc062723c751e8b465ee728b)  -> (artifact id: '5d771338332b01ce9c72e1cb1bd13c5a') in 0.015409 seconds 
========================================================================
Received Import Request.
  Time since last request: 0.000021 seconds.
  path: Assets/PandazoleHome/Prefabs/Prop_KidsCube_T.prefab
  artifactKey: Guid(72d75365e87dad241a6fcbdc3265b18a) Importer(815301076,1909f56bfc062723c751e8b465ee728b)
Start importing Assets/PandazoleHome/Prefabs/Prop_KidsCube_T.prefab using Guid(72d75365e87dad241a6fcbdc3265b18a) Importer(815301076,1909f56bfc062723c751e8b465ee728b)  -> (artifact id: 'f42063db905f31f56131da708d7c1c1f') in 0.016672 seconds 
========================================================================
Received Import Request.
  Time since last request: 1.036464 seconds.
  path: Assets/PandazoleHome/Prefabs/Prop_KidsCube_V.prefab
  artifactKey: Guid(f2b76968a7349aa4ab142b26bf31f82b) Importer(815301076,1909f56bfc062723c751e8b465ee728b)
Start importing Assets/PandazoleHome/Prefabs/Prop_KidsCube_V.prefab using Guid(f2b76968a7349aa4ab142b26bf31f82b) Importer(815301076,1909f56bfc062723c751e8b465ee728b)  -> (artifact id: '46c665dad85aeb3ad3b96ec0b1279883') in 0.012883 seconds 
========================================================================
Received Import Request.
  Time since last request: 0.000017 seconds.
  path: Assets/PandazoleHome/Prefabs/Prop_KitchenCabinet_02_F.prefab
  artifactKey: Guid(e29fed39803512448a9a1a720d4c246d) Importer(815301076,1909f56bfc062723c751e8b465ee728b)
Start importing Assets/PandazoleHome/Prefabs/Prop_KitchenCabinet_02_F.prefab using Guid(e29fed39803512448a9a1a720d4c246d) Importer(815301076,1909f56bfc062723c751e8b465ee728b)  -> (artifact id: '3d724b0b41d4a0e9a003fa670e1a5888') in 0.016057 seconds 
========================================================================
Received Import Request.
  Time since last request: 0.000018 seconds.
  path: Assets/PandazoleHome/Prefabs/Prop_KidsTable.prefab
  artifactKey: Guid(d1a1800cee8659c4d838a33e6bc8e4d1) Importer(815301076,1909f56bfc062723c751e8b465ee728b)
Start importing Assets/PandazoleHome/Prefabs/Prop_KidsTable.prefab using Guid(d1a1800cee8659c4d838a33e6bc8e4d1) Importer(815301076,1909f56bfc062723c751e8b465ee728b)  -> (artifact id: '6c8a9b44cf8a72e18baccd8f56d85e22') in 0.017131 seconds 
========================================================================
Received Import Request.
  Time since last request: 0.000018 seconds.
  path: Assets/PandazoleHome/Prefabs/Prop_KitchenCabinet_02_H.prefab
  artifactKey: Guid(16957b30dd50fa847809bef60581701e) Importer(815301076,1909f56bfc062723c751e8b465ee728b)
Start importing Assets/PandazoleHome/Prefabs/Prop_KitchenCabinet_02_H.prefab using Guid(16957b30dd50fa847809bef60581701e) Importer(815301076,1909f56bfc062723c751e8b465ee728b)  -> (artifact id: 'd400469fdfd51bad97f51bd37547b308') in 0.015673 seconds 
========================================================================
Received Import Request.
  Time since last request: 0.000018 seconds.
  path: Assets/PandazoleHome/Prefabs/Prop_KidsCube_Y.prefab
  artifactKey: Guid(4e2de4f161cc6934681555a5ace29b97) Importer(815301076,1909f56bfc062723c751e8b465ee728b)
Start importing Assets/PandazoleHome/Prefabs/Prop_KidsCube_Y.prefab using Guid(4e2de4f161cc6934681555a5ace29b97) Importer(815301076,1909f56bfc062723c751e8b465ee728b)  -> (artifact id: '1be4146d9a47152a0e434f9318b05fff') in 0.017711 seconds 
========================================================================
Received Import Request.
  Time since last request: 0.000016 seconds.
  path: Assets/PandazoleHome/Prefabs/Prop_KidsCube_Z.prefab
  artifactKey: Guid(7db1eb5213402fe4ca778527c3f8892a) Importer(815301076,1909f56bfc062723c751e8b465ee728b)
Start importing Assets/PandazoleHome/Prefabs/Prop_KidsCube_Z.prefab using Guid(7db1eb5213402fe4ca778527c3f8892a) Importer(815301076,1909f56bfc062723c751e8b465ee728b)  -> (artifact id: '76af59b7dcf81a26ff16ee3295a5b296') in 0.017017 seconds 
========================================================================
Received Import Request.
  Time since last request: 0.000018 seconds.
  path: Assets/PandazoleHome/Prefabs/Prop_KitchenCabinet_02_A.prefab
  artifactKey: Guid(0d531f9ec2442a04a81e06af15269f1f) Importer(815301076,1909f56bfc062723c751e8b465ee728b)
Start importing Assets/PandazoleHome/Prefabs/Prop_KitchenCabinet_02_A.prefab using Guid(0d531f9ec2442a04a81e06af15269f1f) Importer(815301076,1909f56bfc062723c751e8b465ee728b)  -> (artifact id: '0210284e40a8ae51c89e519294937232') in 0.016804 seconds 
========================================================================
Received Import Request.
  Time since last request: 0.000023 seconds.
  path: Assets/PandazoleHome/Prefabs/Prop_KitchenCabinet_02_B.prefab
  artifactKey: Guid(47a17588c7032a34f8b0011f7c6bd207) Importer(815301076,1909f56bfc062723c751e8b465ee728b)
Start importing Assets/PandazoleHome/Prefabs/Prop_KitchenCabinet_02_B.prefab using Guid(47a17588c7032a34f8b0011f7c6bd207) Importer(815301076,1909f56bfc062723c751e8b465ee728b)  -> (artifact id: 'a9ef5637dc912efae43bc5b405cbaba8') in 0.014689 seconds 
========================================================================
Received Import Request.
  Time since last request: 0.094463 seconds.
  path: Assets/PandazoleHome/Prefabs/Prop_KitchenChair_01.prefab
  artifactKey: Guid(49e9e60db13726243b7cd9c564958b4d) Importer(815301076,1909f56bfc062723c751e8b465ee728b)
Start importing Assets/PandazoleHome/Prefabs/Prop_KitchenChair_01.prefab using Guid(49e9e60db13726243b7cd9c564958b4d) Importer(815301076,1909f56bfc062723c751e8b465ee728b)  -> (artifact id: '141e2b118526cc7f58ea90be6e64af80') in 0.015673 seconds 
========================================================================
Received Import Request.
  Time since last request: 0.000025 seconds.
  path: Assets/PandazoleHome/Prefabs/Prop_KitchenShelf_01.prefab
  artifactKey: Guid(a9fecd67448db494c9393efb70e6d2ca) Importer(815301076,1909f56bfc062723c751e8b465ee728b)
Start importing Assets/PandazoleHome/Prefabs/Prop_KitchenShelf_01.prefab using Guid(a9fecd67448db494c9393efb70e6d2ca) Importer(815301076,1909f56bfc062723c751e8b465ee728b)  -> (artifact id: '883f1602e577942636a171700679edfa') in 0.016156 seconds 
========================================================================
Received Import Request.
  Time since last request: 0.000022 seconds.
  path: Assets/PandazoleHome/Prefabs/Prop_ModernTV.prefab
  artifactKey: Guid(cbb101066286a4d4988a8886ded30e67) Importer(815301076,1909f56bfc062723c751e8b465ee728b)
Start importing Assets/PandazoleHome/Prefabs/Prop_ModernTV.prefab using Guid(cbb101066286a4d4988a8886ded30e67) Importer(815301076,1909f56bfc062723c751e8b465ee728b)  -> (artifact id: '8f62addc2fbe7894443465cb9b6acfef') in 0.016435 seconds 
========================================================================
Received Import Request.
  Time since last request: 0.000017 seconds.
  path: Assets/PandazoleHome/Prefabs/Prop_OfficeChair_03.prefab
  artifactKey: Guid(f805c1afa505ce449ad1bbc22ce52aed) Importer(815301076,1909f56bfc062723c751e8b465ee728b)
Start importing Assets/PandazoleHome/Prefabs/Prop_OfficeChair_03.prefab using Guid(f805c1afa505ce449ad1bbc22ce52aed) Importer(815301076,1909f56bfc062723c751e8b465ee728b)  -> (artifact id: '344574b5af7199fb7f721f4289d924ee') in 0.018119 seconds 
========================================================================
Received Import Request.
  Time since last request: 0.000025 seconds.
  path: Assets/PandazoleHome/Prefabs/Prop_Mirror_02.prefab
  artifactKey: Guid(8fa2124e52ae2ad4e8cd2ea99f019894) Importer(815301076,1909f56bfc062723c751e8b465ee728b)
Start importing Assets/PandazoleHome/Prefabs/Prop_Mirror_02.prefab using Guid(8fa2124e52ae2ad4e8cd2ea99f019894) Importer(815301076,1909f56bfc062723c751e8b465ee728b)  -> (artifact id: 'b23ab4c8e01ff1f18bf4be7adbb21614') in 0.018249 seconds 
========================================================================
Received Import Request.
  Time since last request: 0.000026 seconds.
  path: Assets/PandazoleHome/Prefabs/Prop_Pouffes_03.prefab
  artifactKey: Guid(0592f0c31f526bd4d89dd496af123fe0) Importer(815301076,1909f56bfc062723c751e8b465ee728b)
Start importing Assets/PandazoleHome/Prefabs/Prop_Pouffes_03.prefab using Guid(0592f0c31f526bd4d89dd496af123fe0) Importer(815301076,1909f56bfc062723c751e8b465ee728b)  -> (artifact id: '59018b89f6f89310b866b639ef904ecb') in 0.018901 seconds 
========================================================================
Received Import Request.
  Time since last request: 0.000022 seconds.
  path: Assets/PandazoleHome/Prefabs/Prop_PictureFrame_02.prefab
  artifactKey: Guid(90e736403d880c5459f3ca85351118b5) Importer(815301076,1909f56bfc062723c751e8b465ee728b)
Start importing Assets/PandazoleHome/Prefabs/Prop_PictureFrame_02.prefab using Guid(90e736403d880c5459f3ca85351118b5) Importer(815301076,1909f56bfc062723c751e8b465ee728b)  -> (artifact id: '442a5fd8ae58aa34cc6602926850b67d') in 0.018103 seconds 
========================================================================
Received Import Request.
  Time since last request: 0.000021 seconds.
  path: Assets/PandazoleHome/Prefabs/Prop_Pouffes_08.prefab
  artifactKey: Guid(f5b6df7400ac5964d96df625df7928cb) Importer(815301076,1909f56bfc062723c751e8b465ee728b)
Start importing Assets/PandazoleHome/Prefabs/Prop_Pouffes_08.prefab using Guid(f5b6df7400ac5964d96df625df7928cb) Importer(815301076,1909f56bfc062723c751e8b465ee728b)  -> (artifact id: 'ae5aa6e74523ac65b5f90e4ce4ece695') in 0.017609 seconds 
========================================================================
Received Import Request.
  Time since last request: 0.000029 seconds.
  path: Assets/PandazoleHome/Prefabs/Prop_Shelve_03.prefab
  artifactKey: Guid(3c2f8685cfebd5f42b9caea7a5c70414) Importer(815301076,1909f56bfc062723c751e8b465ee728b)
Start importing Assets/PandazoleHome/Prefabs/Prop_Shelve_03.prefab using Guid(3c2f8685cfebd5f42b9caea7a5c70414) Importer(815301076,1909f56bfc062723c751e8b465ee728b)  -> (artifact id: '5fb1f64bfb93e6a21b1c7401ba14922a') in 0.017325 seconds 
========================================================================
Received Import Request.
  Time since last request: 0.000019 seconds.
  path: Assets/PandazoleHome/Prefabs/Prop_Sofa_02_E.prefab
  artifactKey: Guid(1bc62d159543c1f4ab7c4f69e0333ce3) Importer(815301076,1909f56bfc062723c751e8b465ee728b)
Start importing Assets/PandazoleHome/Prefabs/Prop_Sofa_02_E.prefab using Guid(1bc62d159543c1f4ab7c4f69e0333ce3) Importer(815301076,1909f56bfc062723c751e8b465ee728b)  -> (artifact id: '262389b73fb3dea48d1191bb961e970d') in 0.017556 seconds 
========================================================================
Received Import Request.
  Time since last request: 0.000021 seconds.
  path: Assets/PandazoleHome/Prefabs/Prop_Sofa_03_C.prefab
  artifactKey: Guid(78de45f4f8be8e04ebb0ff2068a3625c) Importer(815301076,1909f56bfc062723c751e8b465ee728b)
Start importing Assets/PandazoleHome/Prefabs/Prop_Sofa_03_C.prefab using Guid(78de45f4f8be8e04ebb0ff2068a3625c) Importer(815301076,1909f56bfc062723c751e8b465ee728b)  -> (artifact id: '0f12dbc4bd1cc23286f7ad48b52b42ff') in 0.017795 seconds 
========================================================================
Received Import Request.
  Time since last request: 0.000030 seconds.
  path: Assets/PandazoleHome/Prefabs/Prop_SmallStorageBox_01.prefab
  artifactKey: Guid(48f270c9ce58e894f8655ac4d8853941) Importer(815301076,1909f56bfc062723c751e8b465ee728b)
Start importing Assets/PandazoleHome/Prefabs/Prop_SmallStorageBox_01.prefab using Guid(48f270c9ce58e894f8655ac4d8853941) Importer(815301076,1909f56bfc062723c751e8b465ee728b)  -> (artifact id: 'bcbde5f0a6bed443b82d789d53b25ad8') in 0.018113 seconds 
========================================================================
Received Import Request.
  Time since last request: 0.000018 seconds.
  path: Assets/PandazoleHome/Prefabs/Prop_Sofa_04.prefab
  artifactKey: Guid(d97c1e26bf8ae944da7a1bb62de1dcca) Importer(815301076,1909f56bfc062723c751e8b465ee728b)
Start importing Assets/PandazoleHome/Prefabs/Prop_Sofa_04.prefab using Guid(d97c1e26bf8ae944da7a1bb62de1dcca) Importer(815301076,1909f56bfc062723c751e8b465ee728b)  -> (artifact id: '76388d3aaf297d487ed756d05c9f2e4f') in 0.017236 seconds 
========================================================================
Received Import Request.
  Time since last request: 0.000016 seconds.
  path: Assets/PandazoleHome/Prefabs/Prop_SmallStorageBox_04.prefab
  artifactKey: Guid(301b1a48426ce1e44a87f723128315b9) Importer(815301076,1909f56bfc062723c751e8b465ee728b)
Start importing Assets/PandazoleHome/Prefabs/Prop_SmallStorageBox_04.prefab using Guid(301b1a48426ce1e44a87f723128315b9) Importer(815301076,1909f56bfc062723c751e8b465ee728b)  -> (artifact id: '0ff98e6f4fe011bb74b8f3116d78e375') in 0.017017 seconds 
========================================================================
Received Import Request.
  Time since last request: 0.000018 seconds.
  path: Assets/PandazoleHome/Prefabs/Prop_Shelve_05.prefab
  artifactKey: Guid(90a046def2ef22f4086e36500ba78a66) Importer(815301076,1909f56bfc062723c751e8b465ee728b)
Start importing Assets/PandazoleHome/Prefabs/Prop_Shelve_05.prefab using Guid(90a046def2ef22f4086e36500ba78a66) Importer(815301076,1909f56bfc062723c751e8b465ee728b)  -> (artifact id: 'b3f45ba211e811fa7c3f27cf62562e2c') in 0.016177 seconds 
========================================================================
Received Import Request.
  Time since last request: 0.000021 seconds.
  path: Assets/PandazoleHome/Prefabs/Prop_Shelve_10.prefab
  artifactKey: Guid(a805a5d0b404b154da89c19381e5af0f) Importer(815301076,1909f56bfc062723c751e8b465ee728b)
Start importing Assets/PandazoleHome/Prefabs/Prop_Shelve_10.prefab using Guid(a805a5d0b404b154da89c19381e5af0f) Importer(815301076,1909f56bfc062723c751e8b465ee728b)  -> (artifact id: '6e90de5be91c375824f1c549ff478bc9') in 0.016501 seconds 
========================================================================
Received Import Request.
  Time since last request: 0.000023 seconds.
  path: Assets/PandazoleHome/Prefabs/Prop_Sofa_02_G.prefab
  artifactKey: Guid(6d06f861e7132264aa7aa628258e70c9) Importer(815301076,1909f56bfc062723c751e8b465ee728b)
Start importing Assets/PandazoleHome/Prefabs/Prop_Sofa_02_G.prefab using Guid(6d06f861e7132264aa7aa628258e70c9) Importer(815301076,1909f56bfc062723c751e8b465ee728b)  -> (artifact id: 'efd381431dcf2351446209c5e554b484') in 0.021323 seconds 
========================================================================
Received Import Request.
  Time since last request: 0.000024 seconds.
  path: Assets/PandazoleHome/Prefabs/Prop_ShapeSortingBlock_Polygon_01.prefab
  artifactKey: Guid(e4dc9f87d48af0a4f96aac5f30749b3d) Importer(815301076,1909f56bfc062723c751e8b465ee728b)
Start importing Assets/PandazoleHome/Prefabs/Prop_ShapeSortingBlock_Polygon_01.prefab using Guid(e4dc9f87d48af0a4f96aac5f30749b3d) Importer(815301076,1909f56bfc062723c751e8b465ee728b)  -> (artifact id: 'fbd9c5158c437409b2a58b22630d1fc8') in 0.017820 seconds 
========================================================================
Received Import Request.
  Time since last request: 0.000024 seconds.
  path: Assets/PandazoleHome/Prefabs/Prop_Shelve_04.prefab
  artifactKey: Guid(35cd39788d15b2048a61744f967c8e4f) Importer(815301076,1909f56bfc062723c751e8b465ee728b)
Start importing Assets/PandazoleHome/Prefabs/Prop_Shelve_04.prefab using Guid(35cd39788d15b2048a61744f967c8e4f) Importer(815301076,1909f56bfc062723c751e8b465ee728b)  -> (artifact id: '20ad3418883eaf91feb2e96caab5a800') in 0.024065 seconds 
========================================================================
Received Import Request.
  Time since last request: 0.000026 seconds.
  path: Assets/PandazoleHome/Prefabs/Prop_Oven.prefab
  artifactKey: Guid(088f769d14eab584596c939818430919) Importer(815301076,1909f56bfc062723c751e8b465ee728b)
Start importing Assets/PandazoleHome/Prefabs/Prop_Oven.prefab using Guid(088f769d14eab584596c939818430919) Importer(815301076,1909f56bfc062723c751e8b465ee728b)  -> (artifact id: 'a3d8fbbfd165317abe3854443a32b451') in 0.019656 seconds 
========================================================================
Received Import Request.
  Time since last request: 0.000020 seconds.
  path: Assets/PandazoleHome/Prefabs/Prop_Shelve_14.prefab
  artifactKey: Guid(e1cfcdb6fffaca7419576a382a3a9157) Importer(815301076,1909f56bfc062723c751e8b465ee728b)
Start importing Assets/PandazoleHome/Prefabs/Prop_Shelve_14.prefab using Guid(e1cfcdb6fffaca7419576a382a3a9157) Importer(815301076,1909f56bfc062723c751e8b465ee728b)  -> (artifact id: 'd51c5a1c65ddced825c71662d711e4ab') in 0.017737 seconds 
========================================================================
Received Import Request.
  Time since last request: 0.000028 seconds.
  path: Assets/PandazoleHome/Prefabs/Prop_ShapeSortingBlock_Cube.prefab
  artifactKey: Guid(0dde478918548294e8ebc4b7b7ef9859) Importer(815301076,1909f56bfc062723c751e8b465ee728b)
Start importing Assets/PandazoleHome/Prefabs/Prop_ShapeSortingBlock_Cube.prefab using Guid(0dde478918548294e8ebc4b7b7ef9859) Importer(815301076,1909f56bfc062723c751e8b465ee728b)  -> (artifact id: '14e0773ba0b495d6630105585f28416b') in 0.017416 seconds 
========================================================================
Received Import Request.
  Time since last request: 0.000031 seconds.
  path: Assets/PandazoleHome/Prefabs/Prop_PictureFrame_01.prefab
  artifactKey: Guid(e71fd30b99eb17941b906ddf1aa38509) Importer(815301076,1909f56bfc062723c751e8b465ee728b)
Start importing Assets/PandazoleHome/Prefabs/Prop_PictureFrame_01.prefab using Guid(e71fd30b99eb17941b906ddf1aa38509) Importer(815301076,1909f56bfc062723c751e8b465ee728b)  -> (artifact id: '52fcc93110272aae7e1b1462cc8c8d7f') in 0.020354 seconds 
========================================================================
Received Import Request.
  Time since last request: 0.000018 seconds.
  path: Assets/PandazoleHome/Prefabs/Prop_Mirror_01.prefab
  artifactKey: Guid(43370f2e01c86b048945ae33be0ce755) Importer(815301076,1909f56bfc062723c751e8b465ee728b)
Start importing Assets/PandazoleHome/Prefabs/Prop_Mirror_01.prefab using Guid(43370f2e01c86b048945ae33be0ce755) Importer(815301076,1909f56bfc062723c751e8b465ee728b)  -> (artifact id: 'ed80c95caa98017c41847a705ef696ba') in 0.018718 seconds 
========================================================================
Received Import Request.
  Time since last request: 0.000021 seconds.
  path: Assets/PandazoleHome/Prefabs/Prop_Microwave_03.prefab
  artifactKey: Guid(8776374befdb4a84dba81ae67dc9d29d) Importer(815301076,1909f56bfc062723c751e8b465ee728b)
Start importing Assets/PandazoleHome/Prefabs/Prop_Microwave_03.prefab using Guid(8776374befdb4a84dba81ae67dc9d29d) Importer(815301076,1909f56bfc062723c751e8b465ee728b)  -> (artifact id: '3f5f59610bcbb5da1b9acecb6ca98de3') in 0.018052 seconds 
========================================================================
Received Import Request.
  Time since last request: 0.000020 seconds.
  path: Assets/PandazoleHome/Prefabs/Prop_Shelve_09.prefab
  artifactKey: Guid(e601b705a6226b44ca5b28b3746c9175) Importer(815301076,1909f56bfc062723c751e8b465ee728b)
Start importing Assets/PandazoleHome/Prefabs/Prop_Shelve_09.prefab using Guid(e601b705a6226b44ca5b28b3746c9175) Importer(815301076,1909f56bfc062723c751e8b465ee728b)  -> (artifact id: 'b1e17cbd32c44dbdc5d107e7e930e921') in 0.016637 seconds 
========================================================================
Received Import Request.
  Time since last request: 0.000022 seconds.
  path: Assets/PandazoleHome/Prefabs/Prop_Paint_07.prefab
  artifactKey: Guid(247c8f6b69cd7fd49a96d963ed8afbdd) Importer(815301076,1909f56bfc062723c751e8b465ee728b)
Start importing Assets/PandazoleHome/Prefabs/Prop_Paint_07.prefab using Guid(247c8f6b69cd7fd49a96d963ed8afbdd) Importer(815301076,1909f56bfc062723c751e8b465ee728b)  -> (artifact id: '64d434dc9ef0bf3d2dddad5f00dd897a') in 0.017833 seconds 
========================================================================
Received Import Request.
  Time since last request: 0.000033 seconds.
  path: Assets/PandazoleHome/Prefabs/Prop_Pouffes_07.prefab
  artifactKey: Guid(4c69c213514274f46b47c91794abeb64) Importer(815301076,1909f56bfc062723c751e8b465ee728b)
Start importing Assets/PandazoleHome/Prefabs/Prop_Pouffes_07.prefab using Guid(4c69c213514274f46b47c91794abeb64) Importer(815301076,1909f56bfc062723c751e8b465ee728b)  -> (artifact id: '736ede0c8e97eb8e0881afd26e350422') in 0.017874 seconds 
========================================================================
Received Import Request.
  Time since last request: 0.000031 seconds.
  path: Assets/PandazoleHome/Prefabs/Prop_Shelve_12.prefab
  artifactKey: Guid(a380938e4cc3a024c9f4aaf6b18082e8) Importer(815301076,1909f56bfc062723c751e8b465ee728b)
Start importing Assets/PandazoleHome/Prefabs/Prop_Shelve_12.prefab using Guid(a380938e4cc3a024c9f4aaf6b18082e8) Importer(815301076,1909f56bfc062723c751e8b465ee728b)  -> (artifact id: 'b1ebca96ccb6b5b0b58af2f504ad8cfd') in 0.017360 seconds 
========================================================================
Received Import Request.
  Time since last request: 0.000039 seconds.
  path: Assets/PandazoleHome/Prefabs/Prop_ShapeSortingToy.prefab
  artifactKey: Guid(c27f938d98f88cc49992e4940f5fbffa) Importer(815301076,1909f56bfc062723c751e8b465ee728b)
Start importing Assets/PandazoleHome/Prefabs/Prop_ShapeSortingToy.prefab using Guid(c27f938d98f88cc49992e4940f5fbffa) Importer(815301076,1909f56bfc062723c751e8b465ee728b)  -> (artifact id: '0233eea8ce4d87fab9ad681eb37a1f2f') in 0.015999 seconds 
========================================================================
Received Import Request.
  Time since last request: 1.676854 seconds.
  path: Assets/PandazoleHome/Prefabs/Prop_Sofa_05_A.prefab
  artifactKey: Guid(221f375bb3ad198478dd88e058a92637) Importer(815301076,1909f56bfc062723c751e8b465ee728b)
Start importing Assets/PandazoleHome/Prefabs/Prop_Sofa_05_A.prefab using Guid(221f375bb3ad198478dd88e058a92637) Importer(815301076,1909f56bfc062723c751e8b465ee728b)  -> (artifact id: '5a175e141f51ed6061e82e53b753860f') in 0.014724 seconds 
========================================================================
Received Import Request.
  Time since last request: 0.000018 seconds.
  path: Assets/PandazoleHome/Prefabs/Prop_Table_09.prefab
  artifactKey: Guid(ed6b5e2d3a443844f84c6d8468332caa) Importer(815301076,1909f56bfc062723c751e8b465ee728b)
Start importing Assets/PandazoleHome/Prefabs/Prop_Table_09.prefab using Guid(ed6b5e2d3a443844f84c6d8468332caa) Importer(815301076,1909f56bfc062723c751e8b465ee728b)  -> (artifact id: 'e56e526d41a864038404a2ddf43b0035') in 0.020465 seconds 
========================================================================
Received Import Request.
  Time since last request: 0.000026 seconds.
  path: Assets/PandazoleHome/Prefabs/Prop_Sofa_06_D.prefab
  artifactKey: Guid(6dae976ee728f814396e000fd2afdf56) Importer(815301076,1909f56bfc062723c751e8b465ee728b)
Start importing Assets/PandazoleHome/Prefabs/Prop_Sofa_06_D.prefab using Guid(6dae976ee728f814396e000fd2afdf56) Importer(815301076,1909f56bfc062723c751e8b465ee728b)  -> (artifact id: '9c19cc62be0c75ccbed07ffeb1ee511d') in 0.018838 seconds 
========================================================================
Received Import Request.
  Time since last request: 0.000024 seconds.
  path: Assets/PandazoleHome/Prefabs/Prop_Sofa_06_B.prefab
  artifactKey: Guid(7d2ac2fe276065f4d9019073c3bc4c46) Importer(815301076,1909f56bfc062723c751e8b465ee728b)
Start importing Assets/PandazoleHome/Prefabs/Prop_Sofa_06_B.prefab using Guid(7d2ac2fe276065f4d9019073c3bc4c46) Importer(815301076,1909f56bfc062723c751e8b465ee728b)  -> (artifact id: '0ec858c4ef6e934f9e87a0699dbaa4f7') in 0.017200 seconds 
========================================================================
Received Import Request.
  Time since last request: 0.000021 seconds.
  path: Assets/PandazoleHome/Prefabs/Prop_Storage_01.prefab
  artifactKey: Guid(018043cfabdde774ba9cce7ebdbca091) Importer(815301076,1909f56bfc062723c751e8b465ee728b)
Start importing Assets/PandazoleHome/Prefabs/Prop_Storage_01.prefab using Guid(018043cfabdde774ba9cce7ebdbca091) Importer(815301076,1909f56bfc062723c751e8b465ee728b)  -> (artifact id: 'fd4532827a9101df9df8116b05b29589') in 0.017590 seconds 
========================================================================
Received Import Request.
  Time since last request: 0.000036 seconds.
  path: Assets/PandazoleHome/Prefabs/Prop_Table_05.prefab
  artifactKey: Guid(4ccbd0316b6b9714c8810954bb035dd9) Importer(815301076,1909f56bfc062723c751e8b465ee728b)
Start importing Assets/PandazoleHome/Prefabs/Prop_Table_05.prefab using Guid(4ccbd0316b6b9714c8810954bb035dd9) Importer(815301076,1909f56bfc062723c751e8b465ee728b)  -> (artifact id: '782e889bc3762c09d65a75961a07071f') in 0.018770 seconds 
========================================================================
Received Import Request.
  Time since last request: 0.000019 seconds.
  path: Assets/PandazoleHome/Prefabs/Prop_SurfaceStove_01.prefab
  artifactKey: Guid(c33b4d5a5496fe742a54e956c9bd07ee) Importer(815301076,1909f56bfc062723c751e8b465ee728b)
Start importing Assets/PandazoleHome/Prefabs/Prop_SurfaceStove_01.prefab using Guid(c33b4d5a5496fe742a54e956c9bd07ee) Importer(815301076,1909f56bfc062723c751e8b465ee728b)  -> (artifact id: '5e7c40fc9e5c1ddaeb1b62b045c7afe7') in 0.017680 seconds 
========================================================================
Received Import Request.
  Time since last request: 0.000021 seconds.
  path: Assets/PandazoleHome/Prefabs/Prop_Table_03.prefab
  artifactKey: Guid(5072c069607d14240a7a2691cdc97d93) Importer(815301076,1909f56bfc062723c751e8b465ee728b)
Start importing Assets/PandazoleHome/Prefabs/Prop_Table_03.prefab using Guid(5072c069607d14240a7a2691cdc97d93) Importer(815301076,1909f56bfc062723c751e8b465ee728b)  -> (artifact id: 'fcc643b965fb07a87fda65aa6b37455e') in 0.016569 seconds 
========================================================================
Received Import Request.
  Time since last request: 61.117789 seconds.
  path: Assets/PandazoleHome/Prefabs/Prop_Table_10.prefab
  artifactKey: Guid(ce84537aafaf10642b4f78f152d0cb53) Importer(815301076,1909f56bfc062723c751e8b465ee728b)
Start importing Assets/PandazoleHome/Prefabs/Prop_Table_10.prefab using Guid(ce84537aafaf10642b4f78f152d0cb53) Importer(815301076,1909f56bfc062723c751e8b465ee728b)  -> (artifact id: '63b2d35cf65a9d6563b20231c3978a9c') in 0.016526 seconds 
========================================================================
Received Import Request.
  Time since last request: 0.000023 seconds.
  path: Assets/PandazoleHome/Prefabs/Prop_Table_14.prefab
  artifactKey: Guid(a7a56e94137616b44ba24d1e4f670a63) Importer(815301076,1909f56bfc062723c751e8b465ee728b)
Start importing Assets/PandazoleHome/Prefabs/Prop_Table_14.prefab using Guid(a7a56e94137616b44ba24d1e4f670a63) Importer(815301076,1909f56bfc062723c751e8b465ee728b)  -> (artifact id: '71437cdf6e4836837eb57d97b0165b5f') in 0.015721 seconds 
========================================================================
Received Import Request.
  Time since last request: 0.000021 seconds.
  path: Assets/PandazoleHome/Prefabs/Prop_TeddyBear_04.prefab
  artifactKey: Guid(625b27705cf415242913c2cd454718e8) Importer(815301076,1909f56bfc062723c751e8b465ee728b)
Start importing Assets/PandazoleHome/Prefabs/Prop_TeddyBear_04.prefab using Guid(625b27705cf415242913c2cd454718e8) Importer(815301076,1909f56bfc062723c751e8b465ee728b)  -> (artifact id: '63e7925ae5ea224dd5c270b0f339f6fa') in 0.016678 seconds 
========================================================================
Received Import Request.
  Time since last request: 0.000017 seconds.
  path: Assets/PandazoleHome/Prefabs/Prop_Toilet_02.prefab
  artifactKey: Guid(db33d25094d109346b90b5f2c993c8ba) Importer(815301076,1909f56bfc062723c751e8b465ee728b)
Start importing Assets/PandazoleHome/Prefabs/Prop_Toilet_02.prefab using Guid(db33d25094d109346b90b5f2c993c8ba) Importer(815301076,1909f56bfc062723c751e8b465ee728b)  -> (artifact id: '8cb6bdc16e53bfdaaee3ce1f7b09db2f') in 0.019787 seconds 
========================================================================
Received Import Request.
  Time since last request: 0.000019 seconds.
  path: Assets/PandazoleHome/Prefabs/Prop_Table_16.prefab
  artifactKey: Guid(f387079a14e45fc4bbfd884a1e7f69f5) Importer(815301076,1909f56bfc062723c751e8b465ee728b)
Start importing Assets/PandazoleHome/Prefabs/Prop_Table_16.prefab using Guid(f387079a14e45fc4bbfd884a1e7f69f5) Importer(815301076,1909f56bfc062723c751e8b465ee728b)  -> (artifact id: '2ef947e03eab4152857e5985d2297234') in 0.015612 seconds 
========================================================================
Received Import Request.
  Time since last request: 0.000019 seconds.
  path: Assets/PandazoleHome/Prefabs/Prop_TeddyBear_05.prefab
  artifactKey: Guid(5ffa8ec27fcf036439322b0ef74ca02f) Importer(815301076,1909f56bfc062723c751e8b465ee728b)
Start importing Assets/PandazoleHome/Prefabs/Prop_TeddyBear_05.prefab using Guid(5ffa8ec27fcf036439322b0ef74ca02f) Importer(815301076,1909f56bfc062723c751e8b465ee728b)  -> (artifact id: '453055d17c43fa661922f37fc5d3b158') in 0.016587 seconds 
========================================================================
Received Import Request.
  Time since last request: 0.000027 seconds.
  path: Assets/PandazoleHome/Prefabs/Prop_Telephone.prefab
  artifactKey: Guid(b95bfe9b76badbe47b2b7f910c57bffe) Importer(815301076,1909f56bfc062723c751e8b465ee728b)
Start importing Assets/PandazoleHome/Prefabs/Prop_Telephone.prefab using Guid(b95bfe9b76badbe47b2b7f910c57bffe) Importer(815301076,1909f56bfc062723c751e8b465ee728b)  -> (artifact id: '3f2a8c24793604bbfd806ec078b22d08') in 0.016698 seconds 
========================================================================
Received Import Request.
  Time since last request: 0.000017 seconds.
  path: Assets/PandazoleHome/Prefabs/Prop_Table_18.prefab
  artifactKey: Guid(10f630f606d05c44281a065fed56818a) Importer(815301076,1909f56bfc062723c751e8b465ee728b)
Start importing Assets/PandazoleHome/Prefabs/Prop_Table_18.prefab using Guid(10f630f606d05c44281a065fed56818a) Importer(815301076,1909f56bfc062723c751e8b465ee728b)  -> (artifact id: 'fedfe4466b223944d87c3429ce182c8e') in 0.018756 seconds 
========================================================================
Received Import Request.
  Time since last request: 0.000018 seconds.
  path: Assets/PandazoleHome/Prefabs/Prop_TeddyBear_03.prefab
  artifactKey: Guid(ddaeb73f60bbfb043a640883d3f6be01) Importer(815301076,1909f56bfc062723c751e8b465ee728b)
Start importing Assets/PandazoleHome/Prefabs/Prop_TeddyBear_03.prefab using Guid(ddaeb73f60bbfb043a640883d3f6be01) Importer(815301076,1909f56bfc062723c751e8b465ee728b)  -> (artifact id: '6652f9ad3b9d2eb515970c5d2d6c815e') in 0.015868 seconds 
========================================================================
Received Import Request.
  Time since last request: 0.000017 seconds.
  path: Assets/PandazoleHome/Prefabs/Prop_Table_13.prefab
  artifactKey: Guid(55430e238b7bb1b42b685a674ff555b2) Importer(815301076,1909f56bfc062723c751e8b465ee728b)
Start importing Assets/PandazoleHome/Prefabs/Prop_Table_13.prefab using Guid(55430e238b7bb1b42b685a674ff555b2) Importer(815301076,1909f56bfc062723c751e8b465ee728b)  -> (artifact id: 'b08268ff1460abff019f63456b978543') in 0.016598 seconds 
========================================================================
Received Import Request.
  Time since last request: 0.000028 seconds.
  path: Assets/PandazoleHome/Prefabs/Prop_ThrowingStick.prefab
  artifactKey: Guid(e6c23d35595ecb245885ea02d20e225c) Importer(815301076,1909f56bfc062723c751e8b465ee728b)
Start importing Assets/PandazoleHome/Prefabs/Prop_ThrowingStick.prefab using Guid(e6c23d35595ecb245885ea02d20e225c) Importer(815301076,1909f56bfc062723c751e8b465ee728b)  -> (artifact id: '35f5b12019f194b9f2db11dde976058b') in 0.016954 seconds 
========================================================================
Received Import Request.
  Time since last request: 0.713104 seconds.
  path: Assets/PandazoleHome/Prefabs/Prop_ToiletPaper.prefab
  artifactKey: Guid(af3af74bf1e86ee40ac38a264977ffb2) Importer(815301076,1909f56bfc062723c751e8b465ee728b)
Start importing Assets/PandazoleHome/Prefabs/Prop_ToiletPaper.prefab using Guid(af3af74bf1e86ee40ac38a264977ffb2) Importer(815301076,1909f56bfc062723c751e8b465ee728b)  -> (artifact id: 'ba40b156c854723ba7c7233420330695') in 0.014317 seconds 
========================================================================
Received Import Request.
  Time since last request: 0.000023 seconds.
  path: Assets/PandazoleHome/Prefabs/Prop_Toy_01.prefab
  artifactKey: Guid(7958bf0f86632a740b8ec46394e8d36c) Importer(815301076,1909f56bfc062723c751e8b465ee728b)
Start importing Assets/PandazoleHome/Prefabs/Prop_Toy_01.prefab using Guid(7958bf0f86632a740b8ec46394e8d36c) Importer(815301076,1909f56bfc062723c751e8b465ee728b)  -> (artifact id: '4342e9f7b99ddfb3c6ad5e1d910a7369') in 0.015434 seconds 
========================================================================
Received Import Request.
  Time since last request: 0.000020 seconds.
  path: Assets/PandazoleHome/Prefabs/Prop_ToyXylophone.prefab
  artifactKey: Guid(90035a9892dd65e4986373bc91a13393) Importer(815301076,1909f56bfc062723c751e8b465ee728b)
Start importing Assets/PandazoleHome/Prefabs/Prop_ToyXylophone.prefab using Guid(90035a9892dd65e4986373bc91a13393) Importer(815301076,1909f56bfc062723c751e8b465ee728b)  -> (artifact id: '7af093f35dc0d3272c33663f951a5ea2') in 0.016935 seconds 
========================================================================
Received Import Request.
  Time since last request: 0.000019 seconds.
  path: Assets/PandazoleHome/Prefabs/Prop_WallHanger_02.prefab
  artifactKey: Guid(e6611c4ccbf11e74992c9f6f419bd980) Importer(815301076,1909f56bfc062723c751e8b465ee728b)
Start importing Assets/PandazoleHome/Prefabs/Prop_WallHanger_02.prefab using Guid(e6611c4ccbf11e74992c9f6f419bd980) Importer(815301076,1909f56bfc062723c751e8b465ee728b)  -> (artifact id: 'bb13f45525ff919768e6cf343592d720') in 0.013982 seconds 
========================================================================
Received Import Request.
  Time since last request: 0.000021 seconds.
  path: Assets/PandazoleHome/Prefabs/Prop_ToyTrain_03.prefab
  artifactKey: Guid(66c9c94059f6fcf4c96d5f027095adb6) Importer(815301076,1909f56bfc062723c751e8b465ee728b)
Start importing Assets/PandazoleHome/Prefabs/Prop_ToyTrain_03.prefab using Guid(66c9c94059f6fcf4c96d5f027095adb6) Importer(815301076,1909f56bfc062723c751e8b465ee728b)  -> (artifact id: '61ac3688166778b34deeb9cc5b54ece7') in 0.014546 seconds 
========================================================================
Received Import Request.
  Time since last request: 0.000017 seconds.
  path: Assets/PandazoleHome/Prefabs/Prop_ToyTrain_01.prefab
  artifactKey: Guid(9457934fe0c66914a9b0e7dcadac76fc) Importer(815301076,1909f56bfc062723c751e8b465ee728b)
Start importing Assets/PandazoleHome/Prefabs/Prop_ToyTrain_01.prefab using Guid(9457934fe0c66914a9b0e7dcadac76fc) Importer(815301076,1909f56bfc062723c751e8b465ee728b)  -> (artifact id: 'eab674eac9d767fe72de8d86a34e5b71') in 0.015844 seconds 
========================================================================
Received Import Request.
  Time since last request: 0.000022 seconds.
  path: Assets/PandazoleHome/Prefabs/Prop_ToyCar_01.prefab
  artifactKey: Guid(f7795ef49a32a1f448876d068cee1ab1) Importer(815301076,1909f56bfc062723c751e8b465ee728b)
Start importing Assets/PandazoleHome/Prefabs/Prop_ToyCar_01.prefab using Guid(f7795ef49a32a1f448876d068cee1ab1) Importer(815301076,1909f56bfc062723c751e8b465ee728b)  -> (artifact id: 'c0e84e70ee1fdaf25c2f636e69df9c09') in 0.014668 seconds 
========================================================================
Received Import Request.
  Time since last request: 0.000023 seconds.
  path: Assets/PandazoleHome/Prefabs/Prop_TrashCan_02.prefab
  artifactKey: Guid(c37ec82a1cd565f49a1171702fb5821e) Importer(815301076,1909f56bfc062723c751e8b465ee728b)
Start importing Assets/PandazoleHome/Prefabs/Prop_TrashCan_02.prefab using Guid(c37ec82a1cd565f49a1171702fb5821e) Importer(815301076,1909f56bfc062723c751e8b465ee728b)  -> (artifact id: 'f5ad72143480c8710ccc5eb43d4f468c') in 0.017395 seconds 
========================================================================
Received Import Request.
  Time since last request: 0.000024 seconds.
  path: Assets/PandazoleHome/Prefabs/Prop_TowelRails_01.prefab
  artifactKey: Guid(7e2106ef1068bf84688510cc18d86bc2) Importer(815301076,1909f56bfc062723c751e8b465ee728b)
Start importing Assets/PandazoleHome/Prefabs/Prop_TowelRails_01.prefab using Guid(7e2106ef1068bf84688510cc18d86bc2) Importer(815301076,1909f56bfc062723c751e8b465ee728b)  -> (artifact id: '23d620279bdf00b1758324a6e28d9261') in 0.014880 seconds 
========================================================================
Received Import Request.
  Time since last request: 0.000018 seconds.
  path: Assets/PandazoleHome/Prefabs/Prop_WallDecor_01.prefab
  artifactKey: Guid(30b106200cab0de4d9c57ef79607d454) Importer(815301076,1909f56bfc062723c751e8b465ee728b)
Start importing Assets/PandazoleHome/Prefabs/Prop_WallDecor_01.prefab using Guid(30b106200cab0de4d9c57ef79607d454) Importer(815301076,1909f56bfc062723c751e8b465ee728b)  -> (artifact id: '45f4f34d8d0c8d0fe7c7ce70866e8b09') in 0.015236 seconds 
========================================================================
Received Import Request.
  Time since last request: 0.000025 seconds.
  path: Assets/PandazoleHome/Prefabs/Prop_ToyTrain_05.prefab
  artifactKey: Guid(5aa0fa2f0ae58574fbb4cc0840a150b3) Importer(815301076,1909f56bfc062723c751e8b465ee728b)
Start importing Assets/PandazoleHome/Prefabs/Prop_ToyTrain_05.prefab using Guid(5aa0fa2f0ae58574fbb4cc0840a150b3) Importer(815301076,1909f56bfc062723c751e8b465ee728b)  -> (artifact id: '47780108ea05db398c6d6ed8fa8fe7d1') in 0.014944 seconds 
========================================================================
Received Import Request.
  Time since last request: 2.300522 seconds.
  path: Assets/PandazoleHome/Models/Demo/Pandazole Home Interior.fbx
  artifactKey: Guid(2bdcb97bba847364597be0c630dac82a) Importer(815301076,1909f56bfc062723c751e8b465ee728b)
Start importing Assets/PandazoleHome/Models/Demo/Pandazole Home Interior.fbx using Guid(2bdcb97bba847364597be0c630dac82a) Importer(815301076,1909f56bfc062723c751e8b465ee728b)  -> (artifact id: '305514e6b32b3adaba45399014c0a9e5') in 2.980152 seconds 
========================================================================
Received Import Request.
  Time since last request: 394.310351 seconds.
  path: Assets/PandazoleHome/Prefabs/Prop_WallPlugin.prefab
  artifactKey: Guid(25812bd490e91ce44908ab6131d57d58) Importer(815301076,1909f56bfc062723c751e8b465ee728b)
Start importing Assets/PandazoleHome/Prefabs/Prop_WallPlugin.prefab using Guid(25812bd490e91ce44908ab6131d57d58) Importer(815301076,1909f56bfc062723c751e8b465ee728b)  -> (artifact id: 'd654ee26ade2dd65241922c9bef46645') in 0.021552 seconds 
========================================================================
Received Import Request.
  Time since last request: 0.000021 seconds.
  path: Assets/PandazoleHome/Prefabs/Prop_Washer_01.prefab
  artifactKey: Guid(a7ab1bb90a3206b4b83bff2c6fef346d) Importer(815301076,1909f56bfc062723c751e8b465ee728b)
Start importing Assets/PandazoleHome/Prefabs/Prop_Washer_01.prefab using Guid(a7ab1bb90a3206b4b83bff2c6fef346d) Importer(815301076,1909f56bfc062723c751e8b465ee728b)  -> (artifact id: 'a29e62273eeb731394c6307a9eeead20') in 0.019665 seconds 
========================================================================
Received Import Request.
  Time since last request: 0.000027 seconds.
  path: Assets/PandazoleHome/Prefabs/Prop_WallShelf_03.prefab
  artifactKey: Guid(1db9190a29141ba43b918ce960a32a78) Importer(815301076,1909f56bfc062723c751e8b465ee728b)
Start importing Assets/PandazoleHome/Prefabs/Prop_WallShelf_03.prefab using Guid(1db9190a29141ba43b918ce960a32a78) Importer(815301076,1909f56bfc062723c751e8b465ee728b)  -> (artifact id: '70e97efd97711264d62d69d79aaadedc') in 0.015183 seconds 
========================================================================
Received Import Request.
  Time since last request: 0.000019 seconds.
  path: Assets/PandazoleHome/Prefabs/Prop_Wardrobe_01.prefab
  artifactKey: Guid(2d68c323a6a91d74facf8bd291581e6a) Importer(815301076,1909f56bfc062723c751e8b465ee728b)
Start importing Assets/PandazoleHome/Prefabs/Prop_Wardrobe_01.prefab using Guid(2d68c323a6a91d74facf8bd291581e6a) Importer(815301076,1909f56bfc062723c751e8b465ee728b)  -> (artifact id: '8068a785176e05969e8620ae2203bf30') in 0.015061 seconds 
========================================================================
Received Import Request.
  Time since last request: 0.000025 seconds.
  path: Assets/PandazoleHome/Prefabs/Prop_Wardrobe_03.prefab
  artifactKey: Guid(d35f1c668850a444289e4b4cff6283ab) Importer(815301076,1909f56bfc062723c751e8b465ee728b)
Start importing Assets/PandazoleHome/Prefabs/Prop_Wardrobe_03.prefab using Guid(d35f1c668850a444289e4b4cff6283ab) Importer(815301076,1909f56bfc062723c751e8b465ee728b)  -> (artifact id: '67376c6e5410620df1ca9428508d2798') in 0.015895 seconds 
========================================================================
Received Import Request.
  Time since last request: 0.000018 seconds.
  path: Assets/PandazoleHome/Prefabs/Prop_WaterDrain.prefab
  artifactKey: Guid(bfacbef2bd9c7774f89c2e8edbecbda9) Importer(815301076,1909f56bfc062723c751e8b465ee728b)
Start importing Assets/PandazoleHome/Prefabs/Prop_WaterDrain.prefab using Guid(bfacbef2bd9c7774f89c2e8edbecbda9) Importer(815301076,1909f56bfc062723c751e8b465ee728b)  -> (artifact id: '8c1ef1a374825c47c7372cfb2cd9c085') in 0.015256 seconds 
========================================================================
Received Import Request.
  Time since last request: 0.000024 seconds.
  path: Assets/PandazoleHome/Prefabs/Prop_WallShelf_09.prefab
  artifactKey: Guid(532b083a09454d849a545ec02bb1a7e0) Importer(815301076,1909f56bfc062723c751e8b465ee728b)
Start importing Assets/PandazoleHome/Prefabs/Prop_WallShelf_09.prefab using Guid(532b083a09454d849a545ec02bb1a7e0) Importer(815301076,1909f56bfc062723c751e8b465ee728b)  -> (artifact id: '237e0e1f6a8d976526a7cf03a4662d73') in 0.016649 seconds 
========================================================================
Received Import Request.
  Time since last request: 0.000017 seconds.
  path: Assets/PandazoleHome/Prefabs/Prop_WallShelf_05.prefab
  artifactKey: Guid(42bd9f120b81dd143826470232c2d1b9) Importer(815301076,1909f56bfc062723c751e8b465ee728b)
Start importing Assets/PandazoleHome/Prefabs/Prop_WallShelf_05.prefab using Guid(42bd9f120b81dd143826470232c2d1b9) Importer(815301076,1909f56bfc062723c751e8b465ee728b)  -> (artifact id: '178a3838db8fb4f69b9b4414fa71d159') in 0.040487 seconds 
========================================================================
Received Import Request.
  Time since last request: 0.000026 seconds.
  path: Assets/PandazoleHome/Prefabs/Prop_WallShelf_11.prefab
  artifactKey: Guid(4986ecd3fb865dc46a382d7cf40947d2) Importer(815301076,1909f56bfc062723c751e8b465ee728b)
Start importing Assets/PandazoleHome/Prefabs/Prop_WallShelf_11.prefab using Guid(4986ecd3fb865dc46a382d7cf40947d2) Importer(815301076,1909f56bfc062723c751e8b465ee728b)  -> (artifact id: '25df18fb91cc36e014a457454a29c059') in 0.016931 seconds 
========================================================================
Received Import Request.
  Time since last request: 0.000020 seconds.
  path: Assets/PandazoleHome/Prefabs/Prop_WaterDispenser.prefab
  artifactKey: Guid(930b2b6c70bb2ee4a8c39ef57c51ed02) Importer(815301076,1909f56bfc062723c751e8b465ee728b)
Start importing Assets/PandazoleHome/Prefabs/Prop_WaterDispenser.prefab using Guid(930b2b6c70bb2ee4a8c39ef57c51ed02) Importer(815301076,1909f56bfc062723c751e8b465ee728b)  -> (artifact id: 'd677b577b2994c8f113de89464dc4d8c') in 0.015015 seconds 
========================================================================
Received Import Request.
  Time since last request: 0.000019 seconds.
  path: Assets/PandazoleHome/Prefabs/Prop_Wardrobe_04.prefab
  artifactKey: Guid(d7fb087ca6326a746bc2d460db02702c) Importer(815301076,1909f56bfc062723c751e8b465ee728b)
Start importing Assets/PandazoleHome/Prefabs/Prop_Wardrobe_04.prefab using Guid(d7fb087ca6326a746bc2d460db02702c) Importer(815301076,1909f56bfc062723c751e8b465ee728b)  -> (artifact id: '1caf407389429c0de1c6ce894c1c77bf') in 0.014938 seconds 
========================================================================
Received Import Request.
  Time since last request: 0.118358 seconds.
  path: Assets/PandazoleHome/Prefabs/Prop_WorkoutMat_01.prefab
  artifactKey: Guid(7dc08dd1d2e3a3441b1a3acb353274bf) Importer(815301076,1909f56bfc062723c751e8b465ee728b)
Start importing Assets/PandazoleHome/Prefabs/Prop_WorkoutMat_01.prefab using Guid(7dc08dd1d2e3a3441b1a3acb353274bf) Importer(815301076,1909f56bfc062723c751e8b465ee728b)  -> (artifact id: '102f102327173c6f8290039db085153f') in 0.013358 seconds 
========================================================================
Received Import Request.
  Time since last request: 1932.738479 seconds.
  path: Assets/PandazoleHome/Models/Prop_BabyBed_01.fbx
  artifactKey: Guid(3765cc14a655f2448ba8f74faab9ccac) Importer(815301076,1909f56bfc062723c751e8b465ee728b)
Start importing Assets/PandazoleHome/Models/Prop_BabyBed_01.fbx using Guid(3765cc14a655f2448ba8f74faab9ccac) Importer(815301076,1909f56bfc062723c751e8b465ee728b)  -> (artifact id: '5a88172133928d92be72eda177d355a5') in 0.024253 seconds 
========================================================================
Received Import Request.
  Time since last request: 0.000027 seconds.
  path: Assets/PandazoleHome/Models/Prop_Bed_01.fbx
  artifactKey: Guid(59d91be06cfef614ca54988a9d6bcf13) Importer(815301076,1909f56bfc062723c751e8b465ee728b)
Start importing Assets/PandazoleHome/Models/Prop_Bed_01.fbx using Guid(59d91be06cfef614ca54988a9d6bcf13) Importer(815301076,1909f56bfc062723c751e8b465ee728b)  -> (artifact id: '1e8b95195d894968f2e46c8faa59417e') in 0.022318 seconds 
========================================================================
Received Import Request.
  Time since last request: 0.000031 seconds.
  path: Assets/PandazoleHome/Models/Prop_Ball_05.fbx
  artifactKey: Guid(25c4bf8c0db29bd4494044b01a44499e) Importer(815301076,1909f56bfc062723c751e8b465ee728b)
Start importing Assets/PandazoleHome/Models/Prop_Ball_05.fbx using Guid(25c4bf8c0db29bd4494044b01a44499e) Importer(815301076,1909f56bfc062723c751e8b465ee728b)  -> (artifact id: '41a2851d5b2ce9bad991585cd3030953') in 0.019496 seconds 
========================================================================
Received Import Request.
  Time since last request: 0.000018 seconds.
  path: Assets/PandazoleHome/Models/Prop_Bath_02.fbx
  artifactKey: Guid(2b6ab958531ad0e4686ae3c2ac4ab30d) Importer(815301076,1909f56bfc062723c751e8b465ee728b)
Start importing Assets/PandazoleHome/Models/Prop_Bath_02.fbx using Guid(2b6ab958531ad0e4686ae3c2ac4ab30d) Importer(815301076,1909f56bfc062723c751e8b465ee728b)  -> (artifact id: '3e7eec498dc004b7b6fb1cc21697b3d6') in 0.019205 seconds 
========================================================================
Received Import Request.
  Time since last request: 0.000031 seconds.
  path: Assets/PandazoleHome/Models/Prop_BagChair_02.fbx
  artifactKey: Guid(11bb5de475e66ea48abdc14054b39ca5) Importer(815301076,1909f56bfc062723c751e8b465ee728b)
Start importing Assets/PandazoleHome/Models/Prop_BagChair_02.fbx using Guid(11bb5de475e66ea48abdc14054b39ca5) Importer(815301076,1909f56bfc062723c751e8b465ee728b)  -> (artifact id: '38eb103563fd7034a6e3ac91d860b598') in 0.020487 seconds 
========================================================================
Received Import Request.
  Time since last request: 0.000037 seconds.
  path: Assets/PandazoleHome/Models/Prop_Beauty_03.fbx
  artifactKey: Guid(b216abf84d5ac0c4ba7229e8a930943f) Importer(815301076,1909f56bfc062723c751e8b465ee728b)
Start importing Assets/PandazoleHome/Models/Prop_Beauty_03.fbx using Guid(b216abf84d5ac0c4ba7229e8a930943f) Importer(815301076,1909f56bfc062723c751e8b465ee728b)  -> (artifact id: '728c55bba2e898085d44aee14ceedd0a') in 0.020843 seconds 
========================================================================
Received Import Request.
  Time since last request: 0.000021 seconds.
  path: Assets/PandazoleHome/Models/Prop_Ball_01.fbx
  artifactKey: Guid(3be4acc796b90db428e6bd8a39ac0adc) Importer(815301076,1909f56bfc062723c751e8b465ee728b)
Start importing Assets/PandazoleHome/Models/Prop_Ball_01.fbx using Guid(3be4acc796b90db428e6bd8a39ac0adc) Importer(815301076,1909f56bfc062723c751e8b465ee728b)  -> (artifact id: 'b4d525c0613f763aa31f9b2226b2f63a') in 0.016445 seconds 
========================================================================
Received Import Request.
  Time since last request: 0.000025 seconds.
  path: Assets/PandazoleHome/Models/Prop_Beauty_02.fbx
  artifactKey: Guid(6ffb8a0842027194a91d81660d1dcbbd) Importer(815301076,1909f56bfc062723c751e8b465ee728b)
Start importing Assets/PandazoleHome/Models/Prop_Beauty_02.fbx using Guid(6ffb8a0842027194a91d81660d1dcbbd) Importer(815301076,1909f56bfc062723c751e8b465ee728b)  -> (artifact id: '66f71776063f82faeb17bb7ef3e3ac0f') in 0.015200 seconds 
========================================================================
Received Import Request.
  Time since last request: 0.000027 seconds.
  path: Assets/PandazoleHome/Models/Prop_Beauty_06.fbx
  artifactKey: Guid(27a43b755b5012c4d8cbe19850407102) Importer(815301076,1909f56bfc062723c751e8b465ee728b)
Start importing Assets/PandazoleHome/Models/Prop_Beauty_06.fbx using Guid(27a43b755b5012c4d8cbe19850407102) Importer(815301076,1909f56bfc062723c751e8b465ee728b)  -> (artifact id: 'a8423aa012f09f4a586e84f515e1237d') in 0.018554 seconds 
========================================================================
Received Import Request.
  Time since last request: 0.000034 seconds.
  path: Assets/PandazoleHome/Models/Prop_Bath_05.fbx
  artifactKey: Guid(10263071825f2dc40adecf848acb3f65) Importer(815301076,1909f56bfc062723c751e8b465ee728b)
Start importing Assets/PandazoleHome/Models/Prop_Bath_05.fbx using Guid(10263071825f2dc40adecf848acb3f65) Importer(815301076,1909f56bfc062723c751e8b465ee728b)  -> (artifact id: 'fd135f708439fd21e56c4a43829c5517') in 0.023153 seconds 
========================================================================
Received Import Request.
  Time since last request: 0.000029 seconds.
  path: Assets/PandazoleHome/Models/Prop_Bed_03.fbx
  artifactKey: Guid(a45f51de007e00043916205f6b5151e2) Importer(815301076,1909f56bfc062723c751e8b465ee728b)
Start importing Assets/PandazoleHome/Models/Prop_Bed_03.fbx using Guid(a45f51de007e00043916205f6b5151e2) Importer(815301076,1909f56bfc062723c751e8b465ee728b)  -> (artifact id: 'f16dc4b5d8d275fb05b3edb0678478e3') in 0.017599 seconds 
========================================================================
Received Import Request.
  Time since last request: 0.000020 seconds.
  path: Assets/PandazoleHome/Models/Prop_Bed_07.fbx
  artifactKey: Guid(b0be3f0ff81d3d24ba20bd4fc7413284) Importer(815301076,1909f56bfc062723c751e8b465ee728b)
Start importing Assets/PandazoleHome/Models/Prop_Bed_07.fbx using Guid(b0be3f0ff81d3d24ba20bd4fc7413284) Importer(815301076,1909f56bfc062723c751e8b465ee728b)  -> (artifact id: '5c2ceb856660a1485367c14b95c507fe') in 0.021488 seconds 
========================================================================
Received Import Request.
  Time since last request: 0.000025 seconds.
  path: Assets/PandazoleHome/Models/Prop_BabyBed_02.fbx
  artifactKey: Guid(ffff36e72625316428c9beff92e2cff7) Importer(815301076,1909f56bfc062723c751e8b465ee728b)
Start importing Assets/PandazoleHome/Models/Prop_BabyBed_02.fbx using Guid(ffff36e72625316428c9beff92e2cff7) Importer(815301076,1909f56bfc062723c751e8b465ee728b)  -> (artifact id: '35a39d79520050cde2d91c0f8fd41bdf') in 0.021112 seconds 
========================================================================
Received Import Request.
  Time since last request: 0.000032 seconds.
  path: Assets/PandazoleHome/Models/Prop_Beauty_09.fbx
  artifactKey: Guid(d8dd1c1af2ea45d45aec031473196963) Importer(815301076,1909f56bfc062723c751e8b465ee728b)
Start importing Assets/PandazoleHome/Models/Prop_Beauty_09.fbx using Guid(d8dd1c1af2ea45d45aec031473196963) Importer(815301076,1909f56bfc062723c751e8b465ee728b)  -> (artifact id: '7d1be4bd47c0f92100372d16c8361b70') in 0.016955 seconds 
========================================================================
Received Import Request.
  Time since last request: 0.000026 seconds.
  path: Assets/PandazoleHome/Models/Prop_Beauty_01.fbx
  artifactKey: Guid(bff36084acb50fd43b63599d79087301) Importer(815301076,1909f56bfc062723c751e8b465ee728b)
Start importing Assets/PandazoleHome/Models/Prop_Beauty_01.fbx using Guid(bff36084acb50fd43b63599d79087301) Importer(815301076,1909f56bfc062723c751e8b465ee728b)  -> (artifact id: '0ff8f153e2a893f2d2bd403e1ecdfc23') in 0.019524 seconds 
========================================================================
Received Import Request.
  Time since last request: 0.000023 seconds.
  path: Assets/PandazoleHome/Models/Prop_Ball_02.fbx
  artifactKey: Guid(55f3cfd6bcb604f4bbbc8f9817c5586d) Importer(815301076,1909f56bfc062723c751e8b465ee728b)
Start importing Assets/PandazoleHome/Models/Prop_Ball_02.fbx using Guid(55f3cfd6bcb604f4bbbc8f9817c5586d) Importer(815301076,1909f56bfc062723c751e8b465ee728b)  -> (artifact id: '64a25e1c753c10c6e5a3c4c107b7e273') in 0.020472 seconds 
========================================================================
Received Import Request.
  Time since last request: 0.000042 seconds.
  path: Assets/PandazoleHome/Models/Prop_BagChair_01.fbx
  artifactKey: Guid(dfe40a9004ecb404d94c32063b25ff7f) Importer(815301076,1909f56bfc062723c751e8b465ee728b)
Start importing Assets/PandazoleHome/Models/Prop_BagChair_01.fbx using Guid(dfe40a9004ecb404d94c32063b25ff7f) Importer(815301076,1909f56bfc062723c751e8b465ee728b)  -> (artifact id: '8ba3be904b44bc122df11a48a21df7b0') in 0.021107 seconds 
========================================================================
Received Import Request.
  Time since last request: 0.000031 seconds.
  path: Assets/PandazoleHome/Models/Prop_Beauty_05.fbx
  artifactKey: Guid(9ffb294653c2fb64d9f8552786546093) Importer(815301076,1909f56bfc062723c751e8b465ee728b)
Start importing Assets/PandazoleHome/Models/Prop_Beauty_05.fbx using Guid(9ffb294653c2fb64d9f8552786546093) Importer(815301076,1909f56bfc062723c751e8b465ee728b)  -> (artifact id: '08c658fa8294172b070fe5023b614202') in 0.023775 seconds 
========================================================================
Received Import Request.
  Time since last request: 0.000027 seconds.
  path: Assets/PandazoleHome/Models/Prop_Ball_03.fbx
  artifactKey: Guid(7af44053535ae604d94e6bf46b30608a) Importer(815301076,1909f56bfc062723c751e8b465ee728b)
Start importing Assets/PandazoleHome/Models/Prop_Ball_03.fbx using Guid(7af44053535ae604d94e6bf46b30608a) Importer(815301076,1909f56bfc062723c751e8b465ee728b)  -> (artifact id: '00699e4d7f8ddce213cdbd647c7432c7') in 0.021211 seconds 
========================================================================
Received Import Request.
  Time since last request: 0.000023 seconds.
  path: Assets/PandazoleHome/Models/Prop_Bath_04.fbx
  artifactKey: Guid(27e91ca5e945bb84e92a1528b4332cf0) Importer(815301076,1909f56bfc062723c751e8b465ee728b)
Start importing Assets/PandazoleHome/Models/Prop_Bath_04.fbx using Guid(27e91ca5e945bb84e92a1528b4332cf0) Importer(815301076,1909f56bfc062723c751e8b465ee728b)  -> (artifact id: 'a7caab130e558cd3bf8b315eab1dcdf6') in 0.022487 seconds 
========================================================================
Received Import Request.
  Time since last request: 0.000025 seconds.
  path: Assets/PandazoleHome/Models/Prop_Bath_03.fbx
  artifactKey: Guid(85d86b00dea2b834298c57c61b9652a9) Importer(815301076,1909f56bfc062723c751e8b465ee728b)
Start importing Assets/PandazoleHome/Models/Prop_Bath_03.fbx using Guid(85d86b00dea2b834298c57c61b9652a9) Importer(815301076,1909f56bfc062723c751e8b465ee728b)  -> (artifact id: 'eab8b93be08564365276f6e794ee6703') in 0.021832 seconds 
Editor requested this worker to shutdown with reason: Scaling down because of idle timeout
AssetImportWorker is now disconnected from the server
Process exiting
Exiting without the bug reporter. Application will terminate with return code 0