Using pre-set license
Built from '2022.1/release' branch; Version is '2022.1.21f1 (9ac1ff5ca45b) revision 10142207'; Using compiler version '192829333'; Build Type 'Release'
OS: 'Windows 11  (10.0.22621) 64bit Core' Language: 'en' Physical Memory: 32533 MB
BatchMode: 1, IsHumanControllingUs: 0, StartBugReporterOnCrash: 0, Is64bit: 1, IsPro: 1

COMMAND LINE ARGUMENTS:
C:\Program Files\Unity\Hub\Editor\2022.1.21f1\Editor\Unity.exe
-adb2
-batchMode
-noUpm
-name
AssetImportWorker6
-projectPath
C:/Users/AlexA/Documents/School/Unity/Mean One/Mean One
-logFile
Logs/AssetImportWorker6.log
-srvPort
60318
Successfully changed project path to: C:/Users/AlexA/Documents/School/Unity/Mean One/Mean One
C:/Users/AlexA/Documents/School/Unity/Mean One/Mean One
[UnityMemory] Configuration Parameters - Can be set up in boot.config
    "memorysetup-bucket-allocator-granularity=16"
    "memorysetup-bucket-allocator-bucket-count=8"
    "memorysetup-bucket-allocator-block-size=33554432"
    "memorysetup-bucket-allocator-block-count=8"
    "memorysetup-main-allocator-block-size=16777216"
    "memorysetup-thread-allocator-block-size=16777216"
    "memorysetup-gfx-main-allocator-block-size=16777216"
    "memorysetup-gfx-thread-allocator-block-size=16777216"
    "memorysetup-cache-allocator-block-size=4194304"
    "memorysetup-typetree-allocator-block-size=2097152"
    "memorysetup-profiler-bucket-allocator-granularity=16"
    "memorysetup-profiler-bucket-allocator-bucket-count=8"
    "memorysetup-profiler-bucket-allocator-block-size=33554432"
    "memorysetup-profiler-bucket-allocator-block-count=8"
    "memorysetup-profiler-allocator-block-size=16777216"
    "memorysetup-profiler-editor-allocator-block-size=1048576"
    "memorysetup-temp-allocator-size-main=16777216"
    "memorysetup-job-temp-allocator-block-size=2097152"
    "memorysetup-job-temp-allocator-block-size-background=1048576"
    "memorysetup-job-temp-allocator-reduction-small-platforms=262144"
    "memorysetup-temp-allocator-size-background-worker=32768"
    "memorysetup-temp-allocator-size-job-worker=262144"
    "memorysetup-temp-allocator-size-preload-manager=33554432"
    "memorysetup-temp-allocator-size-nav-mesh-worker=65536"
    "memorysetup-temp-allocator-size-audio-worker=65536"
    "memorysetup-temp-allocator-size-cloud-worker=32768"
    "memorysetup-temp-allocator-size-gi-baking-worker=262144"
    "memorysetup-temp-allocator-size-gfx=262144"
Refreshing native plugins compatible for Editor in 55.56 ms, found 2 plugins.
Preloading 0 native plugins for Editor in 0.00 ms.
Initialize engine version: 2022.1.21f1 (9ac1ff5ca45b)
[Subsystems] Discovering subsystems at path C:/Program Files/Unity/Hub/Editor/2022.1.21f1/Editor/Data/Resources/UnitySubsystems
[Subsystems] Discovering subsystems at path C:/Users/AlexA/Documents/School/Unity/Mean One/Mean One/Assets
GfxDevice: creating device client; threaded=0; jobified=0
Direct3D:
    Version:  Direct3D 11.0 [level 11.1]
    Renderer: NVIDIA GeForce RTX 3060 Laptop GPU (ID=0x2520)
    Vendor:   NVIDIA
    VRAM:     6009 MB
    Driver:   31.0.15.2849
Initialize mono
Mono path[0] = 'C:/Program Files/Unity/Hub/Editor/2022.1.21f1/Editor/Data/Managed'
Mono path[1] = 'C:/Program Files/Unity/Hub/Editor/2022.1.21f1/Editor/Data/MonoBleedingEdge/lib/mono/unityjit-win32'
Mono config path = 'C:/Program Files/Unity/Hub/Editor/2022.1.21f1/Editor/Data/MonoBleedingEdge/etc'
Using monoOptions --debugger-agent=transport=dt_socket,embedding=1,server=y,suspend=n,address=127.0.0.1:56004
Begin MonoManager ReloadAssembly
Registering precompiled unity dll's ...
Register platform support module: C:/Program Files/Unity/Hub/Editor/2022.1.21f1/Editor/Data/PlaybackEngines/WindowsStandaloneSupport/UnityEditor.WindowsStandalone.Extensions.dll
Registered in 0.009641 seconds.
Native extension for WindowsStandalone target not found
Refreshing native plugins compatible for Editor in 41.63 ms, found 2 plugins.
Preloading 0 native plugins for Editor in 0.00 ms.
Mono: successfully reloaded assembly
- Completed reload, in  0.655 seconds
Domain Reload Profiling:
	ReloadAssembly (656ms)
		BeginReloadAssembly (88ms)
			ExecutionOrderSort (0ms)
			DisableScriptedObjects (0ms)
			BackupInstance (0ms)
			ReleaseScriptingObjects (0ms)
			CreateAndSetChildDomain (1ms)
		EndReloadAssembly (431ms)
			LoadAssemblies (85ms)
			RebuildTransferFunctionScriptingTraits (0ms)
			SetupTypeCache (119ms)
				TypeCache.Initialize (118ms)
					TypeCache.ScanAssembly (117ms)
				ResolveRequiredComponents (1ms)
			ReleaseScriptCaches (0ms)
			RebuildScriptCaches (25ms)
			SetupLoadedEditorAssemblies (236ms)
				LogAssemblyErrors (0ms)
				InitializePlatformSupportModulesInManaged (7ms)
				SetLoadedEditorAssemblies (6ms)
				RefreshPlugins (42ms)
				BeforeProcessingInitializeOnLoad (1ms)
				ProcessInitializeOnLoadAttributes (132ms)
				ProcessInitializeOnLoadMethodAttributes (48ms)
				AfterProcessingInitializeOnLoad (0ms)
				EditorAssembliesLoaded (0ms)
			ExecutionOrderSort2 (0ms)
			AwakeInstancesAfterBackupRestoration (0ms)
Platform modules already initialized, skipping
Registering precompiled user dll's ...
Registered in 0.004025 seconds.
Begin MonoManager ReloadAssembly
Native extension for WindowsStandalone target not found
Refreshing native plugins compatible for Editor in 0.43 ms, found 2 plugins.
Preloading 0 native plugins for Editor in 0.00 ms.
Mono: successfully reloaded assembly
- Completed reload, in  0.870 seconds
Domain Reload Profiling:
	ReloadAssembly (871ms)
		BeginReloadAssembly (105ms)
			ExecutionOrderSort (0ms)
			DisableScriptedObjects (5ms)
			BackupInstance (0ms)
			ReleaseScriptingObjects (0ms)
			CreateAndSetChildDomain (18ms)
		EndReloadAssembly (657ms)
			LoadAssemblies (65ms)
			RebuildTransferFunctionScriptingTraits (0ms)
			SetupTypeCache (183ms)
				TypeCache.Initialize (181ms)
					TypeCache.ScanAssembly (178ms)
				ResolveRequiredComponents (2ms)
			ReleaseScriptCaches (0ms)
			RebuildScriptCaches (46ms)
			SetupLoadedEditorAssemblies (305ms)
				LogAssemblyErrors (0ms)
				InitializePlatformSupportModulesInManaged (5ms)
				SetLoadedEditorAssemblies (5ms)
				RefreshPlugins (0ms)
				BeforeProcessingInitializeOnLoad (55ms)
				ProcessInitializeOnLoadAttributes (208ms)
				ProcessInitializeOnLoadMethodAttributes (25ms)
				AfterProcessingInitializeOnLoad (7ms)
				EditorAssembliesLoaded (0ms)
			ExecutionOrderSort2 (0ms)
			AwakeInstancesAfterBackupRestoration (9ms)
Platform modules already initialized, skipping
========================================================================
Worker process is ready to serve import requests
Launched and connected shader compiler UnityShaderCompiler.exe after 0.03 seconds
Refreshing native plugins compatible for Editor in 0.44 ms, found 2 plugins.
Preloading 0 native plugins for Editor in 0.00 ms.
Unloading 2088 Unused Serialized files (Serialized files now loaded: 0)
Unloading 21 unused Assets / (125.1 KB). Loaded Objects now: 2555.
Memory consumption went from 343.1 MB to 343.0 MB.
Total: 3.156300 ms (FindLiveObjects: 0.181300 ms CreateObjectMapping: 0.104300 ms MarkObjects: 2.657300 ms  DeleteObjects: 0.212500 ms)

AssetImportParameters requested are different than current active one (requested -> active):
  custom:video-decoder-ogg-theora: a1e56fd34408186e4bbccfd4996cb3dc -> 
  custom:container-muxer-webm: aa71ff27fc2769a1b78a27578f13a17b -> 
  custom:container-demuxer-webm: 4f35f7cbe854078d1ac9338744f61a02 -> 
  custom:video-encoder-webm-vp8: eb34c28f22e8b96e1ab97ce403110664 -> 
  custom:video-codec-MediaFoundation-h265: 746d11721c4dcdbdad8f713fa42b33f4 -> 
  custom:audio-encoder-webm-vorbis: bf7c407c2cedff20999df2af8eb42d56 -> 
  custom:framework-win-MediaFoundation: 216162199b28c13a410421893ffa2e32 -> 
  custom:container-demuxer-ogg: 62fdf1f143b41e24485cea50d1cbac27 -> 
  custom:video-decoder-webm-vp8: 9c59270c3fd7afecdb556c50c9e8de78 -> 
  custom:audio-decoder-ogg-vorbis: bf7c407c2cedff20999df2af8eb42d56 -> 
========================================================================
Received Import Request.
  Time since last request: 13355.850523 seconds.
  path: Assets/PandazoleHome/Prefabs/Ground Bases
  artifactKey: Guid(e82ae545a07167e4c9512a036aad2ee6) Importer(815301076,1909f56bfc062723c751e8b465ee728b)
Start importing Assets/PandazoleHome/Prefabs/Ground Bases using Guid(e82ae545a07167e4c9512a036aad2ee6) Importer(815301076,1909f56bfc062723c751e8b465ee728b)  -> (artifact id: 'ce557b8231b65ce0cd1351631607b2a4') in 0.008627 seconds 
========================================================================
Received Import Request.
  Time since last request: 0.479768 seconds.
  path: Assets/PandazoleHome/Prefabs/Ground Bases/Prop_GroundBase_01.prefab
  artifactKey: Guid(ed0c0750d2e1b2f4bb772c2a28fac506) Importer(815301076,1909f56bfc062723c751e8b465ee728b)
Start importing Assets/PandazoleHome/Prefabs/Ground Bases/Prop_GroundBase_01.prefab using Guid(ed0c0750d2e1b2f4bb772c2a28fac506) Importer(815301076,1909f56bfc062723c751e8b465ee728b)  -> (artifact id: 'c28cee6ea50e4509f05dae6afb367657') in 0.233220 seconds 
========================================================================
Received Import Request.
  Time since last request: 3.262432 seconds.
  path: Assets/PandazoleHome/Prefabs/Walls
  artifactKey: Guid(6c183a4f2f42c064f8a2445c752933f7) Importer(815301076,1909f56bfc062723c751e8b465ee728b)
Start importing Assets/PandazoleHome/Prefabs/Walls using Guid(6c183a4f2f42c064f8a2445c752933f7) Importer(815301076,1909f56bfc062723c751e8b465ee728b)  -> (artifact id: '9c58a7c6f2731fc7ae4e5778b5066b24') in 0.005926 seconds 
========================================================================
Received Import Request.
  Time since last request: 0.031971 seconds.
  path: Assets/PandazoleHome/Prefabs/Walls/Prop_Wall_01.prefab
  artifactKey: Guid(3eee8ed9c9081f149a546a3b2145157f) Importer(815301076,1909f56bfc062723c751e8b465ee728b)
Start importing Assets/PandazoleHome/Prefabs/Walls/Prop_Wall_01.prefab using Guid(3eee8ed9c9081f149a546a3b2145157f) Importer(815301076,1909f56bfc062723c751e8b465ee728b)  -> (artifact id: 'fdff726c1979c0f86066a3e35fe71947') in 0.018232 seconds 
========================================================================
Received Import Request.
  Time since last request: 0.000019 seconds.
  path: Assets/PandazoleHome/Prefabs/Walls/Prop_Wall_05.prefab
  artifactKey: Guid(dcc3240582fd179409b393c6a9752fec) Importer(815301076,1909f56bfc062723c751e8b465ee728b)
Start importing Assets/PandazoleHome/Prefabs/Walls/Prop_Wall_05.prefab using Guid(dcc3240582fd179409b393c6a9752fec) Importer(815301076,1909f56bfc062723c751e8b465ee728b)  -> (artifact id: '65e13b2f2416e4f60e1ce073270cb096') in 0.014884 seconds 
========================================================================
Received Import Request.
  Time since last request: 0.000029 seconds.
  path: Assets/PandazoleHome/Prefabs/Walls/Prop_WallCornor_04.prefab
  artifactKey: Guid(1ce140a9c07ef164ca570f33febcbed4) Importer(815301076,1909f56bfc062723c751e8b465ee728b)
Start importing Assets/PandazoleHome/Prefabs/Walls/Prop_WallCornor_04.prefab using Guid(1ce140a9c07ef164ca570f33febcbed4) Importer(815301076,1909f56bfc062723c751e8b465ee728b)  -> (artifact id: 'd6b7cc63506489a5b37892a1c12fbbb4') in 0.016338 seconds 
========================================================================
Received Import Request.
  Time since last request: 0.000016 seconds.
  path: Assets/PandazoleHome/Prefabs/Walls/Prop_Wall_04.prefab
  artifactKey: Guid(97c01e086a5d05048bc29c23927a73d0) Importer(815301076,1909f56bfc062723c751e8b465ee728b)
Start importing Assets/PandazoleHome/Prefabs/Walls/Prop_Wall_04.prefab using Guid(97c01e086a5d05048bc29c23927a73d0) Importer(815301076,1909f56bfc062723c751e8b465ee728b)  -> (artifact id: 'd1d4c5d2f5628d298fa43b47c7d63c93') in 0.017906 seconds 
========================================================================
Received Import Request.
  Time since last request: 0.000022 seconds.
  path: Assets/PandazoleHome/Prefabs/Walls/Prop_WallCShape_04.prefab
  artifactKey: Guid(c389ffb247fb7d946a58e4ec1ac93434) Importer(815301076,1909f56bfc062723c751e8b465ee728b)
Start importing Assets/PandazoleHome/Prefabs/Walls/Prop_WallCShape_04.prefab using Guid(c389ffb247fb7d946a58e4ec1ac93434) Importer(815301076,1909f56bfc062723c751e8b465ee728b)  -> (artifact id: '74a5024198bef63b5e7a150ead5f00ad') in 0.023389 seconds 
========================================================================
Received Import Request.
  Time since last request: 0.000020 seconds.
  path: Assets/PandazoleHome/Prefabs/Walls/Prop_Wall_06.prefab
  artifactKey: Guid(a768787574c6fe94ca395d106f45ffc8) Importer(815301076,1909f56bfc062723c751e8b465ee728b)
Start importing Assets/PandazoleHome/Prefabs/Walls/Prop_Wall_06.prefab using Guid(a768787574c6fe94ca395d106f45ffc8) Importer(815301076,1909f56bfc062723c751e8b465ee728b)  -> (artifact id: '3707e34f3331f8256bc2f80a10a8f326') in 0.019585 seconds 
========================================================================
Received Import Request.
  Time since last request: 0.000025 seconds.
  path: Assets/PandazoleHome/Prefabs/Walls/Prop_WallCornor_02.prefab
  artifactKey: Guid(83dcf518208819749ad4054e2cc26792) Importer(815301076,1909f56bfc062723c751e8b465ee728b)
Start importing Assets/PandazoleHome/Prefabs/Walls/Prop_WallCornor_02.prefab using Guid(83dcf518208819749ad4054e2cc26792) Importer(815301076,1909f56bfc062723c751e8b465ee728b)  -> (artifact id: '17c2fefbd2483fec2f2c29bdce1efffd') in 0.022276 seconds 
Editor requested this worker to shutdown with reason: Scaling down because of idle timeout
AssetImportWorker is now disconnected from the server
Process exiting
Exiting without the bug reporter. Application will terminate with return code 0