Using pre-set license
Built from '2022.1/release' branch; Version is '2022.1.21f1 (9ac1ff5ca45b) revision 10142207'; Using compiler version '192829333'; Build Type 'Release'
OS: 'Windows 11  (10.0.22621) 64bit Core' Language: 'en' Physical Memory: 32533 MB
BatchMode: 1, IsHumanControllingUs: 0, StartBugReporterOnCrash: 0, Is64bit: 1, IsPro: 1

COMMAND LINE ARGUMENTS:
C:\Program Files\Unity\Hub\Editor\2022.1.21f1\Editor\Unity.exe
-adb2
-batchMode
-noUpm
-name
AssetImportWorker5
-projectPath
C:/Users/AlexA/Documents/School/Unity/Mean One/Mean One
-logFile
Logs/AssetImportWorker5.log
-srvPort
60318
Successfully changed project path to: C:/Users/AlexA/Documents/School/Unity/Mean One/Mean One
C:/Users/AlexA/Documents/School/Unity/Mean One/Mean One
[UnityMemory] Configuration Parameters - Can be set up in boot.config
    "memorysetup-bucket-allocator-granularity=16"
    "memorysetup-bucket-allocator-bucket-count=8"
    "memorysetup-bucket-allocator-block-size=33554432"
    "memorysetup-bucket-allocator-block-count=8"
    "memorysetup-main-allocator-block-size=16777216"
    "memorysetup-thread-allocator-block-size=16777216"
    "memorysetup-gfx-main-allocator-block-size=16777216"
    "memorysetup-gfx-thread-allocator-block-size=16777216"
    "memorysetup-cache-allocator-block-size=4194304"
    "memorysetup-typetree-allocator-block-size=2097152"
    "memorysetup-profiler-bucket-allocator-granularity=16"
    "memorysetup-profiler-bucket-allocator-bucket-count=8"
    "memorysetup-profiler-bucket-allocator-block-size=33554432"
    "memorysetup-profiler-bucket-allocator-block-count=8"
    "memorysetup-profiler-allocator-block-size=16777216"
    "memorysetup-profiler-editor-allocator-block-size=1048576"
    "memorysetup-temp-allocator-size-main=16777216"
    "memorysetup-job-temp-allocator-block-size=2097152"
    "memorysetup-job-temp-allocator-block-size-background=1048576"
    "memorysetup-job-temp-allocator-reduction-small-platforms=262144"
    "memorysetup-temp-allocator-size-background-worker=32768"
    "memorysetup-temp-allocator-size-job-worker=262144"
    "memorysetup-temp-allocator-size-preload-manager=33554432"
    "memorysetup-temp-allocator-size-nav-mesh-worker=65536"
    "memorysetup-temp-allocator-size-audio-worker=65536"
    "memorysetup-temp-allocator-size-cloud-worker=32768"
    "memorysetup-temp-allocator-size-gi-baking-worker=262144"
    "memorysetup-temp-allocator-size-gfx=262144"
Refreshing native plugins compatible for Editor in 66.04 ms, found 2 plugins.
Preloading 0 native plugins for Editor in 0.00 ms.
Initialize engine version: 2022.1.21f1 (9ac1ff5ca45b)
[Subsystems] Discovering subsystems at path C:/Program Files/Unity/Hub/Editor/2022.1.21f1/Editor/Data/Resources/UnitySubsystems
[Subsystems] Discovering subsystems at path C:/Users/AlexA/Documents/School/Unity/Mean One/Mean One/Assets
GfxDevice: creating device client; threaded=0; jobified=0
Direct3D:
    Version:  Direct3D 11.0 [level 11.1]
    Renderer: NVIDIA GeForce RTX 3060 Laptop GPU (ID=0x2520)
    Vendor:   NVIDIA
    VRAM:     6009 MB
    Driver:   31.0.15.2849
Initialize mono
Mono path[0] = 'C:/Program Files/Unity/Hub/Editor/2022.1.21f1/Editor/Data/Managed'
Mono path[1] = 'C:/Program Files/Unity/Hub/Editor/2022.1.21f1/Editor/Data/MonoBleedingEdge/lib/mono/unityjit-win32'
Mono config path = 'C:/Program Files/Unity/Hub/Editor/2022.1.21f1/Editor/Data/MonoBleedingEdge/etc'
Using monoOptions --debugger-agent=transport=dt_socket,embedding=1,server=y,suspend=n,address=127.0.0.1:56640
Begin MonoManager ReloadAssembly
Registering precompiled unity dll's ...
Register platform support module: C:/Program Files/Unity/Hub/Editor/2022.1.21f1/Editor/Data/PlaybackEngines/WindowsStandaloneSupport/UnityEditor.WindowsStandalone.Extensions.dll
Registered in 0.007206 seconds.
Native extension for WindowsStandalone target not found
Refreshing native plugins compatible for Editor in 46.34 ms, found 2 plugins.
Preloading 0 native plugins for Editor in 0.00 ms.
Mono: successfully reloaded assembly
- Completed reload, in  0.699 seconds
Domain Reload Profiling:
	ReloadAssembly (700ms)
		BeginReloadAssembly (85ms)
			ExecutionOrderSort (0ms)
			DisableScriptedObjects (0ms)
			BackupInstance (0ms)
			ReleaseScriptingObjects (0ms)
			CreateAndSetChildDomain (1ms)
		EndReloadAssembly (488ms)
			LoadAssemblies (82ms)
			RebuildTransferFunctionScriptingTraits (0ms)
			SetupTypeCache (135ms)
				TypeCache.Initialize (134ms)
					TypeCache.ScanAssembly (133ms)
				ResolveRequiredComponents (1ms)
			ReleaseScriptCaches (0ms)
			RebuildScriptCaches (30ms)
			SetupLoadedEditorAssemblies (261ms)
				LogAssemblyErrors (0ms)
				InitializePlatformSupportModulesInManaged (9ms)
				SetLoadedEditorAssemblies (7ms)
				RefreshPlugins (46ms)
				BeforeProcessingInitializeOnLoad (2ms)
				ProcessInitializeOnLoadAttributes (144ms)
				ProcessInitializeOnLoadMethodAttributes (53ms)
				AfterProcessingInitializeOnLoad (0ms)
				EditorAssembliesLoaded (0ms)
			ExecutionOrderSort2 (0ms)
			AwakeInstancesAfterBackupRestoration (0ms)
Platform modules already initialized, skipping
Registering precompiled user dll's ...
Registered in 0.004393 seconds.
Begin MonoManager ReloadAssembly
Native extension for WindowsStandalone target not found
Refreshing native plugins compatible for Editor in 0.57 ms, found 2 plugins.
Preloading 0 native plugins for Editor in 0.00 ms.
Mono: successfully reloaded assembly
- Completed reload, in  1.052 seconds
Domain Reload Profiling:
	ReloadAssembly (1053ms)
		BeginReloadAssembly (125ms)
			ExecutionOrderSort (0ms)
			DisableScriptedObjects (6ms)
			BackupInstance (0ms)
			ReleaseScriptingObjects (0ms)
			CreateAndSetChildDomain (21ms)
		EndReloadAssembly (797ms)
			LoadAssemblies (79ms)
			RebuildTransferFunctionScriptingTraits (0ms)
			SetupTypeCache (217ms)
				TypeCache.Initialize (214ms)
					TypeCache.ScanAssembly (210ms)
				ResolveRequiredComponents (3ms)
			ReleaseScriptCaches (1ms)
			RebuildScriptCaches (50ms)
			SetupLoadedEditorAssemblies (390ms)
				LogAssemblyErrors (0ms)
				InitializePlatformSupportModulesInManaged (6ms)
				SetLoadedEditorAssemblies (6ms)
				RefreshPlugins (1ms)
				BeforeProcessingInitializeOnLoad (68ms)
				ProcessInitializeOnLoadAttributes (268ms)
				ProcessInitializeOnLoadMethodAttributes (33ms)
				AfterProcessingInitializeOnLoad (9ms)
				EditorAssembliesLoaded (0ms)
			ExecutionOrderSort2 (0ms)
			AwakeInstancesAfterBackupRestoration (9ms)
Platform modules already initialized, skipping
========================================================================
Worker process is ready to serve import requests
Launched and connected shader compiler UnityShaderCompiler.exe after 0.04 seconds
Refreshing native plugins compatible for Editor in 0.49 ms, found 2 plugins.
Preloading 0 native plugins for Editor in 0.00 ms.
Unloading 2088 Unused Serialized files (Serialized files now loaded: 0)
Unloading 21 unused Assets / (125.1 KB). Loaded Objects now: 2555.
Memory consumption went from 343.2 MB to 343.0 MB.
Total: 2.954500 ms (FindLiveObjects: 0.187300 ms CreateObjectMapping: 0.125500 ms MarkObjects: 2.509800 ms  DeleteObjects: 0.130700 ms)

AssetImportParameters requested are different than current active one (requested -> active):
  custom:video-decoder-ogg-theora: a1e56fd34408186e4bbccfd4996cb3dc -> 
  custom:container-muxer-webm: aa71ff27fc2769a1b78a27578f13a17b -> 
  custom:container-demuxer-webm: 4f35f7cbe854078d1ac9338744f61a02 -> 
  custom:video-encoder-webm-vp8: eb34c28f22e8b96e1ab97ce403110664 -> 
  custom:video-codec-MediaFoundation-h265: 746d11721c4dcdbdad8f713fa42b33f4 -> 
  custom:audio-encoder-webm-vorbis: bf7c407c2cedff20999df2af8eb42d56 -> 
  custom:framework-win-MediaFoundation: 216162199b28c13a410421893ffa2e32 -> 
  custom:container-demuxer-ogg: 62fdf1f143b41e24485cea50d1cbac27 -> 
  custom:video-decoder-webm-vp8: 9c59270c3fd7afecdb556c50c9e8de78 -> 
  custom:audio-decoder-ogg-vorbis: bf7c407c2cedff20999df2af8eb42d56 -> 
========================================================================
Received Import Request.
  Time since last request: 12026.938014 seconds.
  path: Assets/Low Poly Christmas Pack Free/FBX/032 Cake.fbx
  artifactKey: Guid(7e392ccc39de7407e9b24d65f28a9e1d) Importer(815301076,1909f56bfc062723c751e8b465ee728b)
Start importing Assets/Low Poly Christmas Pack Free/FBX/032 Cake.fbx using Guid(7e392ccc39de7407e9b24d65f28a9e1d) Importer(815301076,1909f56bfc062723c751e8b465ee728b)  -> (artifact id: '03ce4adee730f930d4bd277cab67e289') in 0.221237 seconds 
========================================================================
Received Import Request.
  Time since last request: 0.000020 seconds.
  path: Assets/Low Poly Christmas Pack Free/FBX/041 Xmas_Bell.fbx
  artifactKey: Guid(abce592dfdafc4e4aa552eea00807000) Importer(815301076,1909f56bfc062723c751e8b465ee728b)
Start importing Assets/Low Poly Christmas Pack Free/FBX/041 Xmas_Bell.fbx using Guid(abce592dfdafc4e4aa552eea00807000) Importer(815301076,1909f56bfc062723c751e8b465ee728b)  -> (artifact id: 'e7fe99dd153fecc7cc0a54e61e407b53') in 0.024042 seconds 
========================================================================
Received Import Request.
  Time since last request: 0.000030 seconds.
  path: Assets/Low Poly Christmas Pack Free/FBX/033 Xmas_candy_bag.fbx
  artifactKey: Guid(aa4d77d0b5dbf4040b8497b884099cfa) Importer(815301076,1909f56bfc062723c751e8b465ee728b)
Start importing Assets/Low Poly Christmas Pack Free/FBX/033 Xmas_candy_bag.fbx using Guid(aa4d77d0b5dbf4040b8497b884099cfa) Importer(815301076,1909f56bfc062723c751e8b465ee728b)  -> (artifact id: '83e94efc1a2adacf662d620ff76537f6') in 0.032663 seconds 
========================================================================
Received Import Request.
  Time since last request: 0.000018 seconds.
  path: Assets/Low Poly Christmas Pack Free/FBX/039 Christmas_Socks.fbx
  artifactKey: Guid(77bab10c4bc394ec1b40e41c0b304032) Importer(815301076,1909f56bfc062723c751e8b465ee728b)
Start importing Assets/Low Poly Christmas Pack Free/FBX/039 Christmas_Socks.fbx using Guid(77bab10c4bc394ec1b40e41c0b304032) Importer(815301076,1909f56bfc062723c751e8b465ee728b)  -> (artifact id: 'a19bb7d1f8dfa7eb359ea2bcdcca2496') in 0.031189 seconds 
========================================================================
Received Import Request.
  Time since last request: 0.000019 seconds.
  path: Assets/Low Poly Christmas Pack Free/FBX/048 Xmas_Tree.fbx
  artifactKey: Guid(da5503bff566d4cd89d96aaaf8f96392) Importer(815301076,1909f56bfc062723c751e8b465ee728b)
Start importing Assets/Low Poly Christmas Pack Free/FBX/048 Xmas_Tree.fbx using Guid(da5503bff566d4cd89d96aaaf8f96392) Importer(815301076,1909f56bfc062723c751e8b465ee728b)  -> (artifact id: 'ba05d9c51974eff809cfa6762bcaa89b') in 0.035099 seconds 
========================================================================
Received Import Request.
  Time since last request: 0.000019 seconds.
  path: Assets/Low Poly Christmas Pack Free/FBX/043 Sign Board.fbx
  artifactKey: Guid(f735180c87904468d9db55967fe698eb) Importer(815301076,1909f56bfc062723c751e8b465ee728b)
Start importing Assets/Low Poly Christmas Pack Free/FBX/043 Sign Board.fbx using Guid(f735180c87904468d9db55967fe698eb) Importer(815301076,1909f56bfc062723c751e8b465ee728b)  -> (artifact id: '50b9ad8d5ecfef77b48d830131b6fbce') in 0.061072 seconds 
========================================================================
Received Import Request.
  Time since last request: 0.000027 seconds.
  path: Assets/Low Poly Christmas Pack Free/FBX/044 Xmas_Tree.fbx
  artifactKey: Guid(5e272de2ceb714f7a871eb7b868ac4b5) Importer(815301076,1909f56bfc062723c751e8b465ee728b)
Start importing Assets/Low Poly Christmas Pack Free/FBX/044 Xmas_Tree.fbx using Guid(5e272de2ceb714f7a871eb7b868ac4b5) Importer(815301076,1909f56bfc062723c751e8b465ee728b)  -> (artifact id: '505af65f692847c6687a9ee287313a8e') in 0.043948 seconds 
========================================================================
Received Import Request.
  Time since last request: 0.000030 seconds.
  path: Assets/Low Poly Christmas Pack Free/FBX/046 Xmas_Tree.fbx
  artifactKey: Guid(0e7ccc03632a34fe3ae5f7088dc85ea0) Importer(815301076,1909f56bfc062723c751e8b465ee728b)
Start importing Assets/Low Poly Christmas Pack Free/FBX/046 Xmas_Tree.fbx using Guid(0e7ccc03632a34fe3ae5f7088dc85ea0) Importer(815301076,1909f56bfc062723c751e8b465ee728b)  -> (artifact id: 'a97ea5cca7d74354ca411f8ce1c213d4') in 0.143649 seconds 
========================================================================
Received Import Request.
  Time since last request: 0.000027 seconds.
  path: Assets/Low Poly Christmas Pack Free/FBX/035 Xmas_toy.fbx
  artifactKey: Guid(c6d100024b23c47af86245c9c87482e9) Importer(815301076,1909f56bfc062723c751e8b465ee728b)
Start importing Assets/Low Poly Christmas Pack Free/FBX/035 Xmas_toy.fbx using Guid(c6d100024b23c47af86245c9c87482e9) Importer(815301076,1909f56bfc062723c751e8b465ee728b)  -> (artifact id: 'e5ffb86448bc0381f24ed7495b27417b') in 0.047859 seconds 
========================================================================
Received Import Request.
  Time since last request: 1328.730639 seconds.
  path: Assets/PandazoleHome/Prefabs/Ground Bases/Prop_GroundBase_02.prefab
  artifactKey: Guid(ad566f2f7b5f1e740bc867cec5d0e790) Importer(815301076,1909f56bfc062723c751e8b465ee728b)
Start importing Assets/PandazoleHome/Prefabs/Ground Bases/Prop_GroundBase_02.prefab using Guid(ad566f2f7b5f1e740bc867cec5d0e790) Importer(815301076,1909f56bfc062723c751e8b465ee728b)  -> (artifact id: '456e48f3b4fd1c17060ac066677bd1d7') in 0.040198 seconds 
========================================================================
Received Import Request.
  Time since last request: 0.000043 seconds.
  path: Assets/PandazoleHome/Prefabs/Ground Bases/Prop_GroundBase_08.prefab
  artifactKey: Guid(09aa0d24a2f1fb7448da901b9037914e) Importer(815301076,1909f56bfc062723c751e8b465ee728b)
Start importing Assets/PandazoleHome/Prefabs/Ground Bases/Prop_GroundBase_08.prefab using Guid(09aa0d24a2f1fb7448da901b9037914e) Importer(815301076,1909f56bfc062723c751e8b465ee728b)  -> (artifact id: '9b5859359f5c377deb4f508b00d41bac') in 0.023207 seconds 
========================================================================
Received Import Request.
  Time since last request: 0.000037 seconds.
  path: Assets/PandazoleHome/Prefabs/Ground Bases/Prop_GroundBase_07.prefab
  artifactKey: Guid(a9a04f9e82a88594da2e378aba6e10bd) Importer(815301076,1909f56bfc062723c751e8b465ee728b)
Start importing Assets/PandazoleHome/Prefabs/Ground Bases/Prop_GroundBase_07.prefab using Guid(a9a04f9e82a88594da2e378aba6e10bd) Importer(815301076,1909f56bfc062723c751e8b465ee728b)  -> (artifact id: '619df5af53d3eab58dc0ffc1154c0fc4') in 0.025067 seconds 
========================================================================
Received Import Request.
  Time since last request: 0.000034 seconds.
  path: Assets/PandazoleHome/Prefabs/Ground Bases/Prop_GroundBase_05.prefab
  artifactKey: Guid(6d09ef5a6f0d8d94d87dcfe2d99ccafc) Importer(815301076,1909f56bfc062723c751e8b465ee728b)
Start importing Assets/PandazoleHome/Prefabs/Ground Bases/Prop_GroundBase_05.prefab using Guid(6d09ef5a6f0d8d94d87dcfe2d99ccafc) Importer(815301076,1909f56bfc062723c751e8b465ee728b)  -> (artifact id: '02ebf99c879bf3948080440e83bce373') in 0.024415 seconds 
========================================================================
Received Import Request.
  Time since last request: 0.000027 seconds.
  path: Assets/PandazoleHome/Prefabs/Ground Bases/Prop_GroundBase_06.prefab
  artifactKey: Guid(4d0c996710c90ee42a92975f9d47a745) Importer(815301076,1909f56bfc062723c751e8b465ee728b)
Start importing Assets/PandazoleHome/Prefabs/Ground Bases/Prop_GroundBase_06.prefab using Guid(4d0c996710c90ee42a92975f9d47a745) Importer(815301076,1909f56bfc062723c751e8b465ee728b)  -> (artifact id: '22ccbeac87119e420493d00173d7f293') in 0.022955 seconds 
========================================================================
Received Import Request.
  Time since last request: 0.000033 seconds.
  path: Assets/PandazoleHome/Prefabs/Ground Bases/Prop_GroundBase_04.prefab
  artifactKey: Guid(caa2c28eb7b1b4f4d808914ea9904d41) Importer(815301076,1909f56bfc062723c751e8b465ee728b)
Start importing Assets/PandazoleHome/Prefabs/Ground Bases/Prop_GroundBase_04.prefab using Guid(caa2c28eb7b1b4f4d808914ea9904d41) Importer(815301076,1909f56bfc062723c751e8b465ee728b)  -> (artifact id: 'f9fdf2ba4d28c198c747ad1300c8745d') in 0.022756 seconds 
========================================================================
Received Import Request.
  Time since last request: 0.000034 seconds.
  path: Assets/PandazoleHome/Prefabs/Ground Bases/Prop_GroundBase_03.prefab
  artifactKey: Guid(727dc2e660b06e44285d3db58cc20b46) Importer(815301076,1909f56bfc062723c751e8b465ee728b)
Start importing Assets/PandazoleHome/Prefabs/Ground Bases/Prop_GroundBase_03.prefab using Guid(727dc2e660b06e44285d3db58cc20b46) Importer(815301076,1909f56bfc062723c751e8b465ee728b)  -> (artifact id: '5077948f75a755b7058e4a5dca9c3a15') in 0.024390 seconds 
========================================================================
Received Import Request.
  Time since last request: 3.311770 seconds.
  path: Assets/PandazoleHome/Prefabs/Walls/Prop_Wall_02.prefab
  artifactKey: Guid(fb26572de0eab9546988285b183fcbc6) Importer(815301076,1909f56bfc062723c751e8b465ee728b)
Start importing Assets/PandazoleHome/Prefabs/Walls/Prop_Wall_02.prefab using Guid(fb26572de0eab9546988285b183fcbc6) Importer(815301076,1909f56bfc062723c751e8b465ee728b)  -> (artifact id: '753bfd6d6c39a851408a2d387227028f') in 0.014282 seconds 
========================================================================
Received Import Request.
  Time since last request: 0.000032 seconds.
  path: Assets/PandazoleHome/Prefabs/Walls/Prop_WallCornor_01.prefab
  artifactKey: Guid(5410812a174228841b08203472ecca62) Importer(815301076,1909f56bfc062723c751e8b465ee728b)
Start importing Assets/PandazoleHome/Prefabs/Walls/Prop_WallCornor_01.prefab using Guid(5410812a174228841b08203472ecca62) Importer(815301076,1909f56bfc062723c751e8b465ee728b)  -> (artifact id: '398d9073f7ba9bb9f0a75569079521fe') in 0.014062 seconds 
========================================================================
Received Import Request.
  Time since last request: 0.000038 seconds.
  path: Assets/PandazoleHome/Prefabs/Walls/Prop_WallCornor_06.prefab
  artifactKey: Guid(7f6e540588895614ab6bd6ec6b110f4a) Importer(815301076,1909f56bfc062723c751e8b465ee728b)
Start importing Assets/PandazoleHome/Prefabs/Walls/Prop_WallCornor_06.prefab using Guid(7f6e540588895614ab6bd6ec6b110f4a) Importer(815301076,1909f56bfc062723c751e8b465ee728b)  -> (artifact id: 'b69b1f887c5adecc2bba772f46725eff') in 0.018373 seconds 
========================================================================
Received Import Request.
  Time since last request: 0.000017 seconds.
  path: Assets/PandazoleHome/Prefabs/Walls/Prop_WallCShape_01.prefab
  artifactKey: Guid(8e378c65de8469444a61f5a77d2d8fb0) Importer(815301076,1909f56bfc062723c751e8b465ee728b)
Start importing Assets/PandazoleHome/Prefabs/Walls/Prop_WallCShape_01.prefab using Guid(8e378c65de8469444a61f5a77d2d8fb0) Importer(815301076,1909f56bfc062723c751e8b465ee728b)  -> (artifact id: '05f3ebf07e76207afb7245d2a42256a5') in 0.015768 seconds 
========================================================================
Received Import Request.
  Time since last request: 0.000027 seconds.
  path: Assets/PandazoleHome/Prefabs/Walls/Prop_WallCShape_05.prefab
  artifactKey: Guid(927e0ee5dca08cf418d847a960b7d9bb) Importer(815301076,1909f56bfc062723c751e8b465ee728b)
Start importing Assets/PandazoleHome/Prefabs/Walls/Prop_WallCShape_05.prefab using Guid(927e0ee5dca08cf418d847a960b7d9bb) Importer(815301076,1909f56bfc062723c751e8b465ee728b)  -> (artifact id: '06da28a9aa2e3099dd4b90cd89ae2288') in 0.023639 seconds 
========================================================================
Received Import Request.
  Time since last request: 0.000020 seconds.
  path: Assets/PandazoleHome/Prefabs/Walls/Prop_WallCShape_02.prefab
  artifactKey: Guid(37ffdf2aa86c4764c9f44971b44d11dd) Importer(815301076,1909f56bfc062723c751e8b465ee728b)
Start importing Assets/PandazoleHome/Prefabs/Walls/Prop_WallCShape_02.prefab using Guid(37ffdf2aa86c4764c9f44971b44d11dd) Importer(815301076,1909f56bfc062723c751e8b465ee728b)  -> (artifact id: '2ba7e953bbe24dbb470795e5f43aaefc') in 0.017518 seconds 
========================================================================
Received Import Request.
  Time since last request: 0.000023 seconds.
  path: Assets/PandazoleHome/Prefabs/Walls/Prop_WallCShape_03.prefab
  artifactKey: Guid(e842b5ab165759245b344ad7c7ff11f0) Importer(815301076,1909f56bfc062723c751e8b465ee728b)
Start importing Assets/PandazoleHome/Prefabs/Walls/Prop_WallCShape_03.prefab using Guid(e842b5ab165759245b344ad7c7ff11f0) Importer(815301076,1909f56bfc062723c751e8b465ee728b)  -> (artifact id: '6e088a00647c601e850fff05c51378b8') in 0.026032 seconds 
========================================================================
Received Import Request.
  Time since last request: 0.000018 seconds.
  path: Assets/PandazoleHome/Prefabs/Walls/Prop_WallCornor_03.prefab
  artifactKey: Guid(53dbc8fa6bfebc24e848f55a2bb3113c) Importer(815301076,1909f56bfc062723c751e8b465ee728b)
Start importing Assets/PandazoleHome/Prefabs/Walls/Prop_WallCornor_03.prefab using Guid(53dbc8fa6bfebc24e848f55a2bb3113c) Importer(815301076,1909f56bfc062723c751e8b465ee728b)  -> (artifact id: '3c7c10ef76e0e72a54d36e48da8d9883') in 0.015364 seconds 
========================================================================
Received Import Request.
  Time since last request: 113.570447 seconds.
  path: Assets/Scenes/glass.mat
  artifactKey: Guid(e59745966ec212d4ba2c9c63f7de038b) Importer(815301076,1909f56bfc062723c751e8b465ee728b)
Start importing Assets/Scenes/glass.mat using Guid(e59745966ec212d4ba2c9c63f7de038b) Importer(815301076,1909f56bfc062723c751e8b465ee728b)  -> (artifact id: 'ba796db68b6e2ae74605deb3f4d5aa89') in 0.044450 seconds 
========================================================================
Received Import Request.
  Time since last request: 1.688609 seconds.
  path: Assets/PandazoleHome/Textures/PandaMat.png
  artifactKey: Guid(8d09e67ea952f0149acb1f81d5614c71) Importer(815301076,1909f56bfc062723c751e8b465ee728b)
Start importing Assets/PandazoleHome/Textures/PandaMat.png using Guid(8d09e67ea952f0149acb1f81d5614c71) Importer(815301076,1909f56bfc062723c751e8b465ee728b)  -> (artifact id: 'e7adace974cb65937e75adee8167e749') in 0.020288 seconds 
========================================================================
Received Import Request.
  Time since last request: 66.512921 seconds.
  path: Assets/01_AssetStore/DoorPackFree
  artifactKey: Guid(621de3e012040f04fb709be16d0f57d9) Importer(815301076,1909f56bfc062723c751e8b465ee728b)
Start importing Assets/01_AssetStore/DoorPackFree using Guid(621de3e012040f04fb709be16d0f57d9) Importer(815301076,1909f56bfc062723c751e8b465ee728b)  -> (artifact id: '7b2a87e3d3f76b0e43a69485241b3336') in 0.005200 seconds 
========================================================================
Received Import Request.
  Time since last request: 1.442010 seconds.
  path: Assets/01_AssetStore/DoorPackFree/Prefab
  artifactKey: Guid(8b421e942b4b4274cbb9a18cf17aa6c6) Importer(815301076,1909f56bfc062723c751e8b465ee728b)
Start importing Assets/01_AssetStore/DoorPackFree/Prefab using Guid(8b421e942b4b4274cbb9a18cf17aa6c6) Importer(815301076,1909f56bfc062723c751e8b465ee728b)  -> (artifact id: 'be9549ec84f3f57ebc2f6146bbf73220') in 0.005411 seconds 
========================================================================
Received Import Request.
  Time since last request: 0.517091 seconds.
  path: Assets/01_AssetStore/DoorPackFree/Prefab/DoorV1.prefab
  artifactKey: Guid(214b673e61a328f4b97a4c1f1bba63d3) Importer(815301076,1909f56bfc062723c751e8b465ee728b)
Start importing Assets/01_AssetStore/DoorPackFree/Prefab/DoorV1.prefab using Guid(214b673e61a328f4b97a4c1f1bba63d3) Importer(815301076,1909f56bfc062723c751e8b465ee728b)  -> (artifact id: '88a47e458cac9570fecbb68704ffc516') in 0.286103 seconds 
========================================================================
Received Import Request.
  Time since last request: 0.000021 seconds.
  path: Assets/01_AssetStore/DoorPackFree/Prefab/DoorV3.prefab
  artifactKey: Guid(4fdd4c7eaedfdf4468f35acfb5fbce20) Importer(815301076,1909f56bfc062723c751e8b465ee728b)
Start importing Assets/01_AssetStore/DoorPackFree/Prefab/DoorV3.prefab using Guid(4fdd4c7eaedfdf4468f35acfb5fbce20) Importer(815301076,1909f56bfc062723c751e8b465ee728b)  -> (artifact id: '96c62c379fa7ffd99bfc52a700a20a76') in 0.247262 seconds 
========================================================================
Received Import Request.
  Time since last request: 0.000023 seconds.
  path: Assets/01_AssetStore/DoorPackFree/Prefab/DoorV6.prefab
  artifactKey: Guid(89dd74c61103b7644ab2dd9d26606ea0) Importer(815301076,1909f56bfc062723c751e8b465ee728b)
Start importing Assets/01_AssetStore/DoorPackFree/Prefab/DoorV6.prefab using Guid(89dd74c61103b7644ab2dd9d26606ea0) Importer(815301076,1909f56bfc062723c751e8b465ee728b)  -> (artifact id: '5899edd5fdf32f22325eac1e5ec9e99c') in 0.023979 seconds 
========================================================================
Received Import Request.
  Time since last request: 0.000023 seconds.
  path: Assets/01_AssetStore/DoorPackFree/Prefab/Video intercomV2.prefab
  artifactKey: Guid(f742591dd0579d348b57910f6cb34ed2) Importer(815301076,1909f56bfc062723c751e8b465ee728b)
Start importing Assets/01_AssetStore/DoorPackFree/Prefab/Video intercomV2.prefab using Guid(f742591dd0579d348b57910f6cb34ed2) Importer(815301076,1909f56bfc062723c751e8b465ee728b)  -> (artifact id: '6883129ba69ac06045f3a28e588eaec9') in 0.023748 seconds 
========================================================================
Received Import Request.
  Time since last request: 0.000024 seconds.
  path: Assets/01_AssetStore/DoorPackFree/Prefab/DoorV5.prefab
  artifactKey: Guid(2f91276de7c55894daf22ad8f81ca24c) Importer(815301076,1909f56bfc062723c751e8b465ee728b)
Start importing Assets/01_AssetStore/DoorPackFree/Prefab/DoorV5.prefab using Guid(2f91276de7c55894daf22ad8f81ca24c) Importer(815301076,1909f56bfc062723c751e8b465ee728b)  -> (artifact id: '5429876d200ff1447bc05fe67f1966cf') in 0.020065 seconds 
========================================================================
Received Import Request.
  Time since last request: 8.576460 seconds.
  path: Assets/01_AssetStore/DoorPackFree/Scenes/Floor.png
  artifactKey: Guid(74f0f4be3cf5d10489f530c633adcdf7) Importer(815301076,1909f56bfc062723c751e8b465ee728b)
Start importing Assets/01_AssetStore/DoorPackFree/Scenes/Floor.png using Guid(74f0f4be3cf5d10489f530c633adcdf7) Importer(815301076,1909f56bfc062723c751e8b465ee728b)  -> (artifact id: '0d79c2e0105fabb64c4d3435dd28e38d') in 0.025310 seconds 
========================================================================
Received Import Request.
  Time since last request: 0.000021 seconds.
  path: Assets/01_AssetStore/DoorPackFree/Scenes/WhitePlaster.mat
  artifactKey: Guid(595cdeea06e831848902476806feaede) Importer(815301076,1909f56bfc062723c751e8b465ee728b)
Start importing Assets/01_AssetStore/DoorPackFree/Scenes/WhitePlaster.mat using Guid(595cdeea06e831848902476806feaede) Importer(815301076,1909f56bfc062723c751e8b465ee728b)  -> (artifact id: 'f60819777f44ae8b710463dc0dad4241') in 0.014691 seconds 
========================================================================
Received Import Request.
  Time since last request: 42.696475 seconds.
  path: Assets/01_AssetStore/DoorPackFree/Meshes/Door001/Materials/V1.mat
  artifactKey: Guid(6ab145d3c4567994b8cdd5490fcde60f) Importer(815301076,1909f56bfc062723c751e8b465ee728b)
Start importing Assets/01_AssetStore/DoorPackFree/Meshes/Door001/Materials/V1.mat using Guid(6ab145d3c4567994b8cdd5490fcde60f) Importer(815301076,1909f56bfc062723c751e8b465ee728b)  -> (artifact id: '41844a7489149712e5e89956628c7350') in 0.023004 seconds 
========================================================================
Received Import Request.
  Time since last request: 0.000026 seconds.
  path: Assets/01_AssetStore/DoorPackFree/Meshes/Door001/Materials/V5.mat
  artifactKey: Guid(ff33776f394eae0438185b88600e3a2c) Importer(815301076,1909f56bfc062723c751e8b465ee728b)
Start importing Assets/01_AssetStore/DoorPackFree/Meshes/Door001/Materials/V5.mat using Guid(ff33776f394eae0438185b88600e3a2c) Importer(815301076,1909f56bfc062723c751e8b465ee728b)  -> (artifact id: '9da3f3d0a4697fad673067f5ea18e17e') in 0.033740 seconds 
========================================================================
Received Import Request.
  Time since last request: 0.000027 seconds.
  path: Assets/01_AssetStore/DoorPackFree/Meshes/Door001/Materials/V7.mat
  artifactKey: Guid(29e53d3235d8ede4aa7ba3bfd40de7f6) Importer(815301076,1909f56bfc062723c751e8b465ee728b)
Start importing Assets/01_AssetStore/DoorPackFree/Meshes/Door001/Materials/V7.mat using Guid(29e53d3235d8ede4aa7ba3bfd40de7f6) Importer(815301076,1909f56bfc062723c751e8b465ee728b)  -> (artifact id: '9352621dfe4caafa2beb911131785b43') in 0.027669 seconds 
========================================================================
Received Import Request.
  Time since last request: 22.330316 seconds.
  path: Assets/PandazoleHome/Models/Prop_Bed_09.fbx
  artifactKey: Guid(9ca5e5b75cb58824a98eab3c894819c1) Importer(815301076,1909f56bfc062723c751e8b465ee728b)
Start importing Assets/PandazoleHome/Models/Prop_Bed_09.fbx using Guid(9ca5e5b75cb58824a98eab3c894819c1) Importer(815301076,1909f56bfc062723c751e8b465ee728b)  -> (artifact id: '0c03c790cdc8ccc18791b53e74f319c7') in 0.047052 seconds 
========================================================================
Received Import Request.
  Time since last request: 0.000026 seconds.
  path: Assets/PandazoleHome/Models/Prop_Console_05.fbx
  artifactKey: Guid(ed3720a28a1825442a41ff1e6293d1a9) Importer(815301076,1909f56bfc062723c751e8b465ee728b)
Start importing Assets/PandazoleHome/Models/Prop_Console_05.fbx using Guid(ed3720a28a1825442a41ff1e6293d1a9) Importer(815301076,1909f56bfc062723c751e8b465ee728b)  -> (artifact id: 'a8bf27988bdbb3f8673e1495e1aa1515') in 0.051297 seconds 
========================================================================
Received Import Request.
  Time since last request: 0.000021 seconds.
  path: Assets/PandazoleHome/Models/Prop_Chair_08.fbx
  artifactKey: Guid(7767cc3f17e51d040ac7e62c0519bb4b) Importer(815301076,1909f56bfc062723c751e8b465ee728b)
Start importing Assets/PandazoleHome/Models/Prop_Chair_08.fbx using Guid(7767cc3f17e51d040ac7e62c0519bb4b) Importer(815301076,1909f56bfc062723c751e8b465ee728b)  -> (artifact id: 'a0046ba1b478a7f7db299d3737b3eb9b') in 0.027869 seconds 
========================================================================
Received Import Request.
  Time since last request: 0.000032 seconds.
  path: Assets/PandazoleHome/Models/Prop_BuildingBlockToy_01.fbx
  artifactKey: Guid(32a40d4b9a733724d8243840d1b86188) Importer(815301076,1909f56bfc062723c751e8b465ee728b)
Start importing Assets/PandazoleHome/Models/Prop_BuildingBlockToy_01.fbx using Guid(32a40d4b9a733724d8243840d1b86188) Importer(815301076,1909f56bfc062723c751e8b465ee728b)  -> (artifact id: '2775ab254a085b9bc3d51b711ac4f804') in 0.043097 seconds 
========================================================================
Received Import Request.
  Time since last request: 0.000030 seconds.
  path: Assets/PandazoleHome/Models/Prop_Console_03.fbx
  artifactKey: Guid(446fc41ed500c244eb796401e2d894c6) Importer(815301076,1909f56bfc062723c751e8b465ee728b)
Start importing Assets/PandazoleHome/Models/Prop_Console_03.fbx using Guid(446fc41ed500c244eb796401e2d894c6) Importer(815301076,1909f56bfc062723c751e8b465ee728b)  -> (artifact id: '89602ba8db4b03abdf076bd60b369f06') in 0.025851 seconds 
========================================================================
Received Import Request.
  Time since last request: 0.000020 seconds.
  path: Assets/PandazoleHome/Models/Prop_Book_02.fbx
  artifactKey: Guid(ca9139496c527b349add991004856153) Importer(815301076,1909f56bfc062723c751e8b465ee728b)
Start importing Assets/PandazoleHome/Models/Prop_Book_02.fbx using Guid(ca9139496c527b349add991004856153) Importer(815301076,1909f56bfc062723c751e8b465ee728b)  -> (artifact id: 'f2958c824a9cd4ccbb7e8d17c91e4ba6') in 0.017090 seconds 
========================================================================
Received Import Request.
  Time since last request: 0.000027 seconds.
  path: Assets/PandazoleHome/Models/Prop_Cabinet_07.fbx
  artifactKey: Guid(bb0f8144bec6234428fef967b7d7f023) Importer(815301076,1909f56bfc062723c751e8b465ee728b)
Start importing Assets/PandazoleHome/Models/Prop_Cabinet_07.fbx using Guid(bb0f8144bec6234428fef967b7d7f023) Importer(815301076,1909f56bfc062723c751e8b465ee728b)  -> (artifact id: '0cce516f8ee5725469041ee41a4c461d') in 0.016063 seconds 
========================================================================
Received Import Request.
  Time since last request: 0.000020 seconds.
  path: Assets/PandazoleHome/Models/Prop_Book_01.fbx
  artifactKey: Guid(cbdd18d980ddf5c448e082189ce48f6b) Importer(815301076,1909f56bfc062723c751e8b465ee728b)
Start importing Assets/PandazoleHome/Models/Prop_Book_01.fbx using Guid(cbdd18d980ddf5c448e082189ce48f6b) Importer(815301076,1909f56bfc062723c751e8b465ee728b)  -> (artifact id: '3e4c69ad53592418e39b285fa84470a9') in 0.016516 seconds 
========================================================================
Received Import Request.
  Time since last request: 0.000021 seconds.
  path: Assets/PandazoleHome/Models/Prop_BuildingBlockToy_02.fbx
  artifactKey: Guid(936709706adf8b848935b7b0e8f93385) Importer(815301076,1909f56bfc062723c751e8b465ee728b)
Start importing Assets/PandazoleHome/Models/Prop_BuildingBlockToy_02.fbx using Guid(936709706adf8b848935b7b0e8f93385) Importer(815301076,1909f56bfc062723c751e8b465ee728b)  -> (artifact id: '3a08021fa813833d43908cc5fcd58cd8') in 0.015339 seconds 
========================================================================
Received Import Request.
  Time since last request: 0.000022 seconds.
  path: Assets/PandazoleHome/Models/Prop_Chair_06.fbx
  artifactKey: Guid(ff544276d5a8cf344ae572d636cd28fd) Importer(815301076,1909f56bfc062723c751e8b465ee728b)
Start importing Assets/PandazoleHome/Models/Prop_Chair_06.fbx using Guid(ff544276d5a8cf344ae572d636cd28fd) Importer(815301076,1909f56bfc062723c751e8b465ee728b)  -> (artifact id: 'fb025d4ec4aa1fb1c4ffe17929362996') in 0.016557 seconds 
========================================================================
Received Import Request.
  Time since last request: 0.000027 seconds.
  path: Assets/PandazoleHome/Models/Prop_Cabinet_04.fbx
  artifactKey: Guid(8f2c7cc36cb9df142aad030ba905df61) Importer(815301076,1909f56bfc062723c751e8b465ee728b)
Start importing Assets/PandazoleHome/Models/Prop_Cabinet_04.fbx using Guid(8f2c7cc36cb9df142aad030ba905df61) Importer(815301076,1909f56bfc062723c751e8b465ee728b)  -> (artifact id: '068ec491c5d0536f0c6967a7a4622816') in 0.019270 seconds 
========================================================================
Received Import Request.
  Time since last request: 0.000019 seconds.
  path: Assets/PandazoleHome/Models/Prop_Desk_01.fbx
  artifactKey: Guid(caffa09e18567ca4e8357bc03abf529d) Importer(815301076,1909f56bfc062723c751e8b465ee728b)
Start importing Assets/PandazoleHome/Models/Prop_Desk_01.fbx using Guid(caffa09e18567ca4e8357bc03abf529d) Importer(815301076,1909f56bfc062723c751e8b465ee728b)  -> (artifact id: '953791a3ab1b580933f385180a4c8384') in 0.018071 seconds 
========================================================================
Received Import Request.
  Time since last request: 0.000020 seconds.
  path: Assets/PandazoleHome/Models/Prop_Console_01.fbx
  artifactKey: Guid(3ab75435cfdfcbc4f847f6eeaa46df93) Importer(815301076,1909f56bfc062723c751e8b465ee728b)
Start importing Assets/PandazoleHome/Models/Prop_Console_01.fbx using Guid(3ab75435cfdfcbc4f847f6eeaa46df93) Importer(815301076,1909f56bfc062723c751e8b465ee728b)  -> (artifact id: 'dfd196a9df62f937054e2c138444e715') in 0.016114 seconds 
========================================================================
Received Import Request.
  Time since last request: 0.000018 seconds.
  path: Assets/PandazoleHome/Models/Prop_Chair_03.fbx
  artifactKey: Guid(e280db3c8939ce5429d4c4b8bfa0e200) Importer(815301076,1909f56bfc062723c751e8b465ee728b)
Start importing Assets/PandazoleHome/Models/Prop_Chair_03.fbx using Guid(e280db3c8939ce5429d4c4b8bfa0e200) Importer(815301076,1909f56bfc062723c751e8b465ee728b)  -> (artifact id: '45e0642a840691bf32b466d9438b4147') in 0.017958 seconds 
========================================================================
Received Import Request.
  Time since last request: 0.000022 seconds.
  path: Assets/PandazoleHome/Models/Prop_Chair_07.fbx
  artifactKey: Guid(e9ef1d8cab21b724b939d4f6600c36a1) Importer(815301076,1909f56bfc062723c751e8b465ee728b)
Start importing Assets/PandazoleHome/Models/Prop_Chair_07.fbx using Guid(e9ef1d8cab21b724b939d4f6600c36a1) Importer(815301076,1909f56bfc062723c751e8b465ee728b)  -> (artifact id: '2a93ce345b20a63c60287c4980ce37c8') in 0.015951 seconds 
========================================================================
Received Import Request.
  Time since last request: 0.000036 seconds.
  path: Assets/PandazoleHome/Models/Prop_Bed_11.fbx
  artifactKey: Guid(dbed97b8a915ce44ea6bcf403c317bf3) Importer(815301076,1909f56bfc062723c751e8b465ee728b)
Start importing Assets/PandazoleHome/Models/Prop_Bed_11.fbx using Guid(dbed97b8a915ce44ea6bcf403c317bf3) Importer(815301076,1909f56bfc062723c751e8b465ee728b)  -> (artifact id: '8598fadb2d41eb85da3f3ea53e10f8b2') in 0.015190 seconds 
========================================================================
Received Import Request.
  Time since last request: 0.000027 seconds.
  path: Assets/PandazoleHome/Models/Prop_Chest.fbx
  artifactKey: Guid(c4b1dca2cbae4d64e88870c00448afaa) Importer(815301076,1909f56bfc062723c751e8b465ee728b)
Start importing Assets/PandazoleHome/Models/Prop_Chest.fbx using Guid(c4b1dca2cbae4d64e88870c00448afaa) Importer(815301076,1909f56bfc062723c751e8b465ee728b)  -> (artifact id: '62f2659912333e2e69821a369e34c755') in 0.018577 seconds 
========================================================================
Received Import Request.
  Time since last request: 0.000027 seconds.
  path: Assets/PandazoleHome/Models/Prop_Carpet_01.fbx
  artifactKey: Guid(cb1202bba5057b24f998569a6433abb0) Importer(815301076,1909f56bfc062723c751e8b465ee728b)
Start importing Assets/PandazoleHome/Models/Prop_Carpet_01.fbx using Guid(cb1202bba5057b24f998569a6433abb0) Importer(815301076,1909f56bfc062723c751e8b465ee728b)  -> (artifact id: '694ea21ff2f2b0ec2f4526ddafbab1a2') in 0.018229 seconds 
========================================================================
Received Import Request.
  Time since last request: 0.000029 seconds.
  path: Assets/PandazoleHome/Models/Prop_Carpet_03.fbx
  artifactKey: Guid(6558e84548602f54a8fecfa181749f72) Importer(815301076,1909f56bfc062723c751e8b465ee728b)
Start importing Assets/PandazoleHome/Models/Prop_Carpet_03.fbx using Guid(6558e84548602f54a8fecfa181749f72) Importer(815301076,1909f56bfc062723c751e8b465ee728b)  -> (artifact id: '6db9612f3b1bc0600ec04edaf2978f3e') in 0.016497 seconds 
========================================================================
Received Import Request.
  Time since last request: 739.674973 seconds.
  path: Assets/PandazoleHome/Models/Prop_EarthMapBall.fbx
  artifactKey: Guid(3f52ce27b13084949b9501ad441a88f7) Importer(815301076,1909f56bfc062723c751e8b465ee728b)
Start importing Assets/PandazoleHome/Models/Prop_EarthMapBall.fbx using Guid(3f52ce27b13084949b9501ad441a88f7) Importer(815301076,1909f56bfc062723c751e8b465ee728b)  -> (artifact id: 'e05ed60486c774003a3c68f1c231d7cd') in 0.024802 seconds 
========================================================================
Received Import Request.
  Time since last request: 0.000022 seconds.
  path: Assets/PandazoleHome/Models/Prop_KidsCube_D.fbx
  artifactKey: Guid(5cc834573db026741b52168cc79f2f66) Importer(815301076,1909f56bfc062723c751e8b465ee728b)
Start importing Assets/PandazoleHome/Models/Prop_KidsCube_D.fbx using Guid(5cc834573db026741b52168cc79f2f66) Importer(815301076,1909f56bfc062723c751e8b465ee728b)  -> (artifact id: '2c1ec66a0d7515824237eb7e5109e423') in 0.029071 seconds 
========================================================================
Received Import Request.
  Time since last request: 0.000022 seconds.
  path: Assets/PandazoleHome/Models/Prop_HulaHoop_03.fbx
  artifactKey: Guid(322a9678bdcd121438a3b7fa5ea5f91b) Importer(815301076,1909f56bfc062723c751e8b465ee728b)
Start importing Assets/PandazoleHome/Models/Prop_HulaHoop_03.fbx using Guid(322a9678bdcd121438a3b7fa5ea5f91b) Importer(815301076,1909f56bfc062723c751e8b465ee728b)  -> (artifact id: 'becba879e4e12bd015549be9d5726fb3') in 0.047007 seconds 
========================================================================
Received Import Request.
  Time since last request: 0.000039 seconds.
  path: Assets/PandazoleHome/Models/Prop_Homeplant_09.fbx
  artifactKey: Guid(be088475b8c9f0d45b85c16243c29b2e) Importer(815301076,1909f56bfc062723c751e8b465ee728b)
Start importing Assets/PandazoleHome/Models/Prop_Homeplant_09.fbx using Guid(be088475b8c9f0d45b85c16243c29b2e) Importer(815301076,1909f56bfc062723c751e8b465ee728b)  -> (artifact id: '6f05c60b78584682d2c13958647bf567') in 0.021173 seconds 
========================================================================
Received Import Request.
  Time since last request: 0.000030 seconds.
  path: Assets/PandazoleHome/Models/Prop_HulaHoop_02.fbx
  artifactKey: Guid(fabdf447e4d2e704a88dbf6a1ab34c07) Importer(815301076,1909f56bfc062723c751e8b465ee728b)
Start importing Assets/PandazoleHome/Models/Prop_HulaHoop_02.fbx using Guid(fabdf447e4d2e704a88dbf6a1ab34c07) Importer(815301076,1909f56bfc062723c751e8b465ee728b)  -> (artifact id: '2efdf64c6f24fe9e5a408b26e655824b') in 0.015880 seconds 
========================================================================
Received Import Request.
  Time since last request: 0.000022 seconds.
  path: Assets/PandazoleHome/Models/Prop_Fireplace.fbx
  artifactKey: Guid(8d528b821df526b4b8fdaeee77b92c5d) Importer(815301076,1909f56bfc062723c751e8b465ee728b)
Start importing Assets/PandazoleHome/Models/Prop_Fireplace.fbx using Guid(8d528b821df526b4b8fdaeee77b92c5d) Importer(815301076,1909f56bfc062723c751e8b465ee728b)  -> (artifact id: '1caaa09cf6251ab5cb4c34b6b230fb46') in 0.018036 seconds 
========================================================================
Received Import Request.
  Time since last request: 0.000020 seconds.
  path: Assets/PandazoleHome/Models/Prop_Faucet_02.fbx
  artifactKey: Guid(4dd90a3adb0a6f945adecc79e42d9387) Importer(815301076,1909f56bfc062723c751e8b465ee728b)
Start importing Assets/PandazoleHome/Models/Prop_Faucet_02.fbx using Guid(4dd90a3adb0a6f945adecc79e42d9387) Importer(815301076,1909f56bfc062723c751e8b465ee728b)  -> (artifact id: '4d7990f4b21b2e84d853a935e796ebf4') in 0.015951 seconds 
========================================================================
Received Import Request.
  Time since last request: 0.000017 seconds.
  path: Assets/PandazoleHome/Models/Prop_GroundBase_07.fbx
  artifactKey: Guid(be95bdd74dc320240a067ebf0284b099) Importer(815301076,1909f56bfc062723c751e8b465ee728b)
Start importing Assets/PandazoleHome/Models/Prop_GroundBase_07.fbx using Guid(be95bdd74dc320240a067ebf0284b099) Importer(815301076,1909f56bfc062723c751e8b465ee728b)  -> (artifact id: '4e46d006fe4885ca9dbe0d035ddfd08a') in 0.017628 seconds 
========================================================================
Received Import Request.
  Time since last request: 0.000020 seconds.
  path: Assets/PandazoleHome/Models/Prop_HomeLamp_01.fbx
  artifactKey: Guid(2149e3d7d9277c044a0d3014e640524f) Importer(815301076,1909f56bfc062723c751e8b465ee728b)
Start importing Assets/PandazoleHome/Models/Prop_HomeLamp_01.fbx using Guid(2149e3d7d9277c044a0d3014e640524f) Importer(815301076,1909f56bfc062723c751e8b465ee728b)  -> (artifact id: 'b7d3b94047f21bd1ff4d68e623d84156') in 0.019317 seconds 
========================================================================
Received Import Request.
  Time since last request: 0.000021 seconds.
  path: Assets/PandazoleHome/Models/Prop_GenericHandle_03.fbx
  artifactKey: Guid(31ee109f2547bf44797900732208c5a9) Importer(815301076,1909f56bfc062723c751e8b465ee728b)
Start importing Assets/PandazoleHome/Models/Prop_GenericHandle_03.fbx using Guid(31ee109f2547bf44797900732208c5a9) Importer(815301076,1909f56bfc062723c751e8b465ee728b)  -> (artifact id: '9d986acc4c5a3778c7de9a3a94711e59') in 0.017846 seconds 
========================================================================
Received Import Request.
  Time since last request: 0.000021 seconds.
  path: Assets/PandazoleHome/Models/Prop_KidsCube_F.fbx
  artifactKey: Guid(4729ef771d168e34ca6f9733bb241c12) Importer(815301076,1909f56bfc062723c751e8b465ee728b)
Start importing Assets/PandazoleHome/Models/Prop_KidsCube_F.fbx using Guid(4729ef771d168e34ca6f9733bb241c12) Importer(815301076,1909f56bfc062723c751e8b465ee728b)  -> (artifact id: '0b98eb14f016dc0827c6a7f442634e36') in 0.018015 seconds 
========================================================================
Received Import Request.
  Time since last request: 0.000030 seconds.
  path: Assets/PandazoleHome/Models/Prop_HomeTheater_05.fbx
  artifactKey: Guid(0833f6b5bc422594fadc327a3d9c3910) Importer(815301076,1909f56bfc062723c751e8b465ee728b)
Start importing Assets/PandazoleHome/Models/Prop_HomeTheater_05.fbx using Guid(0833f6b5bc422594fadc327a3d9c3910) Importer(815301076,1909f56bfc062723c751e8b465ee728b)  -> (artifact id: '0b459d4083139dfbfa2fbe186ed87fe6') in 0.014929 seconds 
========================================================================
Received Import Request.
  Time since last request: 0.000023 seconds.
  path: Assets/PandazoleHome/Models/Prop_HulaHoop_01.fbx
  artifactKey: Guid(0dee1077c5e190f42a9e3ceebf8023d4) Importer(815301076,1909f56bfc062723c751e8b465ee728b)
Start importing Assets/PandazoleHome/Models/Prop_HulaHoop_01.fbx using Guid(0dee1077c5e190f42a9e3ceebf8023d4) Importer(815301076,1909f56bfc062723c751e8b465ee728b)  -> (artifact id: 'b11daa9b0b738ee7d80655b1d9681206') in 0.016370 seconds 
========================================================================
Received Import Request.
  Time since last request: 0.000030 seconds.
  path: Assets/PandazoleHome/Models/Prop_HomeSpeaker_01.fbx
  artifactKey: Guid(432dc82ab3c89d540b440e19fedbb58a) Importer(815301076,1909f56bfc062723c751e8b465ee728b)
Start importing Assets/PandazoleHome/Models/Prop_HomeSpeaker_01.fbx using Guid(432dc82ab3c89d540b440e19fedbb58a) Importer(815301076,1909f56bfc062723c751e8b465ee728b)  -> (artifact id: '019f7bcda1a4a5900cfbe717a68aeb42') in 0.018017 seconds 
========================================================================
Received Import Request.
  Time since last request: 0.000029 seconds.
  path: Assets/PandazoleHome/Models/Prop_GroundBase_04.fbx
  artifactKey: Guid(972183fb0a4a2b449aea0fda449708be) Importer(815301076,1909f56bfc062723c751e8b465ee728b)
Start importing Assets/PandazoleHome/Models/Prop_GroundBase_04.fbx using Guid(972183fb0a4a2b449aea0fda449708be) Importer(815301076,1909f56bfc062723c751e8b465ee728b)  -> (artifact id: '146c4ab51cdc84d55a8367e83adc1967') in 0.017348 seconds 
========================================================================
Received Import Request.
  Time since last request: 0.000028 seconds.
  path: Assets/PandazoleHome/Models/Prop_Homeplant_02.fbx
  artifactKey: Guid(2ee43b81f1b80254eacf9eb283c8752a) Importer(815301076,1909f56bfc062723c751e8b465ee728b)
Start importing Assets/PandazoleHome/Models/Prop_Homeplant_02.fbx using Guid(2ee43b81f1b80254eacf9eb283c8752a) Importer(815301076,1909f56bfc062723c751e8b465ee728b)  -> (artifact id: 'd94cce7f6e9045c846772725f5e6ab0e') in 0.028651 seconds 
========================================================================
Received Import Request.
  Time since last request: 0.000017 seconds.
  path: Assets/PandazoleHome/Models/Prop_GenericHandle_02.fbx
  artifactKey: Guid(7d5bafe4f6a1ffe4894bd622f5d560e5) Importer(815301076,1909f56bfc062723c751e8b465ee728b)
Start importing Assets/PandazoleHome/Models/Prop_GenericHandle_02.fbx using Guid(7d5bafe4f6a1ffe4894bd622f5d560e5) Importer(815301076,1909f56bfc062723c751e8b465ee728b)  -> (artifact id: 'd3f28b99a9bdfd41dbd477d2144e3502') in 0.018914 seconds 
========================================================================
Received Import Request.
  Time since last request: 0.000022 seconds.
  path: Assets/PandazoleHome/Models/Prop_GenericHandle_04.fbx
  artifactKey: Guid(99c4a28f24c67be46ac05780d3572fc0) Importer(815301076,1909f56bfc062723c751e8b465ee728b)
Start importing Assets/PandazoleHome/Models/Prop_GenericHandle_04.fbx using Guid(99c4a28f24c67be46ac05780d3572fc0) Importer(815301076,1909f56bfc062723c751e8b465ee728b)  -> (artifact id: '7da2a4d3f22dd613dd49dbb54bb34ad2') in 0.014858 seconds 
========================================================================
Received Import Request.
  Time since last request: 0.000021 seconds.
  path: Assets/PandazoleHome/Models/Prop_Homeplant_01.fbx
  artifactKey: Guid(018851832f021294fad1e5311abab417) Importer(815301076,1909f56bfc062723c751e8b465ee728b)
Start importing Assets/PandazoleHome/Models/Prop_Homeplant_01.fbx using Guid(018851832f021294fad1e5311abab417) Importer(815301076,1909f56bfc062723c751e8b465ee728b)  -> (artifact id: 'b5bb94b6cb3dc0ba39705f875b92887a') in 0.015468 seconds 
========================================================================
Received Import Request.
  Time since last request: 0.000025 seconds.
  path: Assets/PandazoleHome/Models/Prop_Faucet_01.fbx
  artifactKey: Guid(3fb17cbed3939d9459d4bdb5b41c79fe) Importer(815301076,1909f56bfc062723c751e8b465ee728b)
Start importing Assets/PandazoleHome/Models/Prop_Faucet_01.fbx using Guid(3fb17cbed3939d9459d4bdb5b41c79fe) Importer(815301076,1909f56bfc062723c751e8b465ee728b)  -> (artifact id: 'ab88470d66a11178ec18cf03bba3fdf0') in 0.016610 seconds 
========================================================================
Received Import Request.
  Time since last request: 0.000019 seconds.
  path: Assets/PandazoleHome/Models/Prop_GroundBase_06.fbx
  artifactKey: Guid(4fb6067e8abcab84793c52f96dfcc274) Importer(815301076,1909f56bfc062723c751e8b465ee728b)
Start importing Assets/PandazoleHome/Models/Prop_GroundBase_06.fbx using Guid(4fb6067e8abcab84793c52f96dfcc274) Importer(815301076,1909f56bfc062723c751e8b465ee728b)  -> (artifact id: '144a6ebe3b9a0bd4dac9da248b44a9e8') in 0.017452 seconds 
========================================================================
Received Import Request.
  Time since last request: 0.000020 seconds.
  path: Assets/PandazoleHome/Models/Prop_HomeTheater_02.fbx
  artifactKey: Guid(de9ff75efe85e124b89a8fa0b27b0e83) Importer(815301076,1909f56bfc062723c751e8b465ee728b)
Start importing Assets/PandazoleHome/Models/Prop_HomeTheater_02.fbx using Guid(de9ff75efe85e124b89a8fa0b27b0e83) Importer(815301076,1909f56bfc062723c751e8b465ee728b)  -> (artifact id: '411d5fdbc28aa6d1bb31aa70a23d7ee3') in 0.017208 seconds 
========================================================================
Received Import Request.
  Time since last request: 0.000015 seconds.
  path: Assets/PandazoleHome/Models/Prop_Faucet_06.fbx
  artifactKey: Guid(951a40dbe9f731b43a27ce66697c380d) Importer(815301076,1909f56bfc062723c751e8b465ee728b)
Start importing Assets/PandazoleHome/Models/Prop_Faucet_06.fbx using Guid(951a40dbe9f731b43a27ce66697c380d) Importer(815301076,1909f56bfc062723c751e8b465ee728b)  -> (artifact id: 'e6de54f763fbd6bf0a7c44d45ac860f9') in 0.015525 seconds 
========================================================================
Received Import Request.
  Time since last request: 0.000024 seconds.
  path: Assets/PandazoleHome/Models/Prop_Homeplant_08.fbx
  artifactKey: Guid(d02248317d144674591462a2049ec09a) Importer(815301076,1909f56bfc062723c751e8b465ee728b)
Start importing Assets/PandazoleHome/Models/Prop_Homeplant_08.fbx using Guid(d02248317d144674591462a2049ec09a) Importer(815301076,1909f56bfc062723c751e8b465ee728b)  -> (artifact id: '294c1215f871a27e8784c659cd140fb7') in 0.017377 seconds 
========================================================================
Received Import Request.
  Time since last request: 0.000032 seconds.
  path: Assets/PandazoleHome/Models/Prop_GenericHandle_01.fbx
  artifactKey: Guid(da021860867cf624bba5c68c2a116b93) Importer(815301076,1909f56bfc062723c751e8b465ee728b)
Start importing Assets/PandazoleHome/Models/Prop_GenericHandle_01.fbx using Guid(da021860867cf624bba5c68c2a116b93) Importer(815301076,1909f56bfc062723c751e8b465ee728b)  -> (artifact id: '1387f735149dc1c900a1df16d89b8ba7') in 0.017365 seconds 
========================================================================
Received Import Request.
  Time since last request: 0.000035 seconds.
  path: Assets/PandazoleHome/Models/Prop_GroundBase_05.fbx
  artifactKey: Guid(7040beede89484743ae4b3477a012a01) Importer(815301076,1909f56bfc062723c751e8b465ee728b)
Start importing Assets/PandazoleHome/Models/Prop_GroundBase_05.fbx using Guid(7040beede89484743ae4b3477a012a01) Importer(815301076,1909f56bfc062723c751e8b465ee728b)  -> (artifact id: '810d14f1d25c2b60ada734d186166803') in 0.018434 seconds 
========================================================================
Received Import Request.
  Time since last request: 0.000024 seconds.
  path: Assets/PandazoleHome/Models/Prop_Faucet_03.fbx
  artifactKey: Guid(3085dd8fb5f31af489753f176dcfd166) Importer(815301076,1909f56bfc062723c751e8b465ee728b)
Start importing Assets/PandazoleHome/Models/Prop_Faucet_03.fbx using Guid(3085dd8fb5f31af489753f176dcfd166) Importer(815301076,1909f56bfc062723c751e8b465ee728b)  -> (artifact id: '87a9edb7ca70c4d7117afeea1bd0364f') in 0.015910 seconds 
========================================================================
Received Import Request.
  Time since last request: 0.000026 seconds.
  path: Assets/PandazoleHome/Models/Prop_Homeplant_03.fbx
  artifactKey: Guid(6106b9527b491cb40a4f3e13011eb662) Importer(815301076,1909f56bfc062723c751e8b465ee728b)
Start importing Assets/PandazoleHome/Models/Prop_Homeplant_03.fbx using Guid(6106b9527b491cb40a4f3e13011eb662) Importer(815301076,1909f56bfc062723c751e8b465ee728b)  -> (artifact id: '25696a9c455210dc22255bc3e64b78ca') in 0.014777 seconds 
Editor requested this worker to shutdown with reason: Scaling down because of idle timeout
AssetImportWorker is now disconnected from the server
Process exiting
Exiting without the bug reporter. Application will terminate with return code 0