Using pre-set license
Built from '2022.1/release' branch; Version is '2022.1.21f1 (9ac1ff5ca45b) revision 10142207'; Using compiler version '192829333'; Build Type 'Release'
OS: 'Windows 11  (10.0.22621) 64bit Core' Language: 'en' Physical Memory: 32533 MB
BatchMode: 1, IsHumanControllingUs: 0, StartBugReporterOnCrash: 0, Is64bit: 1, IsPro: 1

COMMAND LINE ARGUMENTS:
C:\Program Files\Unity\Hub\Editor\2022.1.21f1\Editor\Unity.exe
-adb2
-batchMode
-noUpm
-name
AssetImportWorker9
-projectPath
C:/Users/AlexA/Documents/School/Unity/Mean One/Mean One
-logFile
Logs/AssetImportWorker9.log
-srvPort
60318
Successfully changed project path to: C:/Users/AlexA/Documents/School/Unity/Mean One/Mean One
C:/Users/AlexA/Documents/School/Unity/Mean One/Mean One
[UnityMemory] Configuration Parameters - Can be set up in boot.config
    "memorysetup-bucket-allocator-granularity=16"
    "memorysetup-bucket-allocator-bucket-count=8"
    "memorysetup-bucket-allocator-block-size=33554432"
    "memorysetup-bucket-allocator-block-count=8"
    "memorysetup-main-allocator-block-size=16777216"
    "memorysetup-thread-allocator-block-size=16777216"
    "memorysetup-gfx-main-allocator-block-size=16777216"
    "memorysetup-gfx-thread-allocator-block-size=16777216"
    "memorysetup-cache-allocator-block-size=4194304"
    "memorysetup-typetree-allocator-block-size=2097152"
    "memorysetup-profiler-bucket-allocator-granularity=16"
    "memorysetup-profiler-bucket-allocator-bucket-count=8"
    "memorysetup-profiler-bucket-allocator-block-size=33554432"
    "memorysetup-profiler-bucket-allocator-block-count=8"
    "memorysetup-profiler-allocator-block-size=16777216"
    "memorysetup-profiler-editor-allocator-block-size=1048576"
    "memorysetup-temp-allocator-size-main=16777216"
    "memorysetup-job-temp-allocator-block-size=2097152"
    "memorysetup-job-temp-allocator-block-size-background=1048576"
    "memorysetup-job-temp-allocator-reduction-small-platforms=262144"
    "memorysetup-temp-allocator-size-background-worker=32768"
    "memorysetup-temp-allocator-size-job-worker=262144"
    "memorysetup-temp-allocator-size-preload-manager=33554432"
    "memorysetup-temp-allocator-size-nav-mesh-worker=65536"
    "memorysetup-temp-allocator-size-audio-worker=65536"
    "memorysetup-temp-allocator-size-cloud-worker=32768"
    "memorysetup-temp-allocator-size-gi-baking-worker=262144"
    "memorysetup-temp-allocator-size-gfx=262144"
Refreshing native plugins compatible for Editor in 60.22 ms, found 2 plugins.
Preloading 0 native plugins for Editor in 0.00 ms.
Initialize engine version: 2022.1.21f1 (9ac1ff5ca45b)
[Subsystems] Discovering subsystems at path C:/Program Files/Unity/Hub/Editor/2022.1.21f1/Editor/Data/Resources/UnitySubsystems
[Subsystems] Discovering subsystems at path C:/Users/AlexA/Documents/School/Unity/Mean One/Mean One/Assets
GfxDevice: creating device client; threaded=0; jobified=0
Direct3D:
    Version:  Direct3D 11.0 [level 11.1]
    Renderer: NVIDIA GeForce RTX 3060 Laptop GPU (ID=0x2520)
    Vendor:   NVIDIA
    VRAM:     6009 MB
    Driver:   31.0.15.2849
Initialize mono
Mono path[0] = 'C:/Program Files/Unity/Hub/Editor/2022.1.21f1/Editor/Data/Managed'
Mono path[1] = 'C:/Program Files/Unity/Hub/Editor/2022.1.21f1/Editor/Data/MonoBleedingEdge/lib/mono/unityjit-win32'
Mono config path = 'C:/Program Files/Unity/Hub/Editor/2022.1.21f1/Editor/Data/MonoBleedingEdge/etc'
Using monoOptions --debugger-agent=transport=dt_socket,embedding=1,server=y,suspend=n,address=127.0.0.1:56728
Begin MonoManager ReloadAssembly
Registering precompiled unity dll's ...
Register platform support module: C:/Program Files/Unity/Hub/Editor/2022.1.21f1/Editor/Data/PlaybackEngines/WindowsStandaloneSupport/UnityEditor.WindowsStandalone.Extensions.dll
Registered in 0.006999 seconds.
Native extension for WindowsStandalone target not found
Refreshing native plugins compatible for Editor in 39.64 ms, found 2 plugins.
Preloading 0 native plugins for Editor in 0.00 ms.
Mono: successfully reloaded assembly
- Completed reload, in  0.612 seconds
Domain Reload Profiling:
	ReloadAssembly (612ms)
		BeginReloadAssembly (89ms)
			ExecutionOrderSort (0ms)
			DisableScriptedObjects (0ms)
			BackupInstance (0ms)
			ReleaseScriptingObjects (0ms)
			CreateAndSetChildDomain (1ms)
		EndReloadAssembly (409ms)
			LoadAssemblies (87ms)
			RebuildTransferFunctionScriptingTraits (0ms)
			SetupTypeCache (109ms)
				TypeCache.Initialize (108ms)
					TypeCache.ScanAssembly (107ms)
				ResolveRequiredComponents (1ms)
			ReleaseScriptCaches (0ms)
			RebuildScriptCaches (25ms)
			SetupLoadedEditorAssemblies (225ms)
				LogAssemblyErrors (0ms)
				InitializePlatformSupportModulesInManaged (7ms)
				SetLoadedEditorAssemblies (6ms)
				RefreshPlugins (40ms)
				BeforeProcessingInitializeOnLoad (1ms)
				ProcessInitializeOnLoadAttributes (123ms)
				ProcessInitializeOnLoadMethodAttributes (48ms)
				AfterProcessingInitializeOnLoad (0ms)
				EditorAssembliesLoaded (0ms)
			ExecutionOrderSort2 (0ms)
			AwakeInstancesAfterBackupRestoration (0ms)
Platform modules already initialized, skipping
Registering precompiled user dll's ...
Registered in 0.003521 seconds.
Begin MonoManager ReloadAssembly
Native extension for WindowsStandalone target not found
Refreshing native plugins compatible for Editor in 0.47 ms, found 2 plugins.
Preloading 0 native plugins for Editor in 0.00 ms.
Mono: successfully reloaded assembly
- Completed reload, in  0.862 seconds
Domain Reload Profiling:
	ReloadAssembly (863ms)
		BeginReloadAssembly (105ms)
			ExecutionOrderSort (0ms)
			DisableScriptedObjects (5ms)
			BackupInstance (0ms)
			ReleaseScriptingObjects (0ms)
			CreateAndSetChildDomain (17ms)
		EndReloadAssembly (648ms)
			LoadAssemblies (68ms)
			RebuildTransferFunctionScriptingTraits (0ms)
			SetupTypeCache (179ms)
				TypeCache.Initialize (177ms)
					TypeCache.ScanAssembly (174ms)
				ResolveRequiredComponents (2ms)
			ReleaseScriptCaches (0ms)
			RebuildScriptCaches (41ms)
			SetupLoadedEditorAssemblies (312ms)
				LogAssemblyErrors (0ms)
				InitializePlatformSupportModulesInManaged (5ms)
				SetLoadedEditorAssemblies (5ms)
				RefreshPlugins (1ms)
				BeforeProcessingInitializeOnLoad (56ms)
				ProcessInitializeOnLoadAttributes (207ms)
				ProcessInitializeOnLoadMethodAttributes (29ms)
				AfterProcessingInitializeOnLoad (9ms)
				EditorAssembliesLoaded (0ms)
			ExecutionOrderSort2 (0ms)
			AwakeInstancesAfterBackupRestoration (8ms)
Platform modules already initialized, skipping
========================================================================
Worker process is ready to serve import requests
Launched and connected shader compiler UnityShaderCompiler.exe after 0.03 seconds
Refreshing native plugins compatible for Editor in 0.49 ms, found 2 plugins.
Preloading 0 native plugins for Editor in 0.00 ms.
Unloading 2088 Unused Serialized files (Serialized files now loaded: 0)
Unloading 21 unused Assets / (109.3 KB). Loaded Objects now: 2556.
Memory consumption went from 343.4 MB to 343.3 MB.
Total: 2.348300 ms (FindLiveObjects: 0.167100 ms CreateObjectMapping: 0.091000 ms MarkObjects: 1.983200 ms  DeleteObjects: 0.106200 ms)

AssetImportParameters requested are different than current active one (requested -> active):
  custom:video-decoder-ogg-theora: a1e56fd34408186e4bbccfd4996cb3dc -> 
  custom:container-muxer-webm: aa71ff27fc2769a1b78a27578f13a17b -> 
  custom:container-demuxer-webm: 4f35f7cbe854078d1ac9338744f61a02 -> 
  custom:video-encoder-webm-vp8: eb34c28f22e8b96e1ab97ce403110664 -> 
  custom:video-codec-MediaFoundation-h265: 746d11721c4dcdbdad8f713fa42b33f4 -> 
  custom:audio-encoder-webm-vorbis: bf7c407c2cedff20999df2af8eb42d56 -> 
  custom:framework-win-MediaFoundation: 216162199b28c13a410421893ffa2e32 -> 
  custom:container-demuxer-ogg: 62fdf1f143b41e24485cea50d1cbac27 -> 
  custom:video-decoder-webm-vp8: 9c59270c3fd7afecdb556c50c9e8de78 -> 
  custom:audio-decoder-ogg-vorbis: bf7c407c2cedff20999df2af8eb42d56 -> 
========================================================================
Received Import Request.
  Time since last request: 15876.713653 seconds.
  path: Assets/Scenes/New Material.mat
  artifactKey: Guid(13398acb2da921e4a836d737056357e9) Importer(815301076,1909f56bfc062723c751e8b465ee728b)
Start importing Assets/Scenes/New Material.mat using Guid(13398acb2da921e4a836d737056357e9) Importer(815301076,1909f56bfc062723c751e8b465ee728b)  -> (artifact id: '321174f6ed2e955d076900bc5dc895da') in 0.121935 seconds 
========================================================================
Received Import Request.
  Time since last request: 2048.441501 seconds.
  path: Assets/PandazoleHome/Models/Prop_Microwave_02.fbx
  artifactKey: Guid(ae8c1064e21fe4346997e3d09e4934dd) Importer(815301076,1909f56bfc062723c751e8b465ee728b)
Start importing Assets/PandazoleHome/Models/Prop_Microwave_02.fbx using Guid(ae8c1064e21fe4346997e3d09e4934dd) Importer(815301076,1909f56bfc062723c751e8b465ee728b)  -> (artifact id: 'ff5e48ef3854cb8f10dc61006745b826') in 0.063957 seconds 
========================================================================
Received Import Request.
  Time since last request: 0.000023 seconds.
  path: Assets/PandazoleHome/Models/Prop_Microwave_03.fbx
  artifactKey: Guid(b3e930dc9602bee4e9f1034edbbc029e) Importer(815301076,1909f56bfc062723c751e8b465ee728b)
Start importing Assets/PandazoleHome/Models/Prop_Microwave_03.fbx using Guid(b3e930dc9602bee4e9f1034edbbc029e) Importer(815301076,1909f56bfc062723c751e8b465ee728b)  -> (artifact id: '88244660f9b27e2d82922c1a10ae7995') in 0.020838 seconds 
========================================================================
Received Import Request.
  Time since last request: 0.000035 seconds.
  path: Assets/PandazoleHome/Models/Prop_WallCShape_03.fbx
  artifactKey: Guid(bb7da72b2069d1549bd57e831ba6bf64) Importer(815301076,1909f56bfc062723c751e8b465ee728b)
Start importing Assets/PandazoleHome/Models/Prop_WallCShape_03.fbx using Guid(bb7da72b2069d1549bd57e831ba6bf64) Importer(815301076,1909f56bfc062723c751e8b465ee728b)  -> (artifact id: 'c481b0fe73e5ab41668f66755c26bc55') in 0.016047 seconds 
========================================================================
Received Import Request.
  Time since last request: 0.000017 seconds.
  path: Assets/PandazoleHome/Models/Prop_WallPlugin.fbx
  artifactKey: Guid(26005e3b78904e848861e41316515732) Importer(815301076,1909f56bfc062723c751e8b465ee728b)
Start importing Assets/PandazoleHome/Models/Prop_WallPlugin.fbx using Guid(26005e3b78904e848861e41316515732) Importer(815301076,1909f56bfc062723c751e8b465ee728b)  -> (artifact id: 'e71369f96bea854e3d8adbd826e662e9') in 0.016078 seconds 
========================================================================
Received Import Request.
  Time since last request: 0.000018 seconds.
  path: Assets/PandazoleHome/Models/Prop_Wall_02.fbx
  artifactKey: Guid(95cd4a2599fb3b74ca4b1237d8e79810) Importer(815301076,1909f56bfc062723c751e8b465ee728b)
Start importing Assets/PandazoleHome/Models/Prop_Wall_02.fbx using Guid(95cd4a2599fb3b74ca4b1237d8e79810) Importer(815301076,1909f56bfc062723c751e8b465ee728b)  -> (artifact id: 'd2e036ed84542ad3f242c92202a118a3') in 0.020598 seconds 
========================================================================
Received Import Request.
  Time since last request: 0.000019 seconds.
  path: Assets/PandazoleHome/Models/Prop_WallCornor_05.fbx
  artifactKey: Guid(a2abfa35b07be9b4f97dcdfb93177862) Importer(815301076,1909f56bfc062723c751e8b465ee728b)
Start importing Assets/PandazoleHome/Models/Prop_WallCornor_05.fbx using Guid(a2abfa35b07be9b4f97dcdfb93177862) Importer(815301076,1909f56bfc062723c751e8b465ee728b)  -> (artifact id: '86374437faa0135cbecb51fa67f40589') in 0.018644 seconds 
========================================================================
Received Import Request.
  Time since last request: 0.000017 seconds.
  path: Assets/PandazoleHome/Models/Prop_WallHanger_01.fbx
  artifactKey: Guid(95883c57d14725847bc31f6790b31eb0) Importer(815301076,1909f56bfc062723c751e8b465ee728b)
Start importing Assets/PandazoleHome/Models/Prop_WallHanger_01.fbx using Guid(95883c57d14725847bc31f6790b31eb0) Importer(815301076,1909f56bfc062723c751e8b465ee728b)  -> (artifact id: '8ec0727e2af8efd34fadf42f9127a576') in 0.014249 seconds 
========================================================================
Received Import Request.
  Time since last request: 0.000015 seconds.
  path: Assets/PandazoleHome/Models/Prop_Wall_06.fbx
  artifactKey: Guid(53370d28a7f97a8409772ca9b929d3d2) Importer(815301076,1909f56bfc062723c751e8b465ee728b)
Start importing Assets/PandazoleHome/Models/Prop_Wall_06.fbx using Guid(53370d28a7f97a8409772ca9b929d3d2) Importer(815301076,1909f56bfc062723c751e8b465ee728b)  -> (artifact id: '8810631182e0ab314c7a646147716928') in 0.016603 seconds 
========================================================================
Received Import Request.
  Time since last request: 0.000028 seconds.
  path: Assets/PandazoleHome/Models/Prop_Wall_01.fbx
  artifactKey: Guid(9e1af8fc68fff594a8e25b17b9895618) Importer(815301076,1909f56bfc062723c751e8b465ee728b)
Start importing Assets/PandazoleHome/Models/Prop_Wall_01.fbx using Guid(9e1af8fc68fff594a8e25b17b9895618) Importer(815301076,1909f56bfc062723c751e8b465ee728b)  -> (artifact id: '4aa09d2f8c7877ba95f4620880ce633a') in 0.016046 seconds 
========================================================================
Received Import Request.
  Time since last request: 0.000025 seconds.
  path: Assets/PandazoleHome/Models/Prop_WallCornor_04.fbx
  artifactKey: Guid(c7401aa2b5896a14f94125b1d37288f5) Importer(815301076,1909f56bfc062723c751e8b465ee728b)
Start importing Assets/PandazoleHome/Models/Prop_WallCornor_04.fbx using Guid(c7401aa2b5896a14f94125b1d37288f5) Importer(815301076,1909f56bfc062723c751e8b465ee728b)  -> (artifact id: '69535cf4d75c6acba66bada41fa66549') in 0.019056 seconds 
========================================================================
Received Import Request.
  Time since last request: 0.000019 seconds.
  path: Assets/PandazoleHome/Models/Prop_WallCornor_06.fbx
  artifactKey: Guid(37e89a160e158aa4792a6531faab903d) Importer(815301076,1909f56bfc062723c751e8b465ee728b)
Start importing Assets/PandazoleHome/Models/Prop_WallCornor_06.fbx using Guid(37e89a160e158aa4792a6531faab903d) Importer(815301076,1909f56bfc062723c751e8b465ee728b)  -> (artifact id: '1474c67ce165e8b1dd67ff7964e5c035') in 0.017560 seconds 
========================================================================
Received Import Request.
  Time since last request: 0.000018 seconds.
  path: Assets/PandazoleHome/Models/Prop_WallCShape_02.fbx
  artifactKey: Guid(aba5fd51c9df39e4b9dc92ce1a9cb130) Importer(815301076,1909f56bfc062723c751e8b465ee728b)
Start importing Assets/PandazoleHome/Models/Prop_WallCShape_02.fbx using Guid(aba5fd51c9df39e4b9dc92ce1a9cb130) Importer(815301076,1909f56bfc062723c751e8b465ee728b)  -> (artifact id: 'd48f96e09254c43fc67e4ccebdc8dd9d') in 0.019779 seconds 
========================================================================
Received Import Request.
  Time since last request: 0.000019 seconds.
  path: Assets/PandazoleHome/Models/Prop_Wall_05.fbx
  artifactKey: Guid(f4c49dc53fd2315459604e0fbac4e433) Importer(815301076,1909f56bfc062723c751e8b465ee728b)
Start importing Assets/PandazoleHome/Models/Prop_Wall_05.fbx using Guid(f4c49dc53fd2315459604e0fbac4e433) Importer(815301076,1909f56bfc062723c751e8b465ee728b)  -> (artifact id: '78d22089d91e5dd709c25e5cb7a91ae1') in 0.017146 seconds 
========================================================================
Received Import Request.
  Time since last request: 0.020043 seconds.
  path: Assets/PandazoleHome/Models/Prop_Wardrobe_02.fbx
  artifactKey: Guid(44e0938636b989f40ab081cfb84ed115) Importer(815301076,1909f56bfc062723c751e8b465ee728b)
Start importing Assets/PandazoleHome/Models/Prop_Wardrobe_02.fbx using Guid(44e0938636b989f40ab081cfb84ed115) Importer(815301076,1909f56bfc062723c751e8b465ee728b)  -> (artifact id: '0288066a19deb63ee53b9c6c9454e6cf') in 0.032189 seconds 
========================================================================
Received Import Request.
  Time since last request: 0.000021 seconds.
  path: Assets/PandazoleHome/Models/Prop_Wardrobe_03.fbx
  artifactKey: Guid(f0fdac78d967217428a4c9f9c749d182) Importer(815301076,1909f56bfc062723c751e8b465ee728b)
Start importing Assets/PandazoleHome/Models/Prop_Wardrobe_03.fbx using Guid(f0fdac78d967217428a4c9f9c749d182) Importer(815301076,1909f56bfc062723c751e8b465ee728b)  -> (artifact id: '3b319362b692e90d0af0d37b00898f3e') in 0.032953 seconds 
Editor requested this worker to shutdown with reason: Scaling down because of idle timeout
AssetImportWorker is now disconnected from the server
Process exiting
Exiting without the bug reporter. Application will terminate with return code 0